#
# A fatal error has been detected by the Java Runtime Environment:
#
#  EXCEPTION_ACCESS_VIOLATION (0xc0000005) at pc=0x00007ffe6fb3c53a, pid=28008, tid=63588
#
# JRE version: Java(TM) SE Runtime Environment (19.0.2+7) (build 19.0.2+7-44)
# Java VM: Java HotSpot(TM) 64-Bit Server VM (19.0.2+7-44, mixed mode, sharing, tiered, compressed oops, compressed class ptrs, g1 gc, windows-amd64)
# Problematic frame:
# C  [lwjgl_opengl.dll+0xc53a]
#
# No core dump will be written. Minidumps are not enabled by default on client versions of Windows
#
# If you would like to submit a bug report, please visit:
#   https://bugreport.java.com/bugreport/crash.jsp
# The crash happened outside the Java Virtual Machine in native code.
# See problematic frame for where to report the bug.
#

---------------  S U M M A R Y ------------

Command Line: -javaagent:C:\Users\bkmcm\AppData\Local\JetBrains\IntelliJ IDEA Community Edition 2022.3.1\lib\idea_rt.jar=52071:C:\Users\bkmcm\AppData\Local\JetBrains\IntelliJ IDEA Community Edition 2022.3.1\bin -Dfile.encoding=UTF-8 -Dsun.stdout.encoding=UTF-8 -Dsun.stderr.encoding=UTF-8 com.thatsoulzguy.minecraft.Minecraft

Host: 12th Gen Intel(R) Core(TM) i9-12900K, 24 cores, 127G,  Windows 11 , 64 bit Build 22621 (10.0.22621.2070)
Time: Fri Sep  8 21:38:47 2023 Central Daylight Time elapsed time: 0.424997 seconds (0d 0h 0m 0s)

---------------  T H R E A D  ---------------

Current thread (0x0000025669457950):  JavaThread "mainThread" [_thread_in_native, id=63588, stack(0x000000eee1800000,0x000000eee1900000)]

Stack: [0x000000eee1800000,0x000000eee1900000],  sp=0x000000eee18ff178,  free space=1020k
Native frames: (J=compiled Java code, j=interpreted, Vv=VM code, C=native code)
C  [lwjgl_opengl.dll+0xc53a]

Java frames: (J=compiled Java code, j=interpreted, Vv=VM code)
j  org.lwjgl.opengl.GL11C.glEnable(I)V+0
j  org.lwjgl.opengl.GL11.glEnable(I)V+1
j  com.thatsoulzguy.minecraft.core.Window.GenerateWindow(Lorg/joml/Vector2i;Ljava/lang/String;)V+251
j  com.thatsoulzguy.minecraft.Minecraft.MainThread_init()V+43
j  com.thatsoulzguy.minecraft.Minecraft.run()V+1
j  java.lang.Thread.run()V+13 java.base@19.0.2
v  ~StubRoutines::call_stub 0x0000025612c1100e

siginfo: EXCEPTION_ACCESS_VIOLATION (0xc0000005), reading address 0x0000000000000000


Registers:
RAX=0x000002566982a500, RBX=0x000002566597a9a0, RCX=0x0000000000000b71, RDX=0x0000000000000000
RSP=0x000000eee18ff178, RBP=0x000000eee18ff1f8, RSI=0x000002566561a090, RDI=0x0000025612c2b796
R8 =0x0000000000000b71, R9 =0x0000000000000004, R10=0x0000025612c2f92e, R11=0x000000011e8a5400
R12=0x0000000000000000, R13=0x000002566597a998, R14=0x000000eee18ff218, R15=0x0000025669457950
RIP=0x00007ffe6fb3c53a, EFLAGS=0x0000000000010206


Register to memory mapping:

RIP=0x00007ffe6fb3c53a lwjgl_opengl.dll
RAX=0x000002566982a500 points into unknown readable memory: 0x0000000000000000 | 00 00 00 00 00 00 00 00
RBX={method} {0x000002566597a9a8} 'glEnable' '(I)V' in 'org/lwjgl/opengl/GL11C'
RCX=0x0000000000000b71 is an unknown value
RDX=0x0 is NULL
RSP=0x000000eee18ff178 is pointing into the stack for thread: 0x0000025669457950
RBP=0x000000eee18ff1f8 is pointing into the stack for thread: 0x0000025669457950
RSI=0x000002566561a090 is pointing into metadata
RDI=0x0000025612c2b796 is at code_begin+1110 in an Interpreter codelet
return entry points  [0x0000025612c2b340, 0x0000025612c2be20]  2784 bytes
R8 =0x0000000000000b71 is an unknown value
R9 =0x0000000000000004 is an unknown value
R10=0x0000025612c2f92e is at code_begin+1006 in an Interpreter codelet
method entry point (kind = native)  [0x0000025612c2f540, 0x0000025612c30050]  2832 bytes
R11=0x000000011e8a5400 is an oop: java.lang.Class 
{0x000000011e8a5400} - klass: 'java/lang/Class'
 - ---- fields (total size 116 words):
 - private volatile transient 'classRedefinedCount' 'I' @12  0
 - abstract internal 'klass' 'J' @16  34376665568 (10249e0 8)
 - abstract internal 'array_klass' 'J' @24  0 (0 0)
 - abstract internal 'oop_size' 'I' @32  116 (74)
 - abstract internal 'static_oop_field_count' 'I' @36  0
 - private volatile transient 'cachedConstructor' 'Ljava/lang/reflect/Constructor;' @40  NULL (0)
 - private transient 'name' 'Ljava/lang/String;' @44  "org.lwjgl.opengl.GL11C"{0x000000011e8a57b0} (23d14af6)
 - private transient 'module' 'Ljava/lang/Module;' @48  a 'java/lang/Module'{0x000000011f06ec40} (23e0dd88)
 - private final 'classLoader' 'Ljava/lang/ClassLoader;' @52  a 'jdk/internal/loader/ClassLoaders$AppClassLoader'{0x000000011f06ea80} (23e0dd50)
 - private transient 'classData' 'Ljava/lang/Object;' @56  NULL (0)
 - private transient 'packageName' 'Ljava/lang/String;' @60  "org.lwjgl.opengl"{0x000000011e806e60} (23d00dcc)
 - private final 'componentType' 'Ljava/lang/Class;' @64  NULL (0)
 - private volatile transient 'reflectionData' 'Ljava/lang/ref/SoftReference;' @68  NULL (0)
 - private volatile transient 'genericInfo' 'Lsun/reflect/generics/repository/ClassRepository;' @72  NULL (0)
 - private volatile transient 'enumConstants' '[Ljava/lang/Object;' @76  NULL (0)
 - private volatile transient 'enumConstantDirectory' 'Ljava/util/Map;' @80  NULL (0)
 - private volatile transient 'annotationData' 'Ljava/lang/Class$AnnotationData;' @84  NULL (0)
 - private volatile transient 'annotationType' 'Lsun/reflect/annotation/AnnotationType;' @88  NULL (0)
 - transient 'classValueMap' 'Ljava/lang/ClassValue$ClassValueMap;' @92  NULL (0)
 - abstract internal 'protection_domain' 'Ljava/lang/Object;' @96  a 'java/security/ProtectionDomain'{0x000000011e8468a8} (23d08d15)
 - abstract internal 'signers_name' 'Ljava/lang/Object;' @100  NULL (0)
 - abstract internal 'source_file' 'Ljava/lang/Object;' @104  NULL (0)
 - signature: Lorg/lwjgl/opengl/GL11C;
 - ---- static fields (0):
 - public static final 'GL_NEVER' 'I' @112  512 (200)
 - public static final 'GL_LESS' 'I' @116  513 (201)
 - public static final 'GL_EQUAL' 'I' @120  514 (202)
 - public static final 'GL_LEQUAL' 'I' @124  515 (203)
 - public static final 'GL_GREATER' 'I' @128  516 (204)
 - public static final 'GL_NOTEQUAL' 'I' @132  517 (205)
 - public static final 'GL_GEQUAL' 'I' @136  518 (206)
 - public static final 'GL_ALWAYS' 'I' @140  519 (207)
 - public static final 'GL_DEPTH_BUFFER_BIT' 'I' @144  256 (100)
 - public static final 'GL_STENCIL_BUFFER_BIT' 'I' @148  1024 (400)
 - public static final 'GL_COLOR_BUFFER_BIT' 'I' @152  16384 (4000)
 - public static final 'GL_POINTS' 'I' @156  0
 - public static final 'GL_LINES' 'I' @160  1
 - public static final 'GL_LINE_LOOP' 'I' @164  2
 - public static final 'GL_LINE_STRIP' 'I' @168  3
 - public static final 'GL_TRIANGLES' 'I' @172  4
 - public static final 'GL_TRIANGLE_STRIP' 'I' @176  5
 - public static final 'GL_TRIANGLE_FAN' 'I' @180  6
 - public static final 'GL_QUADS' 'I' @184  7
 - public static final 'GL_ZERO' 'I' @188  0
 - public static final 'GL_ONE' 'I' @192  1
 - public static final 'GL_SRC_COLOR' 'I' @196  768 (300)
 - public static final 'GL_ONE_MINUS_SRC_COLOR' 'I' @200  769 (301)
 - public static final 'GL_SRC_ALPHA' 'I' @204  770 (302)
 - public static final 'GL_ONE_MINUS_SRC_ALPHA' 'I' @208  771 (303)
 - public static final 'GL_DST_ALPHA' 'I' @212  772 (304)
 - public static final 'GL_ONE_MINUS_DST_ALPHA' 'I' @216  773 (305)
 - public static final 'GL_DST_COLOR' 'I' @220  774 (306)
 - public static final 'GL_ONE_MINUS_DST_COLOR' 'I' @224  775 (307)
 - public static final 'GL_SRC_ALPHA_SATURATE' 'I' @228  776 (308)
 - public static final 'GL_TRUE' 'I' @232  1
 - public static final 'GL_FALSE' 'I' @236  0
 - public static final 'GL_BYTE' 'I' @240  5120 (1400)
 - public static final 'GL_UNSIGNED_BYTE' 'I' @244  5121 (1401)
 - public static final 'GL_SHORT' 'I' @248  5122 (1402)
 - public static final 'GL_UNSIGNED_SHORT' 'I' @252  5123 (1403)
 - public static final 'GL_INT' 'I' @256  5124 (1404)
 - public static final 'GL_UNSIGNED_INT' 'I' @260  5125 (1405)
 - public static final 'GL_FLOAT' 'I' @264  5126 (1406)
 - public static final 'GL_DOUBLE' 'I' @268  5130 (140a)
 - public static final 'GL_NONE' 'I' @272  0
 - public static final 'GL_FRONT_LEFT' 'I' @276  1024 (400)
 - public static final 'GL_FRONT_RIGHT' 'I' @280  1025 (401)
 - public static final 'GL_BACK_LEFT' 'I' @284  1026 (402)
 - public static final 'GL_BACK_RIGHT' 'I' @288  1027 (403)
 - public static final 'GL_FRONT' 'I' @292  1028 (404)
 - public static final 'GL_BACK' 'I' @296  1029 (405)
 - public static final 'GL_LEFT' 'I' @300  1030 (406)
 - public static final 'GL_RIGHT' 'I' @304  1031 (407)
 - public static final 'GL_FRONT_AND_BACK' 'I' @308  1032 (408)
 - public static final 'GL_NO_ERROR' 'I' @312  0
 - public static final 'GL_INVALID_ENUM' 'I' @316  1280 (500)
 - public static final 'GL_INVALID_VALUE' 'I' @320  1281 (501)
 - public static final 'GL_INVALID_OPERATION' 'I' @324  1282 (502)
 - public static final 'GL_STACK_OVERFLOW' 'I' @328  1283 (503)
 - public static final 'GL_STACK_UNDERFLOW' 'I' @332  1284 (504)
 - public static final 'GL_OUT_OF_MEMORY' 'I' @336  1285 (505)
 - public static final 'GL_CW' 'I' @340  2304 (900)
 - public static final 'GL_CCW' 'I' @344  2305 (901)
 - public static final 'GL_POINT_SIZE' 'I' @348  2833 (b11)
 - public static final 'GL_POINT_SIZE_RANGE' 'I' @352  2834 (b12)
 - public static final 'GL_POINT_SIZE_GRANULARITY' 'I' @356  2835 (b13)
 - public static final 'GL_LINE_SMOOTH' 'I' @360  2848 (b20)
 - public static final 'GL_LINE_WIDTH' 'I' @364  2849 (b21)
 - public static final 'GL_LINE_WIDTH_RANGE' 'I' @368  2850 (b22)
 - public static final 'GL_LINE_WIDTH_GRANULARITY' 'I' @372  2851 (b23)
 - public static final 'GL_POLYGON_MODE' 'I' @376  2880 (b40)
 - public static final 'GL_POLYGON_SMOOTH' 'I' @380  2881 (b41)
 - public static final 'GL_CULL_FACE' 'I' @384  2884 (b44)
 - public static final 'GL_CULL_FACE_MODE' 'I' @388  2885 (b45)
 - public static final 'GL_FRONT_FACE' 'I' @392  2886 (b46)
 - public static final 'GL_DEPTH_RANGE' 'I' @396  2928 (b70)
 - public static final 'GL_DEPTH_TEST' 'I' @400  2929 (b71)
 - public static final 'GL_DEPTH_WRITEMASK' 'I' @404  2930 (b72)
 - public static final 'GL_DEPTH_CLEAR_VALUE' 'I' @408  2931 (b73)
 - public static final 'GL_DEPTH_FUNC' 'I' @412  2932 (b74)
 - public static final 'GL_STENCIL_TEST' 'I' @416  2960 (b90)
 - public static final 'GL_STENCIL_CLEAR_VALUE' 'I' @420  2961 (b91)
 - public static final 'GL_STENCIL_FUNC' 'I' @424  2962 (b92)
 - public static final 'GL_STENCIL_VALUE_MASK' 'I' @428  2963 (b93)
 - public static final 'GL_STENCIL_FAIL' 'I' @432  2964 (b94)
 - public static final 'GL_STENCIL_PASS_DEPTH_FAIL' 'I' @436  2965 (b95)
 - public static final 'GL_STENCIL_PASS_DEPTH_PASS' 'I' @440  2966 (b96)
 - public static final 'GL_STENCIL_REF' 'I' @444  2967 (b97)
 - public static final 'GL_STENCIL_WRITEMASK' 'I' @448  2968 (b98)
 - public static final 'GL_VIEWPORT' 'I' @452  2978 (ba2)
 - public static final 'GL_DITHER' 'I' @456  3024 (bd0)
 - public static final 'GL_BLEND_DST' 'I' @460  3040 (be0)
 - public static final 'GL_BLEND_SRC' 'I' @464  3041 (be1)
 - public static final 'GL_BLEND' 'I' @468  3042 (be2)
 - public static final 'GL_LOGIC_OP_MODE' 'I' @472  3056 (bf0)
 - public static final 'GL_COLOR_LOGIC_OP' 'I' @476  3058 (bf2)
 - public static final 'GL_DRAW_BUFFER' 'I' @480  3073 (c01)
 - public static final 'GL_READ_BUFFER' 'I' @484  3074 (c02)
 - public static final 'GL_SCISSOR_BOX' 'I' @488  3088 (c10)
 - public static final 'GL_SCISSOR_TEST' 'I' @492  3089 (c11)
 - public static final 'GL_COLOR_CLEAR_VALUE' 'I' @496  3106 (c22)
 - public static final 'GL_COLOR_WRITEMASK' 'I' @500  3107 (c23)
 - public static final 'GL_DOUBLEBUFFER' 'I' @504  3122 (c32)
 - public static final 'GL_STEREO' 'I' @508  3123 (c33)
 - public static final 'GL_LINE_SMOOTH_HINT' 'I' @512  3154 (c52)
 - public static final 'GL_POLYGON_SMOOTH_HINT' 'I' @516  3155 (c53)
 - public static final 'GL_UNPACK_SWAP_BYTES' 'I' @520  3312 (cf0)
 - public static final 'GL_UNPACK_LSB_FIRST' 'I' @524  3313 (cf1)
 - public static final 'GL_UNPACK_ROW_LENGTH' 'I' @528  3314 (cf2)
 - public static final 'GL_UNPACK_SKIP_ROWS' 'I' @532  3315 (cf3)
 - public static final 'GL_UNPACK_SKIP_PIXELS' 'I' @536  3316 (cf4)
 - public static final 'GL_UNPACK_ALIGNMENT' 'I' @540  3317 (cf5)
 - public static final 'GL_PACK_SWAP_BYTES' 'I' @544  3328 (d00)
 - public static final 'GL_PACK_LSB_FIRST' 'I' @548  3329 (d01)
 - public static final 'GL_PACK_ROW_LENGTH' 'I' @552  3330 (d02)
 - public static final 'GL_PACK_SKIP_ROWS' 'I' @556  3331 (d03)
 - public static final 'GL_PACK_SKIP_PIXELS' 'I' @560  3332 (d04)
 - public static final 'GL_PACK_ALIGNMENT' 'I' @564  3333 (d05)
 - public static final 'GL_MAX_TEXTURE_SIZE' 'I' @568  3379 (d33)
 - public static final 'GL_MAX_VIEWPORT_DIMS' 'I' @572  3386 (d3a)
 - public static final 'GL_SUBPIXEL_BITS' 'I' @576  3408 (d50)
 - public static final 'GL_TEXTURE_1D' 'I' @580  3552 (de0)
 - public static final 'GL_TEXTURE_2D' 'I' @584  3553 (de1)
 - public static final 'GL_TEXTURE_WIDTH' 'I' @588  4096 (1000)
 - public static final 'GL_TEXTURE_HEIGHT' 'I' @592  4097 (1001)
 - public static final 'GL_TEXTURE_INTERNAL_FORMAT' 'I' @596  4099 (1003)
 - public static final 'GL_TEXTURE_BORDER_COLOR' 'I' @600  4100 (1004)
 - public static final 'GL_DONT_CARE' 'I' @604  4352 (1100)
 - public static final 'GL_FASTEST' 'I' @608  4353 (1101)
 - public static final 'GL_NICEST' 'I' @612  4354 (1102)
 - public static final 'GL_CLEAR' 'I' @616  5376 (1500)
 - public static final 'GL_AND' 'I' @620  5377 (1501)
 - public static final 'GL_AND_REVERSE' 'I' @624  5378 (1502)
 - public static final 'GL_COPY' 'I' @628  5379 (1503)
 - public static final 'GL_AND_INVERTED' 'I' @632  5380 (1504)
 - public static final 'GL_NOOP' 'I' @636  5381 (1505)
 - public static final 'GL_XOR' 'I' @640  5382 (1506)
 - public static final 'GL_OR' 'I' @644  5383 (1507)
 - public static final 'GL_NOR' 'I' @648  5384 (1508)
 - public static final 'GL_EQUIV' 'I' @652  5385 (1509)
 - public static final 'GL_INVERT' 'I' @656  5386 (150a)
 - public static final 'GL_OR_REVERSE' 'I' @660  5387 (150b)
 - public static final 'GL_COPY_INVERTED' 'I' @664  5388 (150c)
 - public static final 'GL_OR_INVERTED' 'I' @668  5389 (150d)
 - public static final 'GL_NAND' 'I' @672  5390 (150e)
 - public static final 'GL_SET' 'I' @676  5391 (150f)
 - public static final 'GL_TEXTURE' 'I' @680  5890 (1702)
 - public static final 'GL_COLOR' 'I' @684  6144 (1800)
 - public static final 'GL_DEPTH' 'I' @688  6145 (1801)
 - public static final 'GL_STENCIL' 'I' @692  6146 (1802)
 - public static final 'GL_STENCIL_INDEX' 'I' @696  6401 (1901)
 - public static final 'GL_DEPTH_COMPONENT' 'I' @700  6402 (1902)
 - public static final 'GL_RED' 'I' @704  6403 (1903)
 - public static final 'GL_GREEN' 'I' @708  6404 (1904)
 - public static final 'GL_BLUE' 'I' @712  6405 (1905)
 - public static final 'GL_ALPHA' 'I' @716  6406 (1906)
 - public static final 'GL_RGB' 'I' @720  6407 (1907)
 - public static final 'GL_RGBA' 'I' @724  6408 (1908)
 - public static final 'GL_POINT' 'I' @728  6912 (1b00)
 - public static final 'GL_LINE' 'I' @732  6913 (1b01)
 - public static final 'GL_FILL' 'I' @736  6914 (1b02)
 - public static final 'GL_KEEP' 'I' @740  7680 (1e00)
 - public static final 'GL_REPLACE' 'I' @744  7681 (1e01)
 - public static final 'GL_INCR' 'I' @748  7682 (1e02)
 - public static final 'GL_DECR' 'I' @752  7683 (1e03)
 - public static final 'GL_VENDOR' 'I' @756  7936 (1f00)
 - public static final 'GL_RENDERER' 'I' @760  7937 (1f01)
 - public static final 'GL_VERSION' 'I' @764  7938 (1f02)
 - public static final 'GL_EXTENSIONS' 'I' @768  7939 (1f03)
 - public static final 'GL_NEAREST' 'I' @772  9728 (2600)
 - public static final 'GL_LINEAR' 'I' @776  9729 (2601)
 - public static final 'GL_NEAREST_MIPMAP_NEAREST' 'I' @780  9984 (2700)
 - public static final 'GL_LINEAR_MIPMAP_NEAREST' 'I' @784  9985 (2701)
 - public static final 'GL_NEAREST_MIPMAP_LINEAR' 'I' @788  9986 (2702)
 - public static final 'GL_LINEAR_MIPMAP_LINEAR' 'I' @792  9987 (2703)
 - public static final 'GL_TEXTURE_MAG_FILTER' 'I' @796  10240 (2800)
 - public static final 'GL_TEXTURE_MIN_FILTER' 'I' @800  10241 (2801)
 - public static final 'GL_TEXTURE_WRAP_S' 'I' @804  10242 (2802)
 - public static final 'GL_TEXTURE_WRAP_T' 'I' @808  10243 (2803)
 - public static final 'GL_REPEAT' 'I' @812  10497 (2901)
 - public static final 'GL_POLYGON_OFFSET_FACTOR' 'I' @816  32824 (8038)
 - public static final 'GL_POLYGON_OFFSET_UNITS' 'I' @820  10752 (2a00)
 - public static final 'GL_POLYGON_OFFSET_POINT' 'I' @824  10753 (2a01)
 - public static final 'GL_POLYGON_OFFSET_LINE' 'I' @828  10754 (2a02)
 - public static final 'GL_POLYGON_OFFSET_FILL' 'I' @832  32823 (8037)
 - public static final 'GL_R3_G3_B2' 'I' @836  10768 (2a10)
 - public static final 'GL_RGB4' 'I' @840  32847 (804f)
 - public static final 'GL_RGB5' 'I' @844  32848 (8050)
 - public static final 'GL_RGB8' 'I' @848  32849 (8051)
 - public static final 'GL_RGB10' 'I' @852  32850 (8052)
 - public static final 'GL_RGB12' 'I' @856  32851 (8053)
 - public static final 'GL_RGB16' 'I' @860  32852 (8054)
 - public static final 'GL_RGBA2' 'I' @864  32853 (8055)
 - public static final 'GL_RGBA4' 'I' @868  32854 (8056)
 - public static final 'GL_RGB5_A1' 'I' @872  32855 (8057)
 - public static final 'GL_RGBA8' 'I' @876  32856 (8058)
 - public static final 'GL_RGB10_A2' 'I' @880  32857 (8059)
 - public static final 'GL_RGBA12' 'I' @884  32858 (805a)
 - public static final 'GL_RGBA16' 'I' @888  32859 (805b)
 - public static final 'GL_TEXTURE_RED_SIZE' 'I' @892  32860 (805c)
 - public static final 'GL_TEXTURE_GREEN_SIZE' 'I' @896  32861 (805d)
 - public static final 'GL_TEXTURE_BLUE_SIZE' 'I' @900  32862 (805e)
 - public static final 'GL_TEXTURE_ALPHA_SIZE' 'I' @904  32863 (805f)
 - public static final 'GL_PROXY_TEXTURE_1D' 'I' @908  32867 (8063)
 - public static final 'GL_PROXY_TEXTURE_2D' 'I' @912  32868 (8064)
 - public static final 'GL_TEXTURE_BINDING_1D' 'I' @916  32872 (8068)
 - public static final 'GL_TEXTURE_BINDING_2D' 'I' @920  32873 (8069)
 - public static final 'GL_VERTEX_ARRAY' 'I' @924  32884 (8074)
R12=0x0 is NULL
R13=0x000002566597a998 is pointing into metadata
R14=0x000000eee18ff218 is pointing into the stack for thread: 0x0000025669457950
R15=0x0000025669457950 is a thread


Top of Stack: (sp=0x000000eee18ff178)
0x000000eee18ff178:   0000025612c2f95d 000002566597a9a0
0x000000eee18ff188:   000002566561a090 000002566593dbf8
0x000000eee18ff198:   0000025669457950 0000025669457950
0x000000eee18ff1a8:   0000025612c2f5f6 000000eee18ff1b0
0x000000eee18ff1b8:   000002566597a998 000000eee18ff218
0x000000eee18ff1c8:   0000025665984458 0000000000000000
0x000000eee18ff1d8:   000000011e8a5400 000002566597a9a0
0x000000eee18ff1e8:   0000000000000000 000000eee18ff218
0x000000eee18ff1f8:   000000eee18ff268 0000025612c2b796
0x000000eee18ff208:   000000011e8a5400 0000025612c2d197
0x000000eee18ff218:   0000000000000b71 000000eee18ff220
0x000000eee18ff228:   000002566593dbd1 000000eee18ff278
0x000000eee18ff238:   00000256659695f8 0000000000000000
0x000000eee18ff248:   000000011e846a88 000002566593dbf8
0x000000eee18ff258:   000000eee18ff218 000000eee18ff278
0x000000eee18ff268:   000000eee18ff2c8 0000025612c2b796 

Instructions: (pc=0x00007ffe6fb3c53a)
0x00007ffe6fb3c43a:   44 24 30 41 8b d1 44 8b 4c 24 38 8b cb 4c 8b 50
0x00007ffe6fb3c44a:   18 5b 49 ff a2 40 0a 00 00 cc cc cc cc cc cc cc
0x00007ffe6fb3c45a:   cc cc cc cc cc cc 48 8b 01 0f 28 cb f2 0f 10 5c
0x00007ffe6fb3c46a:   24 30 0f 28 c2 f2 0f 10 54 24 28 48 8b 48 18 48
0x00007ffe6fb3c47a:   ff a1 48 0a 00 00 48 8b 01 49 8b c8 48 8b 50 18
0x00007ffe6fb3c48a:   48 ff a2 50 0a 00 00 cc cc cc cc cc cc cc cc cc
0x00007ffe6fb3c49a:   cc cc cc cc cc cc 48 8b 01 49 8b c8 48 8b 50 18
0x00007ffe6fb3c4aa:   48 ff a2 58 0a 00 00 cc cc cc cc cc cc cc cc cc
0x00007ffe6fb3c4ba:   cc cc cc cc cc cc 48 8b 01 49 8b c8 48 8b 50 18
0x00007ffe6fb3c4ca:   48 ff a2 60 0a 00 00 cc cc cc cc cc cc cc cc cc
0x00007ffe6fb3c4da:   cc cc cc cc cc cc 48 8b 01 49 8b c8 48 8b 50 18
0x00007ffe6fb3c4ea:   48 ff a2 68 0a 00 00 cc cc cc cc cc cc cc cc cc
0x00007ffe6fb3c4fa:   cc cc cc cc cc cc 40 53 48 8b 01 41 8b d8 44 8b
0x00007ffe6fb3c50a:   44 24 30 41 8b d1 4c 8b 4c 24 38 8b cb 4c 8b 50
0x00007ffe6fb3c51a:   18 5b 49 ff a2 70 0a 00 00 cc cc cc cc cc cc cc
0x00007ffe6fb3c52a:   cc cc cc cc cc cc 48 8b 01 41 8b c8 48 8b 50 18
0x00007ffe6fb3c53a:   48 ff 22 cc cc cc 48 8b 01 41 8b c8 48 8b 50 18
0x00007ffe6fb3c54a:   48 ff 62 08 cc cc 48 8b 01 41 8b d1 41 8b c8 4c
0x00007ffe6fb3c55a:   8b 50 18 49 ff 62 38 cc cc cc cc cc cc cc cc cc
0x00007ffe6fb3c56a:   cc cc cc cc cc cc 48 8b 01 41 8b d1 41 8b c8 4c
0x00007ffe6fb3c57a:   8b 50 18 49 ff 62 48 cc cc cc cc cc cc cc cc cc
0x00007ffe6fb3c58a:   cc cc cc cc cc cc 48 8b 01 41 8b c8 48 8b 50 18
0x00007ffe6fb3c59a:   48 ff 62 60 cc cc 48 8b 01 0f 28 cb f3 0f 10 5c
0x00007ffe6fb3c5aa:   24 30 0f 28 c2 f3 0f 10 54 24 28 48 8b 48 18 48
0x00007ffe6fb3c5ba:   ff 61 70 cc cc cc 48 8b 01 0f 28 c2 48 8b 48 18
0x00007ffe6fb3c5ca:   48 ff 61 78 cc cc 48 8b 01 41 8b c8 48 8b 50 18
0x00007ffe6fb3c5da:   48 ff a2 88 00 00 00 cc cc cc cc cc cc cc cc cc
0x00007ffe6fb3c5ea:   cc cc cc cc cc cc 40 53 48 8b 01 41 0f b6 d8 44
0x00007ffe6fb3c5fa:   0f b6 44 24 30 41 0f b6 d1 44 0f b6 4c 24 38 0f
0x00007ffe6fb3c60a:   b6 cb 4c 8b 50 18 5b 49 ff a2 98 01 00 00 cc cc
0x00007ffe6fb3c61a:   cc cc cc cc cc cc 48 8b 01 41 8b c8 48 8b 50 18
0x00007ffe6fb3c62a:   48 ff a2 b8 01 00 00 cc cc cc cc cc cc cc cc cc 


Stack slot to memory mapping:
stack at sp + 0 slots: 0x0000025612c2f95d is at code_begin+1053 in an Interpreter codelet
method entry point (kind = native)  [0x0000025612c2f540, 0x0000025612c30050]  2832 bytes
stack at sp + 1 slots: {method} {0x000002566597a9a8} 'glEnable' '(I)V' in 'org/lwjgl/opengl/GL11C'
stack at sp + 2 slots: 0x000002566561a090 is pointing into metadata
stack at sp + 3 slots: {method} {0x000002566593dc00} 'glEnable' '(I)V' in 'org/lwjgl/opengl/GL11'
stack at sp + 4 slots: 0x0000025669457950 is a thread
stack at sp + 5 slots: 0x0000025669457950 is a thread
stack at sp + 6 slots: 0x0000025612c2f5f6 is at code_begin+182 in an Interpreter codelet
method entry point (kind = native)  [0x0000025612c2f540, 0x0000025612c30050]  2832 bytes
stack at sp + 7 slots: 0x000000eee18ff1b0 is pointing into the stack for thread: 0x0000025669457950


---------------  P R O C E S S  ---------------

Threads class SMR info:
_java_thread_list=0x0000025669bf3050, length=17, elements={
0x0000025664df1460, 0x0000025664df1f30, 0x0000025664df4d70, 0x0000025664df76b0,
0x0000025664df8180, 0x0000025664df8c50, 0x0000025664df9a50, 0x0000025664e00270,
0x0000025664e1d670, 0x0000025664dbe990, 0x0000025664f2f010, 0x0000025664f319b0,
0x0000025664f447f0, 0x0000025669569810, 0x0000025669569d50, 0x0000025669457950,
0x000002560385f090
}

Java Threads: ( => current thread )
  0x0000025664df1460 JavaThread "Reference Handler" daemon [_thread_blocked, id=61964, stack(0x000000eee0700000,0x000000eee0800000)]
  0x0000025664df1f30 JavaThread "Finalizer" daemon [_thread_blocked, id=68160, stack(0x000000eee0800000,0x000000eee0900000)]
  0x0000025664df4d70 JavaThread "Signal Dispatcher" daemon [_thread_blocked, id=68112, stack(0x000000eee0900000,0x000000eee0a00000)]
  0x0000025664df76b0 JavaThread "Attach Listener" daemon [_thread_blocked, id=68108, stack(0x000000eee0a00000,0x000000eee0b00000)]
  0x0000025664df8180 JavaThread "Service Thread" daemon [_thread_blocked, id=71836, stack(0x000000eee0b00000,0x000000eee0c00000)]
  0x0000025664df8c50 JavaThread "Monitor Deflation Thread" daemon [_thread_blocked, id=47928, stack(0x000000eee0c00000,0x000000eee0d00000)]
  0x0000025664df9a50 JavaThread "C2 CompilerThread0" daemon [_thread_blocked, id=49472, stack(0x000000eee0d00000,0x000000eee0e00000)]
  0x0000025664e00270 JavaThread "C1 CompilerThread0" daemon [_thread_blocked, id=65516, stack(0x000000eee0e00000,0x000000eee0f00000)]
  0x0000025664e1d670 JavaThread "Sweeper thread" daemon [_thread_blocked, id=66548, stack(0x000000eee0f00000,0x000000eee1000000)]
  0x0000025664dbe990 JavaThread "Common-Cleaner" daemon [_thread_blocked, id=69848, stack(0x000000eee1000000,0x000000eee1100000)]
  0x0000025664f2f010 JavaThread "C1 CompilerThread1" daemon [_thread_blocked, id=62116, stack(0x000000eee1100000,0x000000eee1200000)]
  0x0000025664f319b0 JavaThread "C1 CompilerThread2" daemon [_thread_blocked, id=33788, stack(0x000000eee1200000,0x000000eee1300000)]
  0x0000025664f447f0 JavaThread "C1 CompilerThread3" daemon [_thread_blocked, id=67772, stack(0x000000eee1300000,0x000000eee1400000)]
  0x0000025669569810 JavaThread "Monitor Ctrl-Break" daemon [_thread_in_native, id=69108, stack(0x000000eee1500000,0x000000eee1600000)]
  0x0000025669569d50 JavaThread "Notification Thread" daemon [_thread_blocked, id=69140, stack(0x000000eee1600000,0x000000eee1700000)]
=>0x0000025669457950 JavaThread "mainThread" [_thread_in_native, id=63588, stack(0x000000eee1800000,0x000000eee1900000)]
  0x000002560385f090 JavaThread "DestroyJavaVM" [_thread_blocked, id=44628, stack(0x000000eee0000000,0x000000eee0100000)]

Other Threads:
  0x00000256038824a0 VMThread "VM Thread" [stack: 0x000000eee0600000,0x000000eee0700000] [id=33120]
  0x000002566956e3d0 WatcherThread "VM Periodic Task Thread" [stack: 0x000000eee1700000,0x000000eee1800000] [id=68844]
  0x0000025603882a40 WorkerThread "GC Thread#0" [stack: 0x000000eee0100000,0x000000eee0200000] [id=71188]
  0x000002560391e530 ConcurrentGCThread "G1 Main Marker" [stack: 0x000000eee0200000,0x000000eee0300000] [id=72020]
  0x00000256038813c0 WorkerThread "G1 Conc#0" [stack: 0x000000eee0300000,0x000000eee0400000] [id=73160]
  0x000002561b779830 ConcurrentGCThread "G1 Refine#0" [stack: 0x000000eee0400000,0x000000eee0500000] [id=47460]
  0x000002561b77a370 ConcurrentGCThread "G1 Service" [stack: 0x000000eee0500000,0x000000eee0600000] [id=68132]

Threads with active compile tasks:

VM state: not at safepoint (normal execution)

VM Mutex/Monitor currently owned by a thread: None

Heap address: 0x00000000a0000000, size: 30208 MB, Compressed Oops mode: Zero based, Oop shift amount: 3

CDS archive(s) mapped at: [0x0000000800000000-0x0000000800c40000-0x0000000800c40000), size 12845056, SharedBaseAddress: 0x0000000800000000, ArchiveRelocationMode: 0.
Compressed class space mapped at: 0x0000000801000000-0x0000000841000000, reserved size: 1073741824
Narrow klass base: 0x0000000800000000, Narrow klass shift: 0, Narrow klass range: 0x100000000

GC Precious Log:
 CardTable entry size: 512
 Card Set container configuration: InlinePtr #cards 3 size 8 Array Of Cards #cards 128 size 272 Howl #buckets 8 coarsen threshold 29491 Howl Bitmap #cards 4096 size 528 coarsen threshold 3686 Card regions per heap region 1 cards per card region 32768
 CPUs: 24 total, 24 available
 Memory: 127G
 Large Page Support: Disabled
 NUMA Support: Disabled
 Compressed Oops: Enabled (Zero based)
 Heap Region Size: 16M
 Heap Min Capacity: 16M
 Heap Initial Capacity: 2G
 Heap Max Capacity: 30208M
 Pre-touch: Disabled
 Parallel Workers: 18
 Concurrent Workers: 5
 Concurrent Refinement Workers: 18
 Periodic GC: Disabled

Heap:
 garbage-first heap   total 2097152K, used 16384K [0x00000000a0000000, 0x0000000800000000)
  region size 16384K, 2 young (32768K), 0 survivors (0K)
 Metaspace       used 4025K, committed 4224K, reserved 1114112K
  class space    used 294K, committed 384K, reserved 1048576K

Heap Regions: E=young(eden), S=young(survivor), O=old, HS=humongous(starts), HC=humongous(continues), CS=collection set, F=free, OA=open archive, CA=closed archive, TAMS=top-at-mark-start (previous, next)
|   0|0x00000000a0000000, 0x00000000a0000000, 0x00000000a1000000|  0%| F|  |TAMS 0x00000000a0000000, 0x00000000a0000000| Untracked 
|   1|0x00000000a1000000, 0x00000000a1000000, 0x00000000a2000000|  0%| F|  |TAMS 0x00000000a1000000, 0x00000000a1000000| Untracked 
|   2|0x00000000a2000000, 0x00000000a2000000, 0x00000000a3000000|  0%| F|  |TAMS 0x00000000a2000000, 0x00000000a2000000| Untracked 
|   3|0x00000000a3000000, 0x00000000a3000000, 0x00000000a4000000|  0%| F|  |TAMS 0x00000000a3000000, 0x00000000a3000000| Untracked 
|   4|0x00000000a4000000, 0x00000000a4000000, 0x00000000a5000000|  0%| F|  |TAMS 0x00000000a4000000, 0x00000000a4000000| Untracked 
|   5|0x00000000a5000000, 0x00000000a5000000, 0x00000000a6000000|  0%| F|  |TAMS 0x00000000a5000000, 0x00000000a5000000| Untracked 
|   6|0x00000000a6000000, 0x00000000a6000000, 0x00000000a7000000|  0%| F|  |TAMS 0x00000000a6000000, 0x00000000a6000000| Untracked 
|   7|0x00000000a7000000, 0x00000000a7000000, 0x00000000a8000000|  0%| F|  |TAMS 0x00000000a7000000, 0x00000000a7000000| Untracked 
|   8|0x00000000a8000000, 0x00000000a8000000, 0x00000000a9000000|  0%| F|  |TAMS 0x00000000a8000000, 0x00000000a8000000| Untracked 
|   9|0x00000000a9000000, 0x00000000a9000000, 0x00000000aa000000|  0%| F|  |TAMS 0x00000000a9000000, 0x00000000a9000000| Untracked 
|  10|0x00000000aa000000, 0x00000000aa000000, 0x00000000ab000000|  0%| F|  |TAMS 0x00000000aa000000, 0x00000000aa000000| Untracked 
|  11|0x00000000ab000000, 0x00000000ab000000, 0x00000000ac000000|  0%| F|  |TAMS 0x00000000ab000000, 0x00000000ab000000| Untracked 
|  12|0x00000000ac000000, 0x00000000ac000000, 0x00000000ad000000|  0%| F|  |TAMS 0x00000000ac000000, 0x00000000ac000000| Untracked 
|  13|0x00000000ad000000, 0x00000000ad000000, 0x00000000ae000000|  0%| F|  |TAMS 0x00000000ad000000, 0x00000000ad000000| Untracked 
|  14|0x00000000ae000000, 0x00000000ae000000, 0x00000000af000000|  0%| F|  |TAMS 0x00000000ae000000, 0x00000000ae000000| Untracked 
|  15|0x00000000af000000, 0x00000000af000000, 0x00000000b0000000|  0%| F|  |TAMS 0x00000000af000000, 0x00000000af000000| Untracked 
|  16|0x00000000b0000000, 0x00000000b0000000, 0x00000000b1000000|  0%| F|  |TAMS 0x00000000b0000000, 0x00000000b0000000| Untracked 
|  17|0x00000000b1000000, 0x00000000b1000000, 0x00000000b2000000|  0%| F|  |TAMS 0x00000000b1000000, 0x00000000b1000000| Untracked 
|  18|0x00000000b2000000, 0x00000000b2000000, 0x00000000b3000000|  0%| F|  |TAMS 0x00000000b2000000, 0x00000000b2000000| Untracked 
|  19|0x00000000b3000000, 0x00000000b3000000, 0x00000000b4000000|  0%| F|  |TAMS 0x00000000b3000000, 0x00000000b3000000| Untracked 
|  20|0x00000000b4000000, 0x00000000b4000000, 0x00000000b5000000|  0%| F|  |TAMS 0x00000000b4000000, 0x00000000b4000000| Untracked 
|  21|0x00000000b5000000, 0x00000000b5000000, 0x00000000b6000000|  0%| F|  |TAMS 0x00000000b5000000, 0x00000000b5000000| Untracked 
|  22|0x00000000b6000000, 0x00000000b6000000, 0x00000000b7000000|  0%| F|  |TAMS 0x00000000b6000000, 0x00000000b6000000| Untracked 
|  23|0x00000000b7000000, 0x00000000b7000000, 0x00000000b8000000|  0%| F|  |TAMS 0x00000000b7000000, 0x00000000b7000000| Untracked 
|  24|0x00000000b8000000, 0x00000000b8000000, 0x00000000b9000000|  0%| F|  |TAMS 0x00000000b8000000, 0x00000000b8000000| Untracked 
|  25|0x00000000b9000000, 0x00000000b9000000, 0x00000000ba000000|  0%| F|  |TAMS 0x00000000b9000000, 0x00000000b9000000| Untracked 
|  26|0x00000000ba000000, 0x00000000ba000000, 0x00000000bb000000|  0%| F|  |TAMS 0x00000000ba000000, 0x00000000ba000000| Untracked 
|  27|0x00000000bb000000, 0x00000000bb000000, 0x00000000bc000000|  0%| F|  |TAMS 0x00000000bb000000, 0x00000000bb000000| Untracked 
|  28|0x00000000bc000000, 0x00000000bc000000, 0x00000000bd000000|  0%| F|  |TAMS 0x00000000bc000000, 0x00000000bc000000| Untracked 
|  29|0x00000000bd000000, 0x00000000bd000000, 0x00000000be000000|  0%| F|  |TAMS 0x00000000bd000000, 0x00000000bd000000| Untracked 
|  30|0x00000000be000000, 0x00000000be000000, 0x00000000bf000000|  0%| F|  |TAMS 0x00000000be000000, 0x00000000be000000| Untracked 
|  31|0x00000000bf000000, 0x00000000bf000000, 0x00000000c0000000|  0%| F|  |TAMS 0x00000000bf000000, 0x00000000bf000000| Untracked 
|  32|0x00000000c0000000, 0x00000000c0000000, 0x00000000c1000000|  0%| F|  |TAMS 0x00000000c0000000, 0x00000000c0000000| Untracked 
|  33|0x00000000c1000000, 0x00000000c1000000, 0x00000000c2000000|  0%| F|  |TAMS 0x00000000c1000000, 0x00000000c1000000| Untracked 
|  34|0x00000000c2000000, 0x00000000c2000000, 0x00000000c3000000|  0%| F|  |TAMS 0x00000000c2000000, 0x00000000c2000000| Untracked 
|  35|0x00000000c3000000, 0x00000000c3000000, 0x00000000c4000000|  0%| F|  |TAMS 0x00000000c3000000, 0x00000000c3000000| Untracked 
|  36|0x00000000c4000000, 0x00000000c4000000, 0x00000000c5000000|  0%| F|  |TAMS 0x00000000c4000000, 0x00000000c4000000| Untracked 
|  37|0x00000000c5000000, 0x00000000c5000000, 0x00000000c6000000|  0%| F|  |TAMS 0x00000000c5000000, 0x00000000c5000000| Untracked 
|  38|0x00000000c6000000, 0x00000000c6000000, 0x00000000c7000000|  0%| F|  |TAMS 0x00000000c6000000, 0x00000000c6000000| Untracked 
|  39|0x00000000c7000000, 0x00000000c7000000, 0x00000000c8000000|  0%| F|  |TAMS 0x00000000c7000000, 0x00000000c7000000| Untracked 
|  40|0x00000000c8000000, 0x00000000c8000000, 0x00000000c9000000|  0%| F|  |TAMS 0x00000000c8000000, 0x00000000c8000000| Untracked 
|  41|0x00000000c9000000, 0x00000000c9000000, 0x00000000ca000000|  0%| F|  |TAMS 0x00000000c9000000, 0x00000000c9000000| Untracked 
|  42|0x00000000ca000000, 0x00000000ca000000, 0x00000000cb000000|  0%| F|  |TAMS 0x00000000ca000000, 0x00000000ca000000| Untracked 
|  43|0x00000000cb000000, 0x00000000cb000000, 0x00000000cc000000|  0%| F|  |TAMS 0x00000000cb000000, 0x00000000cb000000| Untracked 
|  44|0x00000000cc000000, 0x00000000cc000000, 0x00000000cd000000|  0%| F|  |TAMS 0x00000000cc000000, 0x00000000cc000000| Untracked 
|  45|0x00000000cd000000, 0x00000000cd000000, 0x00000000ce000000|  0%| F|  |TAMS 0x00000000cd000000, 0x00000000cd000000| Untracked 
|  46|0x00000000ce000000, 0x00000000ce000000, 0x00000000cf000000|  0%| F|  |TAMS 0x00000000ce000000, 0x00000000ce000000| Untracked 
|  47|0x00000000cf000000, 0x00000000cf000000, 0x00000000d0000000|  0%| F|  |TAMS 0x00000000cf000000, 0x00000000cf000000| Untracked 
|  48|0x00000000d0000000, 0x00000000d0000000, 0x00000000d1000000|  0%| F|  |TAMS 0x00000000d0000000, 0x00000000d0000000| Untracked 
|  49|0x00000000d1000000, 0x00000000d1000000, 0x00000000d2000000|  0%| F|  |TAMS 0x00000000d1000000, 0x00000000d1000000| Untracked 
|  50|0x00000000d2000000, 0x00000000d2000000, 0x00000000d3000000|  0%| F|  |TAMS 0x00000000d2000000, 0x00000000d2000000| Untracked 
|  51|0x00000000d3000000, 0x00000000d3000000, 0x00000000d4000000|  0%| F|  |TAMS 0x00000000d3000000, 0x00000000d3000000| Untracked 
|  52|0x00000000d4000000, 0x00000000d4000000, 0x00000000d5000000|  0%| F|  |TAMS 0x00000000d4000000, 0x00000000d4000000| Untracked 
|  53|0x00000000d5000000, 0x00000000d5000000, 0x00000000d6000000|  0%| F|  |TAMS 0x00000000d5000000, 0x00000000d5000000| Untracked 
|  54|0x00000000d6000000, 0x00000000d6000000, 0x00000000d7000000|  0%| F|  |TAMS 0x00000000d6000000, 0x00000000d6000000| Untracked 
|  55|0x00000000d7000000, 0x00000000d7000000, 0x00000000d8000000|  0%| F|  |TAMS 0x00000000d7000000, 0x00000000d7000000| Untracked 
|  56|0x00000000d8000000, 0x00000000d8000000, 0x00000000d9000000|  0%| F|  |TAMS 0x00000000d8000000, 0x00000000d8000000| Untracked 
|  57|0x00000000d9000000, 0x00000000d9000000, 0x00000000da000000|  0%| F|  |TAMS 0x00000000d9000000, 0x00000000d9000000| Untracked 
|  58|0x00000000da000000, 0x00000000da000000, 0x00000000db000000|  0%| F|  |TAMS 0x00000000da000000, 0x00000000da000000| Untracked 
|  59|0x00000000db000000, 0x00000000db000000, 0x00000000dc000000|  0%| F|  |TAMS 0x00000000db000000, 0x00000000db000000| Untracked 
|  60|0x00000000dc000000, 0x00000000dc000000, 0x00000000dd000000|  0%| F|  |TAMS 0x00000000dc000000, 0x00000000dc000000| Untracked 
|  61|0x00000000dd000000, 0x00000000dd000000, 0x00000000de000000|  0%| F|  |TAMS 0x00000000dd000000, 0x00000000dd000000| Untracked 
|  62|0x00000000de000000, 0x00000000de000000, 0x00000000df000000|  0%| F|  |TAMS 0x00000000de000000, 0x00000000de000000| Untracked 
|  63|0x00000000df000000, 0x00000000df000000, 0x00000000e0000000|  0%| F|  |TAMS 0x00000000df000000, 0x00000000df000000| Untracked 
|  64|0x00000000e0000000, 0x00000000e0000000, 0x00000000e1000000|  0%| F|  |TAMS 0x00000000e0000000, 0x00000000e0000000| Untracked 
|  65|0x00000000e1000000, 0x00000000e1000000, 0x00000000e2000000|  0%| F|  |TAMS 0x00000000e1000000, 0x00000000e1000000| Untracked 
|  66|0x00000000e2000000, 0x00000000e2000000, 0x00000000e3000000|  0%| F|  |TAMS 0x00000000e2000000, 0x00000000e2000000| Untracked 
|  67|0x00000000e3000000, 0x00000000e3000000, 0x00000000e4000000|  0%| F|  |TAMS 0x00000000e3000000, 0x00000000e3000000| Untracked 
|  68|0x00000000e4000000, 0x00000000e4000000, 0x00000000e5000000|  0%| F|  |TAMS 0x00000000e4000000, 0x00000000e4000000| Untracked 
|  69|0x00000000e5000000, 0x00000000e5000000, 0x00000000e6000000|  0%| F|  |TAMS 0x00000000e5000000, 0x00000000e5000000| Untracked 
|  70|0x00000000e6000000, 0x00000000e6000000, 0x00000000e7000000|  0%| F|  |TAMS 0x00000000e6000000, 0x00000000e6000000| Untracked 
|  71|0x00000000e7000000, 0x00000000e7000000, 0x00000000e8000000|  0%| F|  |TAMS 0x00000000e7000000, 0x00000000e7000000| Untracked 
|  72|0x00000000e8000000, 0x00000000e8000000, 0x00000000e9000000|  0%| F|  |TAMS 0x00000000e8000000, 0x00000000e8000000| Untracked 
|  73|0x00000000e9000000, 0x00000000e9000000, 0x00000000ea000000|  0%| F|  |TAMS 0x00000000e9000000, 0x00000000e9000000| Untracked 
|  74|0x00000000ea000000, 0x00000000ea000000, 0x00000000eb000000|  0%| F|  |TAMS 0x00000000ea000000, 0x00000000ea000000| Untracked 
|  75|0x00000000eb000000, 0x00000000eb000000, 0x00000000ec000000|  0%| F|  |TAMS 0x00000000eb000000, 0x00000000eb000000| Untracked 
|  76|0x00000000ec000000, 0x00000000ec000000, 0x00000000ed000000|  0%| F|  |TAMS 0x00000000ec000000, 0x00000000ec000000| Untracked 
|  77|0x00000000ed000000, 0x00000000ed000000, 0x00000000ee000000|  0%| F|  |TAMS 0x00000000ed000000, 0x00000000ed000000| Untracked 
|  78|0x00000000ee000000, 0x00000000ee000000, 0x00000000ef000000|  0%| F|  |TAMS 0x00000000ee000000, 0x00000000ee000000| Untracked 
|  79|0x00000000ef000000, 0x00000000ef000000, 0x00000000f0000000|  0%| F|  |TAMS 0x00000000ef000000, 0x00000000ef000000| Untracked 
|  80|0x00000000f0000000, 0x00000000f0000000, 0x00000000f1000000|  0%| F|  |TAMS 0x00000000f0000000, 0x00000000f0000000| Untracked 
|  81|0x00000000f1000000, 0x00000000f1000000, 0x00000000f2000000|  0%| F|  |TAMS 0x00000000f1000000, 0x00000000f1000000| Untracked 
|  82|0x00000000f2000000, 0x00000000f2000000, 0x00000000f3000000|  0%| F|  |TAMS 0x00000000f2000000, 0x00000000f2000000| Untracked 
|  83|0x00000000f3000000, 0x00000000f3000000, 0x00000000f4000000|  0%| F|  |TAMS 0x00000000f3000000, 0x00000000f3000000| Untracked 
|  84|0x00000000f4000000, 0x00000000f4000000, 0x00000000f5000000|  0%| F|  |TAMS 0x00000000f4000000, 0x00000000f4000000| Untracked 
|  85|0x00000000f5000000, 0x00000000f5000000, 0x00000000f6000000|  0%| F|  |TAMS 0x00000000f5000000, 0x00000000f5000000| Untracked 
|  86|0x00000000f6000000, 0x00000000f6000000, 0x00000000f7000000|  0%| F|  |TAMS 0x00000000f6000000, 0x00000000f6000000| Untracked 
|  87|0x00000000f7000000, 0x00000000f7000000, 0x00000000f8000000|  0%| F|  |TAMS 0x00000000f7000000, 0x00000000f7000000| Untracked 
|  88|0x00000000f8000000, 0x00000000f8000000, 0x00000000f9000000|  0%| F|  |TAMS 0x00000000f8000000, 0x00000000f8000000| Untracked 
|  89|0x00000000f9000000, 0x00000000f9000000, 0x00000000fa000000|  0%| F|  |TAMS 0x00000000f9000000, 0x00000000f9000000| Untracked 
|  90|0x00000000fa000000, 0x00000000fa000000, 0x00000000fb000000|  0%| F|  |TAMS 0x00000000fa000000, 0x00000000fa000000| Untracked 
|  91|0x00000000fb000000, 0x00000000fb000000, 0x00000000fc000000|  0%| F|  |TAMS 0x00000000fb000000, 0x00000000fb000000| Untracked 
|  92|0x00000000fc000000, 0x00000000fc000000, 0x00000000fd000000|  0%| F|  |TAMS 0x00000000fc000000, 0x00000000fc000000| Untracked 
|  93|0x00000000fd000000, 0x00000000fd000000, 0x00000000fe000000|  0%| F|  |TAMS 0x00000000fd000000, 0x00000000fd000000| Untracked 
|  94|0x00000000fe000000, 0x00000000fe000000, 0x00000000ff000000|  0%| F|  |TAMS 0x00000000fe000000, 0x00000000fe000000| Untracked 
|  95|0x00000000ff000000, 0x00000000ff000000, 0x0000000100000000|  0%| F|  |TAMS 0x00000000ff000000, 0x00000000ff000000| Untracked 
|  96|0x0000000100000000, 0x0000000100000000, 0x0000000101000000|  0%| F|  |TAMS 0x0000000100000000, 0x0000000100000000| Untracked 
|  97|0x0000000101000000, 0x0000000101000000, 0x0000000102000000|  0%| F|  |TAMS 0x0000000101000000, 0x0000000101000000| Untracked 
|  98|0x0000000102000000, 0x0000000102000000, 0x0000000103000000|  0%| F|  |TAMS 0x0000000102000000, 0x0000000102000000| Untracked 
|  99|0x0000000103000000, 0x0000000103000000, 0x0000000104000000|  0%| F|  |TAMS 0x0000000103000000, 0x0000000103000000| Untracked 
| 100|0x0000000104000000, 0x0000000104000000, 0x0000000105000000|  0%| F|  |TAMS 0x0000000104000000, 0x0000000104000000| Untracked 
| 101|0x0000000105000000, 0x0000000105000000, 0x0000000106000000|  0%| F|  |TAMS 0x0000000105000000, 0x0000000105000000| Untracked 
| 102|0x0000000106000000, 0x0000000106000000, 0x0000000107000000|  0%| F|  |TAMS 0x0000000106000000, 0x0000000106000000| Untracked 
| 103|0x0000000107000000, 0x0000000107000000, 0x0000000108000000|  0%| F|  |TAMS 0x0000000107000000, 0x0000000107000000| Untracked 
| 104|0x0000000108000000, 0x0000000108000000, 0x0000000109000000|  0%| F|  |TAMS 0x0000000108000000, 0x0000000108000000| Untracked 
| 105|0x0000000109000000, 0x0000000109000000, 0x000000010a000000|  0%| F|  |TAMS 0x0000000109000000, 0x0000000109000000| Untracked 
| 106|0x000000010a000000, 0x000000010a000000, 0x000000010b000000|  0%| F|  |TAMS 0x000000010a000000, 0x000000010a000000| Untracked 
| 107|0x000000010b000000, 0x000000010b000000, 0x000000010c000000|  0%| F|  |TAMS 0x000000010b000000, 0x000000010b000000| Untracked 
| 108|0x000000010c000000, 0x000000010c000000, 0x000000010d000000|  0%| F|  |TAMS 0x000000010c000000, 0x000000010c000000| Untracked 
| 109|0x000000010d000000, 0x000000010d000000, 0x000000010e000000|  0%| F|  |TAMS 0x000000010d000000, 0x000000010d000000| Untracked 
| 110|0x000000010e000000, 0x000000010e000000, 0x000000010f000000|  0%| F|  |TAMS 0x000000010e000000, 0x000000010e000000| Untracked 
| 111|0x000000010f000000, 0x000000010f000000, 0x0000000110000000|  0%| F|  |TAMS 0x000000010f000000, 0x000000010f000000| Untracked 
| 112|0x0000000110000000, 0x0000000110000000, 0x0000000111000000|  0%| F|  |TAMS 0x0000000110000000, 0x0000000110000000| Untracked 
| 113|0x0000000111000000, 0x0000000111000000, 0x0000000112000000|  0%| F|  |TAMS 0x0000000111000000, 0x0000000111000000| Untracked 
| 114|0x0000000112000000, 0x0000000112000000, 0x0000000113000000|  0%| F|  |TAMS 0x0000000112000000, 0x0000000112000000| Untracked 
| 115|0x0000000113000000, 0x0000000113000000, 0x0000000114000000|  0%| F|  |TAMS 0x0000000113000000, 0x0000000113000000| Untracked 
| 116|0x0000000114000000, 0x0000000114000000, 0x0000000115000000|  0%| F|  |TAMS 0x0000000114000000, 0x0000000114000000| Untracked 
| 117|0x0000000115000000, 0x0000000115000000, 0x0000000116000000|  0%| F|  |TAMS 0x0000000115000000, 0x0000000115000000| Untracked 
| 118|0x0000000116000000, 0x0000000116000000, 0x0000000117000000|  0%| F|  |TAMS 0x0000000116000000, 0x0000000116000000| Untracked 
| 119|0x0000000117000000, 0x0000000117000000, 0x0000000118000000|  0%| F|  |TAMS 0x0000000117000000, 0x0000000117000000| Untracked 
| 120|0x0000000118000000, 0x0000000118000000, 0x0000000119000000|  0%| F|  |TAMS 0x0000000118000000, 0x0000000118000000| Untracked 
| 121|0x0000000119000000, 0x0000000119000000, 0x000000011a000000|  0%| F|  |TAMS 0x0000000119000000, 0x0000000119000000| Untracked 
| 122|0x000000011a000000, 0x000000011a000000, 0x000000011b000000|  0%| F|  |TAMS 0x000000011a000000, 0x000000011a000000| Untracked 
| 123|0x000000011b000000, 0x000000011b000000, 0x000000011c000000|  0%| F|  |TAMS 0x000000011b000000, 0x000000011b000000| Untracked 
| 124|0x000000011c000000, 0x000000011c000000, 0x000000011d000000|  0%| F|  |TAMS 0x000000011c000000, 0x000000011c000000| Untracked 
| 125|0x000000011d000000, 0x000000011d000000, 0x000000011e000000|  0%| F|  |TAMS 0x000000011d000000, 0x000000011d000000| Untracked 
| 126|0x000000011e000000, 0x000000011e99a6b8, 0x000000011f000000| 60%| E|  |TAMS 0x000000011e000000, 0x000000011e000000| Complete 
| 127|0x000000011f000000, 0x0000000120000000, 0x0000000120000000|100%| E|CS|TAMS 0x000000011f000000, 0x000000011f000000| Complete 

Card table byte_map: [0x000002561f290000,0x0000025622d90000] _byte_map_base: 0x000002561ed90000

Marking Bits (Prev, Next): (CMBitMap*) 0x000002560390ec60, (CMBitMap*) 0x000002560390eca0
 Prev Bits: [0x0000025626890000, 0x0000025644090000)
 Next Bits: [0x0000025644090000, 0x0000025661890000)

Polling page: 0x0000025601430000

Metaspace:

Usage:
  Non-class:      3.64 MB used.
      Class:    294.62 KB used.
       Both:      3.93 MB used.

Virtual space:
  Non-class space:       64.00 MB reserved,       3.75 MB (  6%) committed,  1 nodes.
      Class space:        1.00 GB reserved,     384.00 KB ( <1%) committed,  1 nodes.
             Both:        1.06 GB reserved,       4.12 MB ( <1%) committed. 

Chunk freelists:
   Non-Class:  2.47 MB
       Class:  3.61 MB
        Both:  6.08 MB

MaxMetaspaceSize: unlimited
CompressedClassSpaceSize: 1.00 GB
Initial GC threshold: 21.00 MB
Current GC threshold: 21.00 MB
CDS: on
MetaspaceReclaimPolicy: balanced
 - commit_granule_bytes: 65536.
 - commit_granule_words: 8192.
 - virtual_space_node_default_size: 8388608.
 - enlarge_chunks_in_place: 1.
 - new_chunks_are_fully_committed: 0.
 - uncommit_free_chunks: 1.
 - use_allocation_guard: 0.


Internal statistics:

num_allocs_failed_limit: 0.
num_arena_births: 100.
num_arena_deaths: 0.
num_vsnodes_births: 2.
num_vsnodes_deaths: 0.
num_space_committed: 66.
num_space_uncommitted: 0.
num_chunks_returned_to_freelist: 0.
num_chunks_taken_from_freelist: 184.
num_chunk_merges: 0.
num_chunk_splits: 120.
num_chunks_enlarged: 81.
num_inconsistent_stats: 0.

CodeHeap 'non-profiled nmethods': size=119168Kb used=264Kb max_used=264Kb free=118903Kb
 bounds [0x0000025613360000, 0x00000256135d0000, 0x000002561a7c0000]
CodeHeap 'profiled nmethods': size=119104Kb used=1358Kb max_used=1358Kb free=117745Kb
 bounds [0x000002560b7c0000, 0x000002560ba30000, 0x0000025612c10000]
CodeHeap 'non-nmethods': size=7488Kb used=3389Kb max_used=3404Kb free=4098Kb
 bounds [0x0000025612c10000, 0x0000025612f70000, 0x0000025613360000]
 total_blobs=1943 nmethods=888 adapters=963
 compilation: enabled
              stopped_count=0, restarted_count=0
 full_count=0

Compilation events (20 events):
Event: 0.415 Thread 0x0000025664e00270 nmethod 878 0x000002560b911410 code [0x000002560b911600, 0x000002560b911ab8]
Event: 0.415 Thread 0x0000025664df9a50 nmethod 876 0x00000256133a1090 code [0x00000256133a1220, 0x00000256133a12d8]
Event: 0.415 Thread 0x0000025664e00270  879       3       jdk.internal.misc.Unsafe::checkNativeAddress (28 bytes)
Event: 0.415 Thread 0x0000025664e00270 nmethod 879 0x000002560b911c90 code [0x000002560b911e20, 0x000002560b911f38]
Event: 0.416 Thread 0x0000025664e00270  880       3       java.lang.String::indexOf (64 bytes)
Event: 0.416 Thread 0x0000025664f319b0  881       3       java.lang.StringLatin1::indexOf (25 bytes)
Event: 0.416 Thread 0x0000025664f319b0 nmethod 881 0x000002560b912010 code [0x000002560b9121c0, 0x000002560b9123c8]
Event: 0.416 Thread 0x0000025664e00270 nmethod 880 0x000002560b912490 code [0x000002560b9126a0, 0x000002560b912b88]
Event: 0.417 Thread 0x0000025664f319b0  883       1       java.util.zip.ZipEntry::getSize (5 bytes)
Event: 0.417 Thread 0x0000025664f319b0 nmethod 883 0x00000256133a1a10 code [0x00000256133a1ba0, 0x00000256133a1c58]
Event: 0.417 Thread 0x0000025664f2f010  884       3       sun.misc.Unsafe::putLong (11 bytes)
Event: 0.417 Thread 0x0000025664f447f0  885       3       org.lwjgl.system.MemoryUtil::memPutAddress (29 bytes)
Event: 0.417 Thread 0x0000025664f2f010 nmethod 884 0x000002560b912d10 code [0x000002560b912ea0, 0x000002560b912fb8]
Event: 0.417 Thread 0x0000025664df9a50  886       4       java.lang.Integer::toUnsignedLong (7 bytes)
Event: 0.417 Thread 0x0000025664f447f0 nmethod 885 0x000002560b913090 code [0x000002560b913240, 0x000002560b913438]
Event: 0.417 Thread 0x0000025664df9a50 nmethod 886 0x00000256133a1d10 code [0x00000256133a1e80, 0x00000256133a1ed8]
Event: 0.417 Thread 0x0000025664df9a50  887       4       sun.misc.Unsafe::putLong (11 bytes)
Event: 0.417 Thread 0x0000025664f447f0  888       3       sun.net.www.ParseUtil::encodePath (41 bytes)
Event: 0.417 Thread 0x0000025664f447f0 nmethod 888 0x000002560b913510 code [0x000002560b9136e0, 0x000002560b913948]
Event: 0.417 Thread 0x0000025664df9a50 nmethod 887 0x00000256133a2010 code [0x00000256133a21a0, 0x00000256133a2238]

GC Heap History (0 events):
No events

Dll operation events (13 events):
Event: 0.008 Loaded shared library C:\Program Files\Java\jdk-19\bin\java.dll
Event: 0.017 Loaded shared library C:\Program Files\Java\jdk-19\bin\jsvml.dll
Event: 0.062 Loaded shared library C:\Program Files\Java\jdk-19\bin\zip.dll
Event: 0.065 Loaded shared library C:\Program Files\Java\jdk-19\bin\instrument.dll
Event: 0.069 Loaded shared library C:\Program Files\Java\jdk-19\bin\net.dll
Event: 0.070 Loaded shared library C:\Program Files\Java\jdk-19\bin\nio.dll
Event: 0.073 Loaded shared library C:\Program Files\Java\jdk-19\bin\zip.dll
Event: 0.168 Loaded shared library C:\Users\bkmcm\AppData\Local\JetBrains\IntelliJ IDEA Community Edition 2022.3.1\bin\breakgen64.dll
Event: 0.174 Loaded shared library C:\Program Files\Java\jdk-19\bin\extnet.dll
Event: 0.177 Loaded shared library C:\Program Files\Java\jdk-19\bin\jimage.dll
Event: 0.201 Loaded shared library C:\Program Files\Java\jdk-19\bin\verify.dll
Event: 0.230 Loaded shared library C:\Users\bkmcm\AppData\Local\Temp\lwjgl_bkmcm\3.3.2+13\x64\lwjgl.dll
Event: 0.414 Loaded shared library C:\Users\bkmcm\AppData\Local\Temp\lwjgl_bkmcm\3.3.2+13\x64\lwjgl_opengl.dll

Deoptimization events (20 events):
Event: 0.175 Thread 0x0000025669457950 DEOPT PACKING pc=0x000002560b7ed2e7 sp=0x000000eee18fd810
Event: 0.175 Thread 0x0000025669457950 DEOPT UNPACKING pc=0x0000025612c77543 sp=0x000000eee18fcc30 mode 0
Event: 0.194 Thread 0x0000025669457950 Uncommon trap: trap_request=0xffffff45 fr.pc=0x00000256133844e4 relative=0x0000000000000144
Event: 0.194 Thread 0x0000025669457950 Uncommon trap: reason=unstable_if action=reinterpret pc=0x00000256133844e4 method=java.util.concurrent.locks.ReentrantLock$NonfairSync.initialTryLock()Z @ 10 c2
Event: 0.194 Thread 0x0000025669457950 DEOPT PACKING pc=0x00000256133844e4 sp=0x000000eee18fed60
Event: 0.194 Thread 0x0000025669457950 DEOPT UNPACKING pc=0x0000025612c76da3 sp=0x000000eee18fed08 mode 2
Event: 0.195 Thread 0x0000025669457950 Uncommon trap: trap_request=0xffffff45 fr.pc=0x00000256133840e8 relative=0x00000000000000c8
Event: 0.195 Thread 0x0000025669457950 Uncommon trap: reason=unstable_if action=reinterpret pc=0x00000256133840e8 method=java.util.concurrent.locks.ReentrantLock$Sync.tryRelease(I)Z @ 26 c2
Event: 0.195 Thread 0x0000025669457950 DEOPT PACKING pc=0x00000256133840e8 sp=0x000000eee18fed60
Event: 0.195 Thread 0x0000025669457950 DEOPT UNPACKING pc=0x0000025612c76da3 sp=0x000000eee18fed00 mode 2
Event: 0.197 Thread 0x0000025669457950 DEOPT PACKING pc=0x000002560b7c82d1 sp=0x000000eee18f7690
Event: 0.197 Thread 0x0000025669457950 DEOPT UNPACKING pc=0x0000025612c77543 sp=0x000000eee18f6b08 mode 0
Event: 0.222 Thread 0x0000025669457950 Uncommon trap: trap_request=0xffffff45 fr.pc=0x0000025613376084 relative=0x0000000000000064
Event: 0.222 Thread 0x0000025669457950 Uncommon trap: reason=unstable_if action=reinterpret pc=0x0000025613376084 method=java.io.WinNTFileSystem.isSlash(C)Z @ 9 c2
Event: 0.222 Thread 0x0000025669457950 DEOPT PACKING pc=0x0000025613376084 sp=0x000000eee18fbbf0
Event: 0.222 Thread 0x0000025669457950 DEOPT UNPACKING pc=0x0000025612c76da3 sp=0x000000eee18fbb78 mode 2
Event: 0.239 Thread 0x0000025669457950 Uncommon trap: trap_request=0xffffff45 fr.pc=0x000002561336f2e0 relative=0x0000000000000ac0
Event: 0.239 Thread 0x0000025669457950 Uncommon trap: reason=unstable_if action=reinterpret pc=0x000002561336f2e0 method=java.util.HashMap.putVal(ILjava/lang/Object;Ljava/lang/Object;ZZ)Ljava/lang/Object; @ 181 c2
Event: 0.239 Thread 0x0000025669457950 DEOPT PACKING pc=0x000002561336f2e0 sp=0x000000eee18fbb70
Event: 0.239 Thread 0x0000025669457950 DEOPT UNPACKING pc=0x0000025612c76da3 sp=0x000000eee18fbb30 mode 2

Classes loaded (20 events):
Event: 0.250 Loading class java/util/function/LongPredicate
Event: 0.250 Loading class java/util/function/LongPredicate done
Event: 0.251 Loading class java/lang/foreign/MemorySegment
Event: 0.251 Loading class java/lang/foreign/Addressable
Event: 0.251 Loading class java/lang/foreign/Addressable done
Event: 0.251 Loading class java/lang/foreign/MemorySegment done
Event: 0.253 Loading class java/nio/InvalidMarkException
Event: 0.253 Loading class java/nio/InvalidMarkException done
Event: 0.253 Loading class java/nio/BufferUnderflowException
Event: 0.253 Loading class java/nio/BufferUnderflowException done
Event: 0.259 Loading class java/lang/AssertionError
Event: 0.260 Loading class java/lang/AssertionError done
Event: 0.275 Loading class jdk/internal/reflect/MethodHandleIntegerFieldAccessorImpl
Event: 0.275 Loading class jdk/internal/reflect/MethodHandleIntegerFieldAccessorImpl done
Event: 0.414 Loading class jdk/internal/foreign/MemorySessionImpl
Event: 0.414 Loading class java/lang/foreign/MemorySession
Event: 0.414 Loading class java/lang/foreign/SegmentAllocator
Event: 0.414 Loading class java/lang/foreign/SegmentAllocator done
Event: 0.414 Loading class java/lang/foreign/MemorySession done
Event: 0.414 Loading class jdk/internal/foreign/MemorySessionImpl done

Classes unloaded (0 events):
No events

Classes redefined (0 events):
No events

Internal exceptions (20 events):
Event: 0.212 Thread 0x0000025669457950 Exception <a 'java/lang/NoSuchMethodError'{0x000000011e3cb120}: 'void java.lang.invoke.DelegatingMethodHandle$Holder.delegate(java.lang.Object, java.lang.Object, int, java.lang.Object)'> (0x000000011e3cb120) 
thrown [s\open\src\hotspot\share\interpreter\linkResolver.cpp, line 774]
Event: 0.212 Thread 0x0000025669457950 Exception <a 'java/lang/NoSuchMethodError'{0x000000011e3cf170}: 'int java.lang.invoke.DirectMethodHandle$Holder.invokeSpecial(java.lang.Object, java.lang.Object, java.lang.Object)'> (0x000000011e3cf170) 
thrown [s\open\src\hotspot\share\interpreter\linkResolver.cpp, line 774]
Event: 0.214 Thread 0x0000025669457950 Exception <a 'java/lang/NoSuchMethodError'{0x000000011e5d56f0}: 'void java.lang.System.loadLibrary(java.lang.String, java.lang.Class)'> (0x000000011e5d56f0) 
thrown [s\open\src\hotspot\share\interpreter\linkResolver.cpp, line 774]
Event: 0.227 Thread 0x0000025669457950 Exception <a 'sun/nio/fs/WindowsException'{0x000000011e5fef28}> (0x000000011e5fef28) 
thrown [s\open\src\hotspot\share\prims\jni.cpp, line 517]
Event: 0.227 Thread 0x0000025669457950 Exception <a 'sun/nio/fs/WindowsException'{0x000000011e5ff478}> (0x000000011e5ff478) 
thrown [s\open\src\hotspot\share\prims\jni.cpp, line 517]
Event: 0.250 Thread 0x0000025669457950 Exception <a 'java/lang/NoSuchMethodError'{0x000000011e690db0}: 'int java.lang.invoke.DirectMethodHandle$Holder.invokeStaticInit(java.lang.Object, java.lang.Object, int, long)'> (0x000000011e690db0) 
thrown [s\open\src\hotspot\share\interpreter\linkResolver.cpp, line 774]
Event: 0.250 Thread 0x0000025669457950 Exception <a 'java/lang/NoSuchMethodError'{0x000000011e696680}: 'java.lang.Object java.lang.invoke.DirectMethodHandle$Holder.newInvokeSpecial(java.lang.Object, java.lang.Object, int)'> (0x000000011e696680) 
thrown [s\open\src\hotspot\share\interpreter\linkResolver.cpp, line 774]
Event: 0.251 Thread 0x0000025669457950 Exception <a 'java/lang/NoSuchMethodError'{0x000000011e6a4bb0}: 'int java.lang.invoke.DirectMethodHandle$Holder.invokeStaticInit(java.lang.Object, java.lang.Object, long, long)'> (0x000000011e6a4bb0) 
thrown [s\open\src\hotspot\share\interpreter\linkResolver.cpp, line 774]
Event: 0.252 Thread 0x0000025669457950 Exception <a 'java/lang/NoSuchMethodError'{0x000000011e6aaa98}: 'java.lang.Object java.lang.invoke.DirectMethodHandle$Holder.newInvokeSpecial(java.lang.Object, java.lang.Object, long)'> (0x000000011e6aaa98) 
thrown [s\open\src\hotspot\share\interpreter\linkResolver.cpp, line 774]
Event: 0.252 Thread 0x0000025669457950 Exception <a 'java/lang/NoSuchMethodError'{0x000000011e6ae370}: 'java.lang.Object java.lang.invoke.Invokers$Holder.linkToTargetMethod(java.lang.Object, long, java.lang.Object)'> (0x000000011e6ae370) 
thrown [s\open\src\hotspot\share\interpreter\linkResolver.cpp, line 774]
Event: 0.253 Thread 0x0000025669457950 Exception <a 'java/lang/NoSuchMethodError'{0x000000011e6b57c8}: 'int java.lang.invoke.DirectMethodHandle$Holder.invokeStaticInit(java.lang.Object, java.lang.Object, java.lang.Object, long)'> (0x000000011e6b57c8) 
thrown [s\open\src\hotspot\share\interpreter\linkResolver.cpp, line 774]
Event: 0.269 Thread 0x0000025669457950 Exception <a 'sun/nio/fs/WindowsException'{0x000000011e79edf8}> (0x000000011e79edf8) 
thrown [s\open\src\hotspot\share\prims\jni.cpp, line 517]
Event: 0.270 Thread 0x0000025669457950 Exception <a 'sun/nio/fs/WindowsException'{0x000000011e79f158}> (0x000000011e79f158) 
thrown [s\open\src\hotspot\share\prims\jni.cpp, line 517]
Event: 0.275 Thread 0x0000025669457950 Exception <a 'java/lang/NoSuchMethodError'{0x000000011e7b44e0}: 'int java.lang.invoke.Invokers$Holder.invokeExact_MT(java.lang.Object, java.lang.Object)'> (0x000000011e7b44e0) 
thrown [s\open\src\hotspot\share\interpreter\linkResolver.cpp, line 774]
Event: 0.408 Thread 0x0000025669457950 Exception <a 'java/lang/NoSuchMethodError'{0x000000011e85d128}: 'void java.lang.System.load(java.lang.String, java.lang.Class)'> (0x000000011e85d128) 
thrown [s\open\src\hotspot\share\interpreter\linkResolver.cpp, line 774]
Event: 0.408 Thread 0x0000025669457950 Exception <a 'java/lang/NoSuchMethodError'{0x000000011e85ff30}: 'void java.lang.System.loadLibrary(java.lang.String, java.lang.Class)'> (0x000000011e85ff30) 
thrown [s\open\src\hotspot\share\interpreter\linkResolver.cpp, line 774]
Event: 0.411 Thread 0x0000025669457950 Exception <a 'sun/nio/fs/WindowsException'{0x000000011e870008}> (0x000000011e870008) 
thrown [s\open\src\hotspot\share\prims\jni.cpp, line 517]
Event: 0.411 Thread 0x0000025669457950 Exception <a 'sun/nio/fs/WindowsException'{0x000000011e8703b0}> (0x000000011e8703b0) 
thrown [s\open\src\hotspot\share\prims\jni.cpp, line 517]
Event: 0.416 Thread 0x0000025669457950 Exception <a 'sun/nio/fs/WindowsException'{0x000000011e8796d0}> (0x000000011e8796d0) 
thrown [s\open\src\hotspot\share\prims\jni.cpp, line 517]
Event: 0.416 Thread 0x0000025669457950 Exception <a 'sun/nio/fs/WindowsException'{0x000000011e8799b0}> (0x000000011e8799b0) 
thrown [s\open\src\hotspot\share\prims\jni.cpp, line 517]

VM Operations (8 events):
Event: 0.054 Executing VM operation: HandshakeAllThreads
Event: 0.055 Executing VM operation: HandshakeAllThreads done
Event: 0.170 Executing VM operation: HandshakeAllThreads
Event: 0.170 Executing VM operation: HandshakeAllThreads done
Event: 0.222 Executing VM operation: HandshakeAllThreads
Event: 0.222 Executing VM operation: HandshakeAllThreads done
Event: 0.227 Executing VM operation: HandshakeAllThreads
Event: 0.227 Executing VM operation: HandshakeAllThreads done

Events (20 events):
Event: 0.025 Thread 0x0000025664df4d70 Thread added: 0x0000025664df4d70
Event: 0.025 Thread 0x0000025664df76b0 Thread added: 0x0000025664df76b0
Event: 0.025 Thread 0x0000025664df8180 Thread added: 0x0000025664df8180
Event: 0.025 Thread 0x0000025664df8c50 Thread added: 0x0000025664df8c50
Event: 0.025 Thread 0x0000025664df9a50 Thread added: 0x0000025664df9a50
Event: 0.025 Thread 0x0000025664e00270 Thread added: 0x0000025664e00270
Event: 0.025 Thread 0x0000025664e1d670 Thread added: 0x0000025664e1d670
Event: 0.051 Thread 0x0000025664dbe990 Thread added: 0x0000025664dbe990
Event: 0.054 Thread 0x0000025664f2f010 Thread added: 0x0000025664f2f010
Event: 0.055 Thread 0x0000025664f319b0 Thread added: 0x0000025664f319b0
Event: 0.056 Thread 0x0000025664f447f0 Thread added: 0x0000025664f447f0
Event: 0.058 Thread 0x0000025664f4cd60 Thread added: 0x0000025664f4cd60
Event: 0.169 Thread 0x0000025669569810 Thread added: 0x0000025669569810
Event: 0.169 Thread 0x0000025669569d50 Thread added: 0x0000025669569d50
Event: 0.170 Thread 0x0000025669457950 Thread added: 0x0000025669457950
Event: 0.170 Thread 0x000002560385f090 Thread exited: 0x000002560385f090
Event: 0.170 Thread 0x000002560385f090 Thread added: 0x000002560385f090
Event: 0.191 Thread 0x000002566966c820 Thread added: 0x000002566966c820
Event: 0.403 Thread 0x000002566966c820 Thread exited: 0x000002566966c820
Event: 0.403 Thread 0x0000025664f4cd60 Thread exited: 0x0000025664f4cd60


Dynamic libraries:
0x00007ff7a5c50000 - 0x00007ff7a5c60000 	C:\Program Files\Java\jdk-19\bin\java.exe
0x00007ffec2f90000 - 0x00007ffec31a4000 	C:\Windows\SYSTEM32\ntdll.dll
0x00007ffec1eb0000 - 0x00007ffec1f74000 	C:\Windows\System32\KERNEL32.DLL
0x00007ffec0720000 - 0x00007ffec0ac4000 	C:\Windows\System32\KERNELBASE.dll
0x00007ffec04e0000 - 0x00007ffec05f1000 	C:\Windows\System32\ucrtbase.dll
0x00007ffebb7e0000 - 0x00007ffebb7fb000 	C:\Program Files\Java\jdk-19\bin\VCRUNTIME140.dll
0x00007ffea5770000 - 0x00007ffea5788000 	C:\Program Files\Java\jdk-19\bin\jli.dll
0x00007ffec2740000 - 0x00007ffec27f0000 	C:\Windows\System32\ADVAPI32.dll
0x00007ffec2c40000 - 0x00007ffec2ce7000 	C:\Windows\System32\msvcrt.dll
0x00007ffec0d70000 - 0x00007ffec0e16000 	C:\Windows\System32\sechost.dll
0x00007ffec27f0000 - 0x00007ffec2907000 	C:\Windows\System32\RPCRT4.dll
0x00007ffec0e20000 - 0x00007ffec0fca000 	C:\Windows\System32\USER32.dll
0x00007ffec03f0000 - 0x00007ffec0416000 	C:\Windows\System32\win32u.dll
0x00007ffec2e60000 - 0x00007ffec2e89000 	C:\Windows\System32\GDI32.dll
0x00007ffec0600000 - 0x00007ffec0719000 	C:\Windows\System32\gdi32full.dll
0x00007ffec0cb0000 - 0x00007ffec0d4a000 	C:\Windows\System32\msvcp_win.dll
0x00007ffeb1b90000 - 0x00007ffeb1e1f000 	C:\Windows\WinSxS\amd64_microsoft.windows.common-controls_6595b64144ccf1df_6.0.22621.2070_none_2713e6537381f706\COMCTL32.dll
0x00007ffeb65c0000 - 0x00007ffeb65ca000 	C:\Windows\SYSTEM32\VERSION.dll
0x00007ffec11e0000 - 0x00007ffec1211000 	C:\Windows\System32\IMM32.DLL
0x00007ffeb6c60000 - 0x00007ffeb6c6c000 	C:\Program Files\Java\jdk-19\bin\vcruntime140_1.dll
0x00007ffe94150000 - 0x00007ffe941de000 	C:\Program Files\Java\jdk-19\bin\msvcp140.dll
0x00007ffde8720000 - 0x00007ffde93e0000 	C:\Program Files\Java\jdk-19\bin\server\jvm.dll
0x00007ffeb79d0000 - 0x00007ffeb7a04000 	C:\Windows\SYSTEM32\WINMM.dll
0x00007ffebc600000 - 0x00007ffebc609000 	C:\Windows\SYSTEM32\WSOCK32.dll
0x00007ffec2520000 - 0x00007ffec2591000 	C:\Windows\System32\WS2_32.dll
0x00007ffebf3d0000 - 0x00007ffebf3e8000 	C:\Windows\SYSTEM32\kernel.appcore.dll
0x00007ffea5c40000 - 0x00007ffea5c4a000 	C:\Program Files\Java\jdk-19\bin\jimage.dll
0x00007ffebd9b0000 - 0x00007ffebdbde000 	C:\Windows\SYSTEM32\DBGHELP.DLL
0x00007ffec1ab0000 - 0x00007ffec1e3a000 	C:\Windows\System32\combase.dll
0x00007ffec2cf0000 - 0x00007ffec2dc7000 	C:\Windows\System32\OLEAUT32.dll
0x00007ffea5200000 - 0x00007ffea5232000 	C:\Windows\SYSTEM32\dbgcore.DLL
0x00007ffec0370000 - 0x00007ffec03ea000 	C:\Windows\System32\bcryptPrimitives.dll
0x00007ffe8d8c0000 - 0x00007ffe8d8ce000 	C:\Program Files\Java\jdk-19\bin\instrument.dll
0x00007ffe95fe0000 - 0x00007ffe96006000 	C:\Program Files\Java\jdk-19\bin\java.dll
0x00007ffe70700000 - 0x00007ffe707d7000 	C:\Program Files\Java\jdk-19\bin\jsvml.dll
0x00007ffec1290000 - 0x00007ffec1aa6000 	C:\Windows\System32\SHELL32.dll
0x00007ffebe300000 - 0x00007ffebebea000 	C:\Windows\SYSTEM32\windows.storage.dll
0x00007ffebe1c0000 - 0x00007ffebe2fe000 	C:\Windows\SYSTEM32\wintypes.dll
0x00007ffec2910000 - 0x00007ffec2a03000 	C:\Windows\System32\SHCORE.dll
0x00007ffec1220000 - 0x00007ffec127e000 	C:\Windows\System32\shlwapi.dll
0x00007ffec02a0000 - 0x00007ffec02c6000 	C:\Windows\SYSTEM32\profapi.dll
0x00007ffe95d20000 - 0x00007ffe95d38000 	C:\Program Files\Java\jdk-19\bin\zip.dll
0x00007ffe95fc0000 - 0x00007ffe95fd3000 	C:\Program Files\Java\jdk-19\bin\net.dll
0x00007ffeb9260000 - 0x00007ffeb9397000 	C:\Windows\SYSTEM32\WINHTTP.dll
0x00007ffebf8d0000 - 0x00007ffebf939000 	C:\Windows\system32\mswsock.dll
0x00007ffe95fa0000 - 0x00007ffe95fb6000 	C:\Program Files\Java\jdk-19\bin\nio.dll
0x00007ffe71160000 - 0x00007ffe7117a000 	C:\Users\bkmcm\AppData\Local\JetBrains\IntelliJ IDEA Community Edition 2022.3.1\bin\breakgen64.dll
0x00007ffe95cf0000 - 0x00007ffe95cf8000 	C:\Program Files\Java\jdk-19\bin\extnet.dll
0x00007ffe96060000 - 0x00007ffe96070000 	C:\Program Files\Java\jdk-19\bin\verify.dll
0x00007ffe710e0000 - 0x00007ffe7115a000 	C:\Users\bkmcm\AppData\Local\Temp\lwjgl_bkmcm\3.3.2+13\x64\lwjgl.dll
0x00007ffe700c0000 - 0x00007ffe70142000 	C:\Users\bkmcm\AppData\Local\Temp\lwjgl_bkmcm\3.3.2+13\x64\glfw.dll
0x00007ffe48a90000 - 0x00007ffe48ad6000 	C:\Windows\SYSTEM32\dinput8.dll
0x00007ffe49cf0000 - 0x00007ffe49d01000 	C:\Windows\SYSTEM32\xinput1_4.dll
0x00007ffec0090000 - 0x00007ffec00de000 	C:\Windows\SYSTEM32\cfgmgr32.dll
0x00007ffec0040000 - 0x00007ffec006c000 	C:\Windows\SYSTEM32\DEVOBJ.dll
0x00007ffebd400000 - 0x00007ffebd42b000 	C:\Windows\SYSTEM32\dwmapi.dll
0x00007ffeaed90000 - 0x00007ffeaef91000 	C:\Windows\SYSTEM32\inputhost.dll
0x00007ffebbd30000 - 0x00007ffebbe63000 	C:\Windows\SYSTEM32\CoreMessaging.dll
0x00007ffebd040000 - 0x00007ffebd0eb000 	C:\Windows\system32\uxtheme.dll
0x00007ffebfbd0000 - 0x00007ffebfbdc000 	C:\Windows\SYSTEM32\CRYPTBASE.DLL
0x00007ffec2b10000 - 0x00007ffec2c37000 	C:\Windows\System32\MSCTF.dll
0x00007ffe482b0000 - 0x00007ffe483b0000 	C:\Windows\SYSTEM32\opengl32.dll
0x00007ffe47d70000 - 0x00007ffe47d9d000 	C:\Windows\SYSTEM32\GLU32.dll
0x00007ffebd6a0000 - 0x00007ffebd6d8000 	C:\Windows\SYSTEM32\dxcore.dll
0x00007ffec1f90000 - 0x00007ffec2040000 	C:\Windows\System32\clbcatq.dll
0x00007ffe04d50000 - 0x00007ffe08fda000 	C:\Windows\System32\DriverStore\FileRepository\nv_dispi.inf_amd64_675be35f1ba2315e\nvoglv64.dll
0x00007ffec2040000 - 0x00007ffec24b4000 	C:\Windows\System32\SETUPAPI.dll
0x00007ffec25a0000 - 0x00007ffec273c000 	C:\Windows\System32\ole32.dll
0x00007ffebfd10000 - 0x00007ffebfd38000 	C:\Windows\SYSTEM32\bcrypt.dll
0x00007ffebcc00000 - 0x00007ffebcc14000 	C:\Windows\SYSTEM32\WTSAPI32.dll
0x00007ffec0010000 - 0x00007ffec0022000 	C:\Windows\SYSTEM32\msasn1.dll
0x00007ffeb6460000 - 0x00007ffeb6492000 	C:\Windows\SYSTEM32\cryptnet.dll
0x00007ffec0ad0000 - 0x00007ffec0c37000 	C:\Windows\System32\CRYPT32.dll
0x00007ffeb6300000 - 0x00007ffeb6458000 	C:\Windows\SYSTEM32\drvstore.dll
0x00007ffebfb50000 - 0x00007ffebfb9b000 	C:\Windows\SYSTEM32\wldp.dll
0x00007ffec0c40000 - 0x00007ffec0cab000 	C:\Windows\System32\WINTRUST.dll
0x00007ffebf480000 - 0x00007ffebf4b4000 	C:\Windows\SYSTEM32\ntmarta.dll
0x00007ffe84680000 - 0x00007ffe84951000 	C:\Windows\system32\nvspcap64.dll
0x00007ffebf220000 - 0x00007ffebf26d000 	C:\Windows\SYSTEM32\powrprof.dll
0x00007ffebf200000 - 0x00007ffebf213000 	C:\Windows\SYSTEM32\UMPDC.dll
0x00007ffebee90000 - 0x00007ffebeef6000 	C:\Windows\SYSTEM32\WINSTA.dll
0x00007ffe6fb30000 - 0x00007ffe6fb8e000 	C:\Users\bkmcm\AppData\Local\Temp\lwjgl_bkmcm\3.3.2+13\x64\lwjgl_opengl.dll

dbghelp: loaded successfully - version: 4.0.5 - missing functions: none
symbol engine: initialized successfully - sym options: 0x614 - pdb path: .;C:\Program Files\Java\jdk-19\bin;C:\Windows\SYSTEM32;C:\Windows\WinSxS\amd64_microsoft.windows.common-controls_6595b64144ccf1df_6.0.22621.2070_none_2713e6537381f706;C:\Program Files\Java\jdk-19\bin\server;C:\Users\bkmcm\AppData\Local\JetBrains\IntelliJ IDEA Community Edition 2022.3.1\bin;C:\Users\bkmcm\AppData\Local\Temp\lwjgl_bkmcm\3.3.2+13\x64;C:\Windows\System32\DriverStore\FileRepository\nv_dispi.inf_amd64_675be35f1ba2315e

VM Arguments:
jvm_args: -javaagent:C:\Users\bkmcm\AppData\Local\JetBrains\IntelliJ IDEA Community Edition 2022.3.1\lib\idea_rt.jar=52071:C:\Users\bkmcm\AppData\Local\JetBrains\IntelliJ IDEA Community Edition 2022.3.1\bin -Dfile.encoding=UTF-8 -Dsun.stdout.encoding=UTF-8 -Dsun.stderr.encoding=UTF-8 
java_command: com.thatsoulzguy.minecraft.Minecraft
java_class_path (initial): C:\Users\bkmcm\IdeaProjects\Minecraft\target\classes;C:\Users\bkmcm\.m2\repository\org\openjfx\javafx-controls\19\javafx-controls-19.jar;C:\Users\bkmcm\.m2\repository\org\openjfx\javafx-controls\19\javafx-controls-19-win.jar;C:\Users\bkmcm\.m2\repository\org\openjfx\javafx-graphics\19\javafx-graphics-19.jar;C:\Users\bkmcm\.m2\repository\org\openjfx\javafx-graphics\19\javafx-graphics-19-win.jar;C:\Users\bkmcm\.m2\repository\org\openjfx\javafx-base\19\javafx-base-19.jar;C:\Users\bkmcm\.m2\repository\org\openjfx\javafx-base\19\javafx-base-19-win.jar;C:\Users\bkmcm\.m2\repository\org\openjfx\javafx-fxml\19\javafx-fxml-19.jar;C:\Users\bkmcm\.m2\repository\org\openjfx\javafx-fxml\19\javafx-fxml-19-win.jar;C:\Users\bkmcm\.m2\repository\org\lwjgl\lwjgl\3.3.2\lwjgl-3.3.2.jar;C:\Users\bkmcm\.m2\repository\org\lwjgl\lwjgl-bgfx\3.3.2\lwjgl-bgfx-3.3.2.jar;C:\Users\bkmcm\.m2\repository\org\lwjgl\lwjgl-freetype\3.3.2\lwjgl-freetype-3.3.2.jar;C:\Users\bkmcm\.m2\repository\org\lwjgl\lwjgl-glfw\3.3.2\lwjgl-glfw-3.3.2.jar;C:\Users\bkmcm\.m2\repository\org\lwjgl\lwjgl-meshoptimizer\3.3.2\lwjgl-meshoptimizer-3.3.2.jar;C:\Users\bkmcm\.m2\repository\org\lwjgl\lwjgl-nuklear\3.3.2\lwjgl-nuklear-3.3.2.jar;C:\Users\bkmcm\.m2\repository\org\lwjgl\lwjgl-openal\3.3.2\lwjgl-openal-3.3.2.jar;C:\Users\bkmcm\.m2\repository\org\lwjgl\lwjgl-opengl\3.3.2\lwjgl-opengl-3.3.2.jar;C:\Users\bkmcm\.m2\repository\org\lwjgl\lwjgl-stb\3.3.2\lwjgl-stb-3.3.2.jar;C:\Users\bkmcm\.m2\repository\org\lwjgl\lwjgl-vma\3.3.2\lwjgl-vma-3.3.2.jar;C:\Users\bkmcm\.m2\repository\org\lwjgl\lwjgl-vulkan\3.3.2\lwjgl-vulkan-3.3.2.jar;C:\Users\bkmcm\.m2\repository\org\lwjgl\lwjgl\3.3.2\lwjgl-3.3.2-natives-windows.jar;C:\Users\bkmcm\.m2\repository\org\lwjgl\lwjgl-bgfx\3.3.2\lwjgl-bgfx-3.3.2-natives-windows.jar;C:\Users\bkmcm\.m2\repository\org\lwjgl\lwjgl-freetype\3.3.2\lwjgl-freetype-3.3.2-natives-windows.jar;C:\Users\bkmcm\.m2\repository\org\lwjgl\lwjgl-glfw\3.3.2\lwjgl-glfw-3.3.2-natives-windows.jar;C:\Users\bkmcm\.m2\repository\org\lwjgl\lwjgl-meshoptimizer\3.3.2\lwjgl-meshoptimizer-3.3.2-natives-windows.jar;C:\Users\bkmcm\.m2\repository\org\lwjgl\lwjgl-nuklear\3.3.2\lwjgl-nuklear-3.3.2-natives-windows.jar;C:\Users\bkmcm\.m2\repository\org\lwjgl\lwjgl-openal\3.3.2\lwjgl-openal-3.3.2-natives-windows.jar;C:\Users\bkmcm\.m2\repository\org\lwjgl\lwjgl-opengl\3.3.2\lwjgl-opengl-3.3.2-natives-windows.jar;C:\Users\bkmcm\.m2\repository\org\lwjgl\lwjgl-stb\3.3.2\lwjgl-stb-3.3.2-natives-windows.jar;C:\Users\bkmcm\.m2\repository\org\lwjgl\lwjgl-vma\3.3.2\lwjgl-vma-3.3.2-natives-windows.jar;C:\Users\bkmcm\.m2\repository\org\joml\joml\1.10.5\joml-1.10.5.jar;C:\Users\bkmcm\.m2\repository\org\lwjglx\lwjgl3-awt\0.1.8\lwjgl3-awt-0.1.8.jar;C:\Users\bkmcm\.m2\repository\org\lwjgl\lwjgl-jawt\3.3.2\lwjgl-jawt-3.3.2.jar;C:\Users\bkmcm\IdeaProjects\Minecraft\slick-util3.jar
Launcher Type: SUN_STANDARD

[Global flags]
     intx CICompilerCount                          = 12                                        {product} {ergonomic}
     uint ConcGCThreads                            = 5                                         {product} {ergonomic}
     uint G1ConcRefinementThreads                  = 18                                        {product} {ergonomic}
   size_t G1HeapRegionSize                         = 16777216                                  {product} {ergonomic}
    uintx GCDrainStackTargetSize                   = 64                                        {product} {ergonomic}
   size_t InitialHeapSize                          = 2147483648                                {product} {ergonomic}
   size_t MarkStackSize                            = 4194304                                   {product} {ergonomic}
   size_t MaxHeapSize                              = 31675383808                               {product} {ergonomic}
   size_t MaxNewSize                               = 18991808512                               {product} {ergonomic}
   size_t MinHeapDeltaBytes                        = 16777216                                  {product} {ergonomic}
   size_t MinHeapSize                              = 16777216                                  {product} {ergonomic}
    uintx NonNMethodCodeHeapSize                   = 7602480                                {pd product} {ergonomic}
    uintx NonProfiledCodeHeapSize                  = 122027880                              {pd product} {ergonomic}
    uintx ProfiledCodeHeapSize                     = 122027880                              {pd product} {ergonomic}
    uintx ReservedCodeCacheSize                    = 251658240                              {pd product} {ergonomic}
     bool SegmentedCodeCache                       = true                                      {product} {ergonomic}
   size_t SoftMaxHeapSize                          = 31675383808                            {manageable} {ergonomic}
     bool UseCompressedClassPointers               = true                           {product lp64_product} {ergonomic}
     bool UseCompressedOops                        = true                           {product lp64_product} {ergonomic}
     bool UseG1GC                                  = true                                      {product} {ergonomic}
     bool UseLargePagesIndividualAllocation        = false                                  {pd product} {ergonomic}

Logging:
Log output configuration:
 #0: stdout all=warning uptime,level,tags foldmultilines=false
 #1: stderr all=off uptime,level,tags foldmultilines=false

Environment Variables:
JAVA_HOME=C:\Program Files\Eclipse Adoptium\jdk-17.0.6.10-hotspot
PATH=C:\Program Files\Eclipse Adoptium\jdk-17.0.6.10-hotspot\bin;C:\Program Files\Eclipse Adoptium\jdk-17.0.6.10-hotspot\bin;C:\VulkanSDK\1.3.224.1\Bin;C:\Program Files\Common Files\Oracle\Java\javapath;C:\Program Files (x86)\Common Files\Oracle\Java\javapath;C:\Windows\system32;C:\Windows;C:\Windows\System32\Wbem;C:\Windows\System32\WindowsPowerShell\v1.0\;C:\Windows\System32\OpenSSH\;C:\Program Files (x86)\NVIDIA Corporation\PhysX\Common;C:\Program Files\dotnet\;C:\Program Files\NVIDIA Corporation\NVIDIA NvDLISR;C:\Program Files\Git\cmd;C:\Program Files\CMake\bin;C:\ProgramData\chocolatey\bin;C:\mingw64\bin;C:\Users\bkmcm\.cargo\bin;C:\Gradle\bin;C:\Program Files\Filestar;C:\ProgramData\Filestar\aliases;C:\Maven\bin;C:\vcpkg;C:\Program Files (x86)\GnuWin32\bin;C:\Program Files (x86)\Windows Kits\10\Windows Performance Toolkit\;C:\Program Files\Microsoft SQL Server\150\Tools\Binn\;C:\Program Files\Microsoft SQL Server\Client SDK\ODBC\170\Tools\Binn\;C:\Program Files\WorldPainter;C:\Users\bkmcm\Documents\Hacking\Attackers;C:\Users\bkmcm\AppData\Local\Microsoft\WindowsApps;C:\Users\bkmcm\AppData\Local\Programs\Microsoft VS Code\bin;C:\Users\bkmcm\.dotnet\tools;C:\mingw64\bin;C:\Users\bkmcm\.cargo\bin;C:\Gradle\bin;C:\Maven\bin;C:\vcpkg;C:\Program Files (x86)\GnuWin32\bin;
USERNAME=bkmcm
OS=Windows_NT
PROCESSOR_IDENTIFIER=Intel64 Family 6 Model 151 Stepping 2, GenuineIntel
TMP=C:\Users\bkmcm\AppData\Local\Temp
TEMP=C:\Users\bkmcm\AppData\Local\Temp



---------------  S Y S T E M  ---------------

OS:
 Windows 11 , 64 bit Build 22621 (10.0.22621.2070)
OS uptime: 8 days 20:05 hours
Hyper-V role detected

CPU: total 24 (initial active 24) (12 cores per cpu, 2 threads per core) family 6 model 151 stepping 2 microcode 0x1e, cx8, cmov, fxsr, ht, mmx, 3dnowpref, sse, sse2, sse3, ssse3, sse4.1, sse4.2, popcnt, lzcnt, tsc, tscinvbit, avx, avx2, aes, erms, clmul, bmi1, bmi2, adx, sha, fma, vzeroupper, clflush, clflushopt, clwb, hv, serialize, rdtscp, rdpid, fsrm

Memory: 4k page, system-wide physical 130796M (81663M free)
TotalPageFile size 138988M (AvailPageFile size 84054M)
current process WorkingSet (physical memory assigned to process): 93M, peak: 93M
current process commit charge ("private bytes"): 2279M, peak: 2279M

vm_info: Java HotSpot(TM) 64-Bit Server VM (19.0.2+7-44) for windows-amd64 JRE (19.0.2+7-44), built on 2022-11-30T18:02:09Z by "mach5one" with MS VC++ 17.1 (VS2022)

END.
