#
# A fatal error has been detected by the Java Runtime Environment:
#
#  EXCEPTION_ACCESS_VIOLATION (0xc0000005) at pc=0x00007ffe4a18cefc, pid=15456, tid=17084
#
# JRE version: Java(TM) SE Runtime Environment (19.0.2+7) (build 19.0.2+7-44)
# Java VM: Java HotSpot(TM) 64-Bit Server VM (19.0.2+7-44, mixed mode, sharing, tiered, compressed oops, compressed class ptrs, g1 gc, windows-amd64)
# Problematic frame:
# C  [lwjgl_opengl.dll+0xcefc]
#
# No core dump will be written. Minidumps are not enabled by default on client versions of Windows
#
# If you would like to submit a bug report, please visit:
#   https://bugreport.java.com/bugreport/crash.jsp
# The crash happened outside the Java Virtual Machine in native code.
# See problematic frame for where to report the bug.
#

---------------  S U M M A R Y ------------

Command Line: -javaagent:C:\Users\bkmcm\AppData\Local\JetBrains\IntelliJ IDEA Community Edition 2022.3.1\lib\idea_rt.jar=62351:C:\Users\bkmcm\AppData\Local\JetBrains\IntelliJ IDEA Community Edition 2022.3.1\bin -Dfile.encoding=UTF-8 -Dsun.stdout.encoding=UTF-8 -Dsun.stderr.encoding=UTF-8 com.thatsoulzguy.minecraft.Minecraft

Host: 12th Gen Intel(R) Core(TM) i9-12900K, 24 cores, 127G,  Windows 11 , 64 bit Build 22621 (10.0.22621.2070)
Time: Thu Sep  7 14:45:41 2023 Central Daylight Time elapsed time: 0.230019 seconds (0d 0h 0m 0s)

---------------  T H R E A D  ---------------

Current thread (0x000001e042102b10):  JavaThread "mainThread" [_thread_in_native, id=17084, stack(0x0000000d20a00000,0x0000000d20b00000)]

Stack: [0x0000000d20a00000,0x0000000d20b00000],  sp=0x0000000d20aff318,  free space=1020k
Native frames: (J=compiled Java code, j=interpreted, Vv=VM code, C=native code)
C  [lwjgl_opengl.dll+0xcefc]

Java frames: (J=compiled Java code, j=interpreted, Vv=VM code)
j  org.lwjgl.opengl.GL11C.glViewport(IIII)V+0
j  org.lwjgl.opengl.GL11.glViewport(IIII)V+4
j  com.thatsoulzguy.minecraft.core.Window.GenerateWindow(Lorg/joml/Vector2i;Ljava/lang/String;)V+35
j  com.thatsoulzguy.minecraft.Minecraft.MainThread_init()V+43
j  com.thatsoulzguy.minecraft.Minecraft.run()V+1
j  java.lang.Thread.run()V+13 java.base@19.0.2
v  ~StubRoutines::call_stub 0x000001e06b70100e

siginfo: EXCEPTION_ACCESS_VIOLATION (0xc0000005), reading address 0x0000000000000a78


Registers:
RAX=0x000001e0423d7110, RBX=0x000001e03e5178b0, RCX=0x0000000000000000, RDX=0x0000000000000000
RSP=0x0000000d20aff318, RBP=0x0000000d20aff3a8, RSI=0x000000000000070c, RDI=0x000001e06b71b8aa
R8 =0x00000000000001c2, R9 =0x00000000000001c2, R10=0x0000000000000000, R11=0x000000011e601460
R12=0x0000000000000000, R13=0x000001e03e5178a8, R14=0x0000000d20aff3e0, R15=0x000001e042102b10
RIP=0x00007ffe4a18cefc, EFLAGS=0x0000000000010202


Register to memory mapping:

RIP=0x00007ffe4a18cefc lwjgl_opengl.dll
RAX=0x000001e0423d7110 points into unknown readable memory: 0x0000000000000000 | 00 00 00 00 00 00 00 00
RBX={method} {0x000001e03e5178b8} 'glViewport' '(IIII)V' in 'org/lwjgl/opengl/GL11C'
RCX=0x0 is NULL
RDX=0x0 is NULL
RSP=0x0000000d20aff318 is pointing into the stack for thread: 0x000001e042102b10
RBP=0x0000000d20aff3a8 is pointing into the stack for thread: 0x000001e042102b10
RSI=0x000000000000070c is an unknown value
RDI=0x000001e06b71b8aa is at code_begin+1386 in an Interpreter codelet
return entry points  [0x000001e06b71b340, 0x000001e06b71be20]  2784 bytes
R8 =0x00000000000001c2 is an unknown value
R9 =0x00000000000001c2 is an unknown value
R10=0x0 is NULL
R11=0x000000011e601460 is an oop: java.lang.Class 
{0x000000011e601460} - klass: 'java/lang/Class'
 - ---- fields (total size 116 words):
 - private volatile transient 'classRedefinedCount' 'I' @12  0
 - abstract internal 'klass' 'J' @16  34376629576 (101bd48 8)
 - abstract internal 'array_klass' 'J' @24  0 (0 0)
 - abstract internal 'oop_size' 'I' @32  116 (74)
 - abstract internal 'static_oop_field_count' 'I' @36  0
 - private volatile transient 'cachedConstructor' 'Ljava/lang/reflect/Constructor;' @40  NULL (0)
 - private transient 'name' 'Ljava/lang/String;' @44  "org.lwjgl.opengl.GL11C"{0x000000011e601810} (23cc0302)
 - private transient 'module' 'Ljava/lang/Module;' @48  a 'java/lang/Module'{0x000000011f06ec40} (23e0dd88)
 - private final 'classLoader' 'Ljava/lang/ClassLoader;' @52  a 'jdk/internal/loader/ClassLoaders$AppClassLoader'{0x000000011f06ea80} (23e0dd50)
 - private transient 'classData' 'Ljava/lang/Object;' @56  NULL (0)
 - private transient 'packageName' 'Ljava/lang/String;' @60  "org.lwjgl.opengl"{0x000000011e5534a0} (23caa694)
 - private final 'componentType' 'Ljava/lang/Class;' @64  NULL (0)
 - private volatile transient 'reflectionData' 'Ljava/lang/ref/SoftReference;' @68  NULL (0)
 - private volatile transient 'genericInfo' 'Lsun/reflect/generics/repository/ClassRepository;' @72  NULL (0)
 - private volatile transient 'enumConstants' '[Ljava/lang/Object;' @76  NULL (0)
 - private volatile transient 'enumConstantDirectory' 'Ljava/util/Map;' @80  NULL (0)
 - private volatile transient 'annotationData' 'Ljava/lang/Class$AnnotationData;' @84  NULL (0)
 - private volatile transient 'annotationType' 'Lsun/reflect/annotation/AnnotationType;' @88  NULL (0)
 - transient 'classValueMap' 'Ljava/lang/ClassValue$ClassValueMap;' @92  NULL (0)
 - abstract internal 'protection_domain' 'Ljava/lang/Object;' @96  a 'java/security/ProtectionDomain'{0x000000011e592ee8} (23cb25dd)
 - abstract internal 'signers_name' 'Ljava/lang/Object;' @100  NULL (0)
 - abstract internal 'source_file' 'Ljava/lang/Object;' @104  NULL (0)
 - signature: Lorg/lwjgl/opengl/GL11C;
 - ---- static fields (0):
 - public static final 'GL_NEVER' 'I' @112  512 (200)
 - public static final 'GL_LESS' 'I' @116  513 (201)
 - public static final 'GL_EQUAL' 'I' @120  514 (202)
 - public static final 'GL_LEQUAL' 'I' @124  515 (203)
 - public static final 'GL_GREATER' 'I' @128  516 (204)
 - public static final 'GL_NOTEQUAL' 'I' @132  517 (205)
 - public static final 'GL_GEQUAL' 'I' @136  518 (206)
 - public static final 'GL_ALWAYS' 'I' @140  519 (207)
 - public static final 'GL_DEPTH_BUFFER_BIT' 'I' @144  256 (100)
 - public static final 'GL_STENCIL_BUFFER_BIT' 'I' @148  1024 (400)
 - public static final 'GL_COLOR_BUFFER_BIT' 'I' @152  16384 (4000)
 - public static final 'GL_POINTS' 'I' @156  0
 - public static final 'GL_LINES' 'I' @160  1
 - public static final 'GL_LINE_LOOP' 'I' @164  2
 - public static final 'GL_LINE_STRIP' 'I' @168  3
 - public static final 'GL_TRIANGLES' 'I' @172  4
 - public static final 'GL_TRIANGLE_STRIP' 'I' @176  5
 - public static final 'GL_TRIANGLE_FAN' 'I' @180  6
 - public static final 'GL_QUADS' 'I' @184  7
 - public static final 'GL_ZERO' 'I' @188  0
 - public static final 'GL_ONE' 'I' @192  1
 - public static final 'GL_SRC_COLOR' 'I' @196  768 (300)
 - public static final 'GL_ONE_MINUS_SRC_COLOR' 'I' @200  769 (301)
 - public static final 'GL_SRC_ALPHA' 'I' @204  770 (302)
 - public static final 'GL_ONE_MINUS_SRC_ALPHA' 'I' @208  771 (303)
 - public static final 'GL_DST_ALPHA' 'I' @212  772 (304)
 - public static final 'GL_ONE_MINUS_DST_ALPHA' 'I' @216  773 (305)
 - public static final 'GL_DST_COLOR' 'I' @220  774 (306)
 - public static final 'GL_ONE_MINUS_DST_COLOR' 'I' @224  775 (307)
 - public static final 'GL_SRC_ALPHA_SATURATE' 'I' @228  776 (308)
 - public static final 'GL_TRUE' 'I' @232  1
 - public static final 'GL_FALSE' 'I' @236  0
 - public static final 'GL_BYTE' 'I' @240  5120 (1400)
 - public static final 'GL_UNSIGNED_BYTE' 'I' @244  5121 (1401)
 - public static final 'GL_SHORT' 'I' @248  5122 (1402)
 - public static final 'GL_UNSIGNED_SHORT' 'I' @252  5123 (1403)
 - public static final 'GL_INT' 'I' @256  5124 (1404)
 - public static final 'GL_UNSIGNED_INT' 'I' @260  5125 (1405)
 - public static final 'GL_FLOAT' 'I' @264  5126 (1406)
 - public static final 'GL_DOUBLE' 'I' @268  5130 (140a)
 - public static final 'GL_NONE' 'I' @272  0
 - public static final 'GL_FRONT_LEFT' 'I' @276  1024 (400)
 - public static final 'GL_FRONT_RIGHT' 'I' @280  1025 (401)
 - public static final 'GL_BACK_LEFT' 'I' @284  1026 (402)
 - public static final 'GL_BACK_RIGHT' 'I' @288  1027 (403)
 - public static final 'GL_FRONT' 'I' @292  1028 (404)
 - public static final 'GL_BACK' 'I' @296  1029 (405)
 - public static final 'GL_LEFT' 'I' @300  1030 (406)
 - public static final 'GL_RIGHT' 'I' @304  1031 (407)
 - public static final 'GL_FRONT_AND_BACK' 'I' @308  1032 (408)
 - public static final 'GL_NO_ERROR' 'I' @312  0
 - public static final 'GL_INVALID_ENUM' 'I' @316  1280 (500)
 - public static final 'GL_INVALID_VALUE' 'I' @320  1281 (501)
 - public static final 'GL_INVALID_OPERATION' 'I' @324  1282 (502)
 - public static final 'GL_STACK_OVERFLOW' 'I' @328  1283 (503)
 - public static final 'GL_STACK_UNDERFLOW' 'I' @332  1284 (504)
 - public static final 'GL_OUT_OF_MEMORY' 'I' @336  1285 (505)
 - public static final 'GL_CW' 'I' @340  2304 (900)
 - public static final 'GL_CCW' 'I' @344  2305 (901)
 - public static final 'GL_POINT_SIZE' 'I' @348  2833 (b11)
 - public static final 'GL_POINT_SIZE_RANGE' 'I' @352  2834 (b12)
 - public static final 'GL_POINT_SIZE_GRANULARITY' 'I' @356  2835 (b13)
 - public static final 'GL_LINE_SMOOTH' 'I' @360  2848 (b20)
 - public static final 'GL_LINE_WIDTH' 'I' @364  2849 (b21)
 - public static final 'GL_LINE_WIDTH_RANGE' 'I' @368  2850 (b22)
 - public static final 'GL_LINE_WIDTH_GRANULARITY' 'I' @372  2851 (b23)
 - public static final 'GL_POLYGON_MODE' 'I' @376  2880 (b40)
 - public static final 'GL_POLYGON_SMOOTH' 'I' @380  2881 (b41)
 - public static final 'GL_CULL_FACE' 'I' @384  2884 (b44)
 - public static final 'GL_CULL_FACE_MODE' 'I' @388  2885 (b45)
 - public static final 'GL_FRONT_FACE' 'I' @392  2886 (b46)
 - public static final 'GL_DEPTH_RANGE' 'I' @396  2928 (b70)
 - public static final 'GL_DEPTH_TEST' 'I' @400  2929 (b71)
 - public static final 'GL_DEPTH_WRITEMASK' 'I' @404  2930 (b72)
 - public static final 'GL_DEPTH_CLEAR_VALUE' 'I' @408  2931 (b73)
 - public static final 'GL_DEPTH_FUNC' 'I' @412  2932 (b74)
 - public static final 'GL_STENCIL_TEST' 'I' @416  2960 (b90)
 - public static final 'GL_STENCIL_CLEAR_VALUE' 'I' @420  2961 (b91)
 - public static final 'GL_STENCIL_FUNC' 'I' @424  2962 (b92)
 - public static final 'GL_STENCIL_VALUE_MASK' 'I' @428  2963 (b93)
 - public static final 'GL_STENCIL_FAIL' 'I' @432  2964 (b94)
 - public static final 'GL_STENCIL_PASS_DEPTH_FAIL' 'I' @436  2965 (b95)
 - public static final 'GL_STENCIL_PASS_DEPTH_PASS' 'I' @440  2966 (b96)
 - public static final 'GL_STENCIL_REF' 'I' @444  2967 (b97)
 - public static final 'GL_STENCIL_WRITEMASK' 'I' @448  2968 (b98)
 - public static final 'GL_VIEWPORT' 'I' @452  2978 (ba2)
 - public static final 'GL_DITHER' 'I' @456  3024 (bd0)
 - public static final 'GL_BLEND_DST' 'I' @460  3040 (be0)
 - public static final 'GL_BLEND_SRC' 'I' @464  3041 (be1)
 - public static final 'GL_BLEND' 'I' @468  3042 (be2)
 - public static final 'GL_LOGIC_OP_MODE' 'I' @472  3056 (bf0)
 - public static final 'GL_COLOR_LOGIC_OP' 'I' @476  3058 (bf2)
 - public static final 'GL_DRAW_BUFFER' 'I' @480  3073 (c01)
 - public static final 'GL_READ_BUFFER' 'I' @484  3074 (c02)
 - public static final 'GL_SCISSOR_BOX' 'I' @488  3088 (c10)
 - public static final 'GL_SCISSOR_TEST' 'I' @492  3089 (c11)
 - public static final 'GL_COLOR_CLEAR_VALUE' 'I' @496  3106 (c22)
 - public static final 'GL_COLOR_WRITEMASK' 'I' @500  3107 (c23)
 - public static final 'GL_DOUBLEBUFFER' 'I' @504  3122 (c32)
 - public static final 'GL_STEREO' 'I' @508  3123 (c33)
 - public static final 'GL_LINE_SMOOTH_HINT' 'I' @512  3154 (c52)
 - public static final 'GL_POLYGON_SMOOTH_HINT' 'I' @516  3155 (c53)
 - public static final 'GL_UNPACK_SWAP_BYTES' 'I' @520  3312 (cf0)
 - public static final 'GL_UNPACK_LSB_FIRST' 'I' @524  3313 (cf1)
 - public static final 'GL_UNPACK_ROW_LENGTH' 'I' @528  3314 (cf2)
 - public static final 'GL_UNPACK_SKIP_ROWS' 'I' @532  3315 (cf3)
 - public static final 'GL_UNPACK_SKIP_PIXELS' 'I' @536  3316 (cf4)
 - public static final 'GL_UNPACK_ALIGNMENT' 'I' @540  3317 (cf5)
 - public static final 'GL_PACK_SWAP_BYTES' 'I' @544  3328 (d00)
 - public static final 'GL_PACK_LSB_FIRST' 'I' @548  3329 (d01)
 - public static final 'GL_PACK_ROW_LENGTH' 'I' @552  3330 (d02)
 - public static final 'GL_PACK_SKIP_ROWS' 'I' @556  3331 (d03)
 - public static final 'GL_PACK_SKIP_PIXELS' 'I' @560  3332 (d04)
 - public static final 'GL_PACK_ALIGNMENT' 'I' @564  3333 (d05)
 - public static final 'GL_MAX_TEXTURE_SIZE' 'I' @568  3379 (d33)
 - public static final 'GL_MAX_VIEWPORT_DIMS' 'I' @572  3386 (d3a)
 - public static final 'GL_SUBPIXEL_BITS' 'I' @576  3408 (d50)
 - public static final 'GL_TEXTURE_1D' 'I' @580  3552 (de0)
 - public static final 'GL_TEXTURE_2D' 'I' @584  3553 (de1)
 - public static final 'GL_TEXTURE_WIDTH' 'I' @588  4096 (1000)
 - public static final 'GL_TEXTURE_HEIGHT' 'I' @592  4097 (1001)
 - public static final 'GL_TEXTURE_INTERNAL_FORMAT' 'I' @596  4099 (1003)
 - public static final 'GL_TEXTURE_BORDER_COLOR' 'I' @600  4100 (1004)
 - public static final 'GL_DONT_CARE' 'I' @604  4352 (1100)
 - public static final 'GL_FASTEST' 'I' @608  4353 (1101)
 - public static final 'GL_NICEST' 'I' @612  4354 (1102)
 - public static final 'GL_CLEAR' 'I' @616  5376 (1500)
 - public static final 'GL_AND' 'I' @620  5377 (1501)
 - public static final 'GL_AND_REVERSE' 'I' @624  5378 (1502)
 - public static final 'GL_COPY' 'I' @628  5379 (1503)
 - public static final 'GL_AND_INVERTED' 'I' @632  5380 (1504)
 - public static final 'GL_NOOP' 'I' @636  5381 (1505)
 - public static final 'GL_XOR' 'I' @640  5382 (1506)
 - public static final 'GL_OR' 'I' @644  5383 (1507)
 - public static final 'GL_NOR' 'I' @648  5384 (1508)
 - public static final 'GL_EQUIV' 'I' @652  5385 (1509)
 - public static final 'GL_INVERT' 'I' @656  5386 (150a)
 - public static final 'GL_OR_REVERSE' 'I' @660  5387 (150b)
 - public static final 'GL_COPY_INVERTED' 'I' @664  5388 (150c)
 - public static final 'GL_OR_INVERTED' 'I' @668  5389 (150d)
 - public static final 'GL_NAND' 'I' @672  5390 (150e)
 - public static final 'GL_SET' 'I' @676  5391 (150f)
 - public static final 'GL_TEXTURE' 'I' @680  5890 (1702)
 - public static final 'GL_COLOR' 'I' @684  6144 (1800)
 - public static final 'GL_DEPTH' 'I' @688  6145 (1801)
 - public static final 'GL_STENCIL' 'I' @692  6146 (1802)
 - public static final 'GL_STENCIL_INDEX' 'I' @696  6401 (1901)
 - public static final 'GL_DEPTH_COMPONENT' 'I' @700  6402 (1902)
 - public static final 'GL_RED' 'I' @704  6403 (1903)
 - public static final 'GL_GREEN' 'I' @708  6404 (1904)
 - public static final 'GL_BLUE' 'I' @712  6405 (1905)
 - public static final 'GL_ALPHA' 'I' @716  6406 (1906)
 - public static final 'GL_RGB' 'I' @720  6407 (1907)
 - public static final 'GL_RGBA' 'I' @724  6408 (1908)
 - public static final 'GL_POINT' 'I' @728  6912 (1b00)
 - public static final 'GL_LINE' 'I' @732  6913 (1b01)
 - public static final 'GL_FILL' 'I' @736  6914 (1b02)
 - public static final 'GL_KEEP' 'I' @740  7680 (1e00)
 - public static final 'GL_REPLACE' 'I' @744  7681 (1e01)
 - public static final 'GL_INCR' 'I' @748  7682 (1e02)
 - public static final 'GL_DECR' 'I' @752  7683 (1e03)
 - public static final 'GL_VENDOR' 'I' @756  7936 (1f00)
 - public static final 'GL_RENDERER' 'I' @760  7937 (1f01)
 - public static final 'GL_VERSION' 'I' @764  7938 (1f02)
 - public static final 'GL_EXTENSIONS' 'I' @768  7939 (1f03)
 - public static final 'GL_NEAREST' 'I' @772  9728 (2600)
 - public static final 'GL_LINEAR' 'I' @776  9729 (2601)
 - public static final 'GL_NEAREST_MIPMAP_NEAREST' 'I' @780  9984 (2700)
 - public static final 'GL_LINEAR_MIPMAP_NEAREST' 'I' @784  9985 (2701)
 - public static final 'GL_NEAREST_MIPMAP_LINEAR' 'I' @788  9986 (2702)
 - public static final 'GL_LINEAR_MIPMAP_LINEAR' 'I' @792  9987 (2703)
 - public static final 'GL_TEXTURE_MAG_FILTER' 'I' @796  10240 (2800)
 - public static final 'GL_TEXTURE_MIN_FILTER' 'I' @800  10241 (2801)
 - public static final 'GL_TEXTURE_WRAP_S' 'I' @804  10242 (2802)
 - public static final 'GL_TEXTURE_WRAP_T' 'I' @808  10243 (2803)
 - public static final 'GL_REPEAT' 'I' @812  10497 (2901)
 - public static final 'GL_POLYGON_OFFSET_FACTOR' 'I' @816  32824 (8038)
 - public static final 'GL_POLYGON_OFFSET_UNITS' 'I' @820  10752 (2a00)
 - public static final 'GL_POLYGON_OFFSET_POINT' 'I' @824  10753 (2a01)
 - public static final 'GL_POLYGON_OFFSET_LINE' 'I' @828  10754 (2a02)
 - public static final 'GL_POLYGON_OFFSET_FILL' 'I' @832  32823 (8037)
 - public static final 'GL_R3_G3_B2' 'I' @836  10768 (2a10)
 - public static final 'GL_RGB4' 'I' @840  32847 (804f)
 - public static final 'GL_RGB5' 'I' @844  32848 (8050)
 - public static final 'GL_RGB8' 'I' @848  32849 (8051)
 - public static final 'GL_RGB10' 'I' @852  32850 (8052)
 - public static final 'GL_RGB12' 'I' @856  32851 (8053)
 - public static final 'GL_RGB16' 'I' @860  32852 (8054)
 - public static final 'GL_RGBA2' 'I' @864  32853 (8055)
 - public static final 'GL_RGBA4' 'I' @868  32854 (8056)
 - public static final 'GL_RGB5_A1' 'I' @872  32855 (8057)
 - public static final 'GL_RGBA8' 'I' @876  32856 (8058)
 - public static final 'GL_RGB10_A2' 'I' @880  32857 (8059)
 - public static final 'GL_RGBA12' 'I' @884  32858 (805a)
 - public static final 'GL_RGBA16' 'I' @888  32859 (805b)
 - public static final 'GL_TEXTURE_RED_SIZE' 'I' @892  32860 (805c)
 - public static final 'GL_TEXTURE_GREEN_SIZE' 'I' @896  32861 (805d)
 - public static final 'GL_TEXTURE_BLUE_SIZE' 'I' @900  32862 (805e)
 - public static final 'GL_TEXTURE_ALPHA_SIZE' 'I' @904  32863 (805f)
 - public static final 'GL_PROXY_TEXTURE_1D' 'I' @908  32867 (8063)
 - public static final 'GL_PROXY_TEXTURE_2D' 'I' @912  32868 (8064)
 - public static final 'GL_TEXTURE_BINDING_1D' 'I' @916  32872 (8068)
 - public static final 'GL_TEXTURE_BINDING_2D' 'I' @920  32873 (8069)
 - public static final 'GL_VERTEX_ARRAY' 'I' @924  32884 (8074)
R12=0x0 is NULL
R13=0x000001e03e5178a8 is pointing into metadata
R14=0x0000000d20aff3e0 is pointing into the stack for thread: 0x000001e042102b10
R15=0x000001e042102b10 is a thread


Top of Stack: (sp=0x0000000d20aff318)
0x0000000d20aff318:   000001e06b71f95d 000001e06b71b8aa
0x0000000d20aff328:   000001e06b71f63a 000001e03e5178b0
0x0000000d20aff338:   000000000000070c 3ff00000000001c2
0x0000000d20aff348:   000001e0000001c2 000000000000070c
0x0000000d20aff358:   000001e06b71f5f6 0000000d20aff360
0x0000000d20aff368:   000001e03e5178a8 0000000d20aff3e0
0x0000000d20aff378:   000001e03e51ac28 0000000000000000
0x0000000d20aff388:   000000011e601460 000001e03e5178b0
0x0000000d20aff398:   0000000000000000 0000000d20aff3c8
0x0000000d20aff3a8:   0000000d20aff430 000001e06b71b796
0x0000000d20aff3b8:   000000011e601460 000001e06b71d197
0x0000000d20aff3c8:   00000000000001c2 00000000000001c2
0x0000000d20aff3d8:   0000000000000000 0000000000000000
0x0000000d20aff3e8:   0000000d20aff3e8 000001e03e4efd44
0x0000000d20aff3f8:   0000000d20aff458 000001e03e4fad80
0x0000000d20aff408:   0000000000000000 000000011e5930c8 

Instructions: (pc=0x00007ffe4a18cefc)
0x00007ffe4a18cdfc:   cc cc cc cc 48 8b 01 45 8b d8 4c 8b 44 24 28 41
0x00007ffe4a18ce0c:   8b d1 41 8b cb 4c 8b 50 18 49 ff a2 88 09 00 00
0x00007ffe4a18ce1c:   cc cc cc cc 40 53 48 83 ec 40 48 8b 01 41 8b d8
0x00007ffe4a18ce2c:   44 8b 44 24 70 41 8b d1 44 8b 4c 24 78 8b cb 4c
0x00007ffe4a18ce3c:   8b 50 18 48 8b 84 24 90 00 00 00 48 89 44 24 30
0x00007ffe4a18ce4c:   8b 84 24 88 00 00 00 89 44 24 28 8b 84 24 80 00
0x00007ffe4a18ce5c:   00 00 89 44 24 20 41 ff 92 90 09 00 00 48 83 c4
0x00007ffe4a18ce6c:   40 5b c3 cc 40 53 48 83 ec 50 48 8b 01 41 8b d8
0x00007ffe4a18ce7c:   44 8b 84 24 80 00 00 00 41 8b d1 44 8b 8c 24 88
0x00007ffe4a18ce8c:   00 00 00 8b cb 4c 8b 50 18 48 8b 84 24 b0 00 00
0x00007ffe4a18ce9c:   00 48 89 44 24 40 8b 84 24 a8 00 00 00 89 44 24
0x00007ffe4a18ceac:   38 8b 84 24 a0 00 00 00 89 44 24 30 8b 84 24 98
0x00007ffe4a18cebc:   00 00 00 89 44 24 28 8b 84 24 90 00 00 00 89 44
0x00007ffe4a18cecc:   24 20 41 ff 92 98 09 00 00 48 83 c4 50 5b c3 cc
0x00007ffe4a18cedc:   cc cc cc cc 40 53 48 8b 01 41 8b d8 44 8b 44 24
0x00007ffe4a18ceec:   30 41 8b d1 44 8b 4c 24 38 8b cb 4c 8b 50 18 5b
0x00007ffe4a18cefc:   49 ff a2 78 0a 00 00 cc cc cc cc cc cc cc cc cc
0x00007ffe4a18cf0c:   cc cc cc cc 40 53 48 83 ec 50 48 8b 01 41 8b d8
0x00007ffe4a18cf1c:   44 8b 84 24 80 00 00 00 41 8b d1 44 8b 8c 24 88
0x00007ffe4a18cf2c:   00 00 00 8b cb 4c 8b 50 18 48 8b 84 24 b8 00 00
0x00007ffe4a18cf3c:   00 48 89 44 24 48 8b 84 24 b0 00 00 00 89 44 24
0x00007ffe4a18cf4c:   40 8b 84 24 a8 00 00 00 89 44 24 38 8b 84 24 a0
0x00007ffe4a18cf5c:   00 00 00 89 44 24 30 8b 84 24 98 00 00 00 89 44
0x00007ffe4a18cf6c:   24 28 8b 84 24 90 00 00 00 89 44 24 20 41 ff 92
0x00007ffe4a18cf7c:   80 0a 00 00 48 83 c4 50 5b c3 cc cc cc cc cc cc
0x00007ffe4a18cf8c:   cc cc cc cc 40 53 48 83 ec 60 48 8b 01 41 8b d8
0x00007ffe4a18cf9c:   44 8b 84 24 90 00 00 00 41 8b d1 44 8b 8c 24 98
0x00007ffe4a18cfac:   00 00 00 8b cb 4c 8b 50 18 48 8b 84 24 d0 00 00
0x00007ffe4a18cfbc:   00 48 89 44 24 50 8b 84 24 c8 00 00 00 89 44 24
0x00007ffe4a18cfcc:   48 8b 84 24 c0 00 00 00 89 44 24 40 8b 84 24 b8
0x00007ffe4a18cfdc:   00 00 00 89 44 24 38 8b 84 24 b0 00 00 00 89 44
0x00007ffe4a18cfec:   24 30 8b 84 24 a8 00 00 00 89 44 24 28 8b 84 24 


Stack slot to memory mapping:
stack at sp + 0 slots: 0x000001e06b71f95d is at code_begin+1053 in an Interpreter codelet
method entry point (kind = native)  [0x000001e06b71f540, 0x000001e06b720050]  2832 bytes
stack at sp + 1 slots: 0x000001e06b71b8aa is at code_begin+1386 in an Interpreter codelet
return entry points  [0x000001e06b71b340, 0x000001e06b71be20]  2784 bytes
stack at sp + 2 slots: 0x000001e06b71f63a is at code_begin+250 in an Interpreter codelet
method entry point (kind = native)  [0x000001e06b71f540, 0x000001e06b720050]  2832 bytes
stack at sp + 3 slots: {method} {0x000001e03e5178b8} 'glViewport' '(IIII)V' in 'org/lwjgl/opengl/GL11C'
stack at sp + 4 slots: 0x000000000000070c is an unknown value
stack at sp + 5 slots: 0x3ff00000000001c2 is an unknown value
stack at sp + 6 slots: 0x000001e0000001c2 points into unknown readable memory: 00 00 00 00 00 00
stack at sp + 7 slots: 0x000000000000070c is an unknown value


---------------  P R O C E S S  ---------------

Threads class SMR info:
_java_thread_list=0x000001e04210d220, length=17, elements={
0x000001e03d9d1ed0, 0x000001e03d9d2800, 0x000001e03d9d3130, 0x000001e03d9d7de0,
0x000001e03d9d8710, 0x000001e03d9d9040, 0x000001e03d9dd1a0, 0x000001e03d9e3b30,
0x000001e03d9f6cb0, 0x000001e03dae8830, 0x000001e03dae9e40, 0x000001e03daecbf0,
0x000001e03dc3bb00, 0x000001e042105150, 0x000001e042102b10, 0x000001e05c34f090,
0x000001e042126400
}

Java Threads: ( => current thread )
  0x000001e03d9d1ed0 JavaThread "Reference Handler" daemon [_thread_blocked, id=30952, stack(0x0000000d1fb00000,0x0000000d1fc00000)]
  0x000001e03d9d2800 JavaThread "Finalizer" daemon [_thread_blocked, id=59028, stack(0x0000000d1fc00000,0x0000000d1fd00000)]
  0x000001e03d9d3130 JavaThread "Signal Dispatcher" daemon [_thread_blocked, id=60852, stack(0x0000000d1fd00000,0x0000000d1fe00000)]
  0x000001e03d9d7de0 JavaThread "Attach Listener" daemon [_thread_blocked, id=60740, stack(0x0000000d1fe00000,0x0000000d1ff00000)]
  0x000001e03d9d8710 JavaThread "Service Thread" daemon [_thread_blocked, id=42108, stack(0x0000000d1ff00000,0x0000000d20000000)]
  0x000001e03d9d9040 JavaThread "Monitor Deflation Thread" daemon [_thread_blocked, id=46384, stack(0x0000000d20000000,0x0000000d20100000)]
  0x000001e03d9dd1a0 JavaThread "C2 CompilerThread0" daemon [_thread_blocked, id=35144, stack(0x0000000d20100000,0x0000000d20200000)]
  0x000001e03d9e3b30 JavaThread "C1 CompilerThread0" daemon [_thread_blocked, id=61316, stack(0x0000000d20200000,0x0000000d20300000)]
  0x000001e03d9f6cb0 JavaThread "Sweeper thread" daemon [_thread_blocked, id=47640, stack(0x0000000d20300000,0x0000000d20400000)]
  0x000001e03dae8830 JavaThread "Common-Cleaner" daemon [_thread_blocked, id=62404, stack(0x0000000d20400000,0x0000000d20500000)]
  0x000001e03dae9e40 JavaThread "C1 CompilerThread1" daemon [_thread_blocked, id=62320, stack(0x0000000d20500000,0x0000000d20600000)]
  0x000001e03daecbf0 JavaThread "C1 CompilerThread2" daemon [_thread_blocked, id=23016, stack(0x0000000d20600000,0x0000000d20700000)]
  0x000001e03dc3bb00 JavaThread "Monitor Ctrl-Break" daemon [_thread_in_native, id=37992, stack(0x0000000d20700000,0x0000000d20800000)]
  0x000001e042105150 JavaThread "Notification Thread" daemon [_thread_blocked, id=54388, stack(0x0000000d20800000,0x0000000d20900000)]
=>0x000001e042102b10 JavaThread "mainThread" [_thread_in_native, id=17084, stack(0x0000000d20a00000,0x0000000d20b00000)]
  0x000001e05c34f090 JavaThread "DestroyJavaVM" [_thread_blocked, id=58120, stack(0x0000000d1f400000,0x0000000d1f500000)]
  0x000001e042126400 JavaThread "C2 CompilerThread1" daemon [_thread_blocked, id=58452, stack(0x0000000d20b00000,0x0000000d20c00000)]

Other Threads:
  0x000001e05c3710f0 VMThread "VM Thread" [stack: 0x0000000d1fa00000,0x0000000d1fb00000] [id=15224]
  0x000001e042107b60 WatcherThread "VM Periodic Task Thread" [stack: 0x0000000d20900000,0x0000000d20a00000] [id=28456]
  0x000001e05c3721d0 WorkerThread "GC Thread#0" [stack: 0x0000000d1f500000,0x0000000d1f600000] [id=11808]
  0x000001e05c40e530 ConcurrentGCThread "G1 Main Marker" [stack: 0x0000000d1f600000,0x0000000d1f700000] [id=63312]
  0x000001e05c3713c0 WorkerThread "G1 Conc#0" [stack: 0x0000000d1f700000,0x0000000d1f800000] [id=32504]
  0x000001e07427a790 ConcurrentGCThread "G1 Refine#0" [stack: 0x0000000d1f800000,0x0000000d1f900000] [id=62840]
  0x000001e07427b2d0 ConcurrentGCThread "G1 Service" [stack: 0x0000000d1f900000,0x0000000d1fa00000] [id=3632]

Threads with active compile tasks:

VM state: not at safepoint (normal execution)

VM Mutex/Monitor currently owned by a thread: None

Heap address: 0x00000000a0000000, size: 30208 MB, Compressed Oops mode: Zero based, Oop shift amount: 3

CDS archive(s) mapped at: [0x0000000800000000-0x0000000800c40000-0x0000000800c40000), size 12845056, SharedBaseAddress: 0x0000000800000000, ArchiveRelocationMode: 0.
Compressed class space mapped at: 0x0000000801000000-0x0000000841000000, reserved size: 1073741824
Narrow klass base: 0x0000000800000000, Narrow klass shift: 0, Narrow klass range: 0x100000000

GC Precious Log:
 CardTable entry size: 512
 Card Set container configuration: InlinePtr #cards 3 size 8 Array Of Cards #cards 128 size 272 Howl #buckets 8 coarsen threshold 29491 Howl Bitmap #cards 4096 size 528 coarsen threshold 3686 Card regions per heap region 1 cards per card region 32768
 CPUs: 24 total, 24 available
 Memory: 127G
 Large Page Support: Disabled
 NUMA Support: Disabled
 Compressed Oops: Enabled (Zero based)
 Heap Region Size: 16M
 Heap Min Capacity: 16M
 Heap Initial Capacity: 2G
 Heap Max Capacity: 30208M
 Pre-touch: Disabled
 Parallel Workers: 18
 Concurrent Workers: 5
 Concurrent Refinement Workers: 18
 Periodic GC: Disabled

Heap:
 garbage-first heap   total 2097152K, used 16384K [0x00000000a0000000, 0x0000000800000000)
  region size 16384K, 2 young (32768K), 0 survivors (0K)
 Metaspace       used 3491K, committed 3584K, reserved 1114112K
  class space    used 282K, committed 320K, reserved 1048576K

Heap Regions: E=young(eden), S=young(survivor), O=old, HS=humongous(starts), HC=humongous(continues), CS=collection set, F=free, OA=open archive, CA=closed archive, TAMS=top-at-mark-start (previous, next)
|   0|0x00000000a0000000, 0x00000000a0000000, 0x00000000a1000000|  0%| F|  |TAMS 0x00000000a0000000, 0x00000000a0000000| Untracked 
|   1|0x00000000a1000000, 0x00000000a1000000, 0x00000000a2000000|  0%| F|  |TAMS 0x00000000a1000000, 0x00000000a1000000| Untracked 
|   2|0x00000000a2000000, 0x00000000a2000000, 0x00000000a3000000|  0%| F|  |TAMS 0x00000000a2000000, 0x00000000a2000000| Untracked 
|   3|0x00000000a3000000, 0x00000000a3000000, 0x00000000a4000000|  0%| F|  |TAMS 0x00000000a3000000, 0x00000000a3000000| Untracked 
|   4|0x00000000a4000000, 0x00000000a4000000, 0x00000000a5000000|  0%| F|  |TAMS 0x00000000a4000000, 0x00000000a4000000| Untracked 
|   5|0x00000000a5000000, 0x00000000a5000000, 0x00000000a6000000|  0%| F|  |TAMS 0x00000000a5000000, 0x00000000a5000000| Untracked 
|   6|0x00000000a6000000, 0x00000000a6000000, 0x00000000a7000000|  0%| F|  |TAMS 0x00000000a6000000, 0x00000000a6000000| Untracked 
|   7|0x00000000a7000000, 0x00000000a7000000, 0x00000000a8000000|  0%| F|  |TAMS 0x00000000a7000000, 0x00000000a7000000| Untracked 
|   8|0x00000000a8000000, 0x00000000a8000000, 0x00000000a9000000|  0%| F|  |TAMS 0x00000000a8000000, 0x00000000a8000000| Untracked 
|   9|0x00000000a9000000, 0x00000000a9000000, 0x00000000aa000000|  0%| F|  |TAMS 0x00000000a9000000, 0x00000000a9000000| Untracked 
|  10|0x00000000aa000000, 0x00000000aa000000, 0x00000000ab000000|  0%| F|  |TAMS 0x00000000aa000000, 0x00000000aa000000| Untracked 
|  11|0x00000000ab000000, 0x00000000ab000000, 0x00000000ac000000|  0%| F|  |TAMS 0x00000000ab000000, 0x00000000ab000000| Untracked 
|  12|0x00000000ac000000, 0x00000000ac000000, 0x00000000ad000000|  0%| F|  |TAMS 0x00000000ac000000, 0x00000000ac000000| Untracked 
|  13|0x00000000ad000000, 0x00000000ad000000, 0x00000000ae000000|  0%| F|  |TAMS 0x00000000ad000000, 0x00000000ad000000| Untracked 
|  14|0x00000000ae000000, 0x00000000ae000000, 0x00000000af000000|  0%| F|  |TAMS 0x00000000ae000000, 0x00000000ae000000| Untracked 
|  15|0x00000000af000000, 0x00000000af000000, 0x00000000b0000000|  0%| F|  |TAMS 0x00000000af000000, 0x00000000af000000| Untracked 
|  16|0x00000000b0000000, 0x00000000b0000000, 0x00000000b1000000|  0%| F|  |TAMS 0x00000000b0000000, 0x00000000b0000000| Untracked 
|  17|0x00000000b1000000, 0x00000000b1000000, 0x00000000b2000000|  0%| F|  |TAMS 0x00000000b1000000, 0x00000000b1000000| Untracked 
|  18|0x00000000b2000000, 0x00000000b2000000, 0x00000000b3000000|  0%| F|  |TAMS 0x00000000b2000000, 0x00000000b2000000| Untracked 
|  19|0x00000000b3000000, 0x00000000b3000000, 0x00000000b4000000|  0%| F|  |TAMS 0x00000000b3000000, 0x00000000b3000000| Untracked 
|  20|0x00000000b4000000, 0x00000000b4000000, 0x00000000b5000000|  0%| F|  |TAMS 0x00000000b4000000, 0x00000000b4000000| Untracked 
|  21|0x00000000b5000000, 0x00000000b5000000, 0x00000000b6000000|  0%| F|  |TAMS 0x00000000b5000000, 0x00000000b5000000| Untracked 
|  22|0x00000000b6000000, 0x00000000b6000000, 0x00000000b7000000|  0%| F|  |TAMS 0x00000000b6000000, 0x00000000b6000000| Untracked 
|  23|0x00000000b7000000, 0x00000000b7000000, 0x00000000b8000000|  0%| F|  |TAMS 0x00000000b7000000, 0x00000000b7000000| Untracked 
|  24|0x00000000b8000000, 0x00000000b8000000, 0x00000000b9000000|  0%| F|  |TAMS 0x00000000b8000000, 0x00000000b8000000| Untracked 
|  25|0x00000000b9000000, 0x00000000b9000000, 0x00000000ba000000|  0%| F|  |TAMS 0x00000000b9000000, 0x00000000b9000000| Untracked 
|  26|0x00000000ba000000, 0x00000000ba000000, 0x00000000bb000000|  0%| F|  |TAMS 0x00000000ba000000, 0x00000000ba000000| Untracked 
|  27|0x00000000bb000000, 0x00000000bb000000, 0x00000000bc000000|  0%| F|  |TAMS 0x00000000bb000000, 0x00000000bb000000| Untracked 
|  28|0x00000000bc000000, 0x00000000bc000000, 0x00000000bd000000|  0%| F|  |TAMS 0x00000000bc000000, 0x00000000bc000000| Untracked 
|  29|0x00000000bd000000, 0x00000000bd000000, 0x00000000be000000|  0%| F|  |TAMS 0x00000000bd000000, 0x00000000bd000000| Untracked 
|  30|0x00000000be000000, 0x00000000be000000, 0x00000000bf000000|  0%| F|  |TAMS 0x00000000be000000, 0x00000000be000000| Untracked 
|  31|0x00000000bf000000, 0x00000000bf000000, 0x00000000c0000000|  0%| F|  |TAMS 0x00000000bf000000, 0x00000000bf000000| Untracked 
|  32|0x00000000c0000000, 0x00000000c0000000, 0x00000000c1000000|  0%| F|  |TAMS 0x00000000c0000000, 0x00000000c0000000| Untracked 
|  33|0x00000000c1000000, 0x00000000c1000000, 0x00000000c2000000|  0%| F|  |TAMS 0x00000000c1000000, 0x00000000c1000000| Untracked 
|  34|0x00000000c2000000, 0x00000000c2000000, 0x00000000c3000000|  0%| F|  |TAMS 0x00000000c2000000, 0x00000000c2000000| Untracked 
|  35|0x00000000c3000000, 0x00000000c3000000, 0x00000000c4000000|  0%| F|  |TAMS 0x00000000c3000000, 0x00000000c3000000| Untracked 
|  36|0x00000000c4000000, 0x00000000c4000000, 0x00000000c5000000|  0%| F|  |TAMS 0x00000000c4000000, 0x00000000c4000000| Untracked 
|  37|0x00000000c5000000, 0x00000000c5000000, 0x00000000c6000000|  0%| F|  |TAMS 0x00000000c5000000, 0x00000000c5000000| Untracked 
|  38|0x00000000c6000000, 0x00000000c6000000, 0x00000000c7000000|  0%| F|  |TAMS 0x00000000c6000000, 0x00000000c6000000| Untracked 
|  39|0x00000000c7000000, 0x00000000c7000000, 0x00000000c8000000|  0%| F|  |TAMS 0x00000000c7000000, 0x00000000c7000000| Untracked 
|  40|0x00000000c8000000, 0x00000000c8000000, 0x00000000c9000000|  0%| F|  |TAMS 0x00000000c8000000, 0x00000000c8000000| Untracked 
|  41|0x00000000c9000000, 0x00000000c9000000, 0x00000000ca000000|  0%| F|  |TAMS 0x00000000c9000000, 0x00000000c9000000| Untracked 
|  42|0x00000000ca000000, 0x00000000ca000000, 0x00000000cb000000|  0%| F|  |TAMS 0x00000000ca000000, 0x00000000ca000000| Untracked 
|  43|0x00000000cb000000, 0x00000000cb000000, 0x00000000cc000000|  0%| F|  |TAMS 0x00000000cb000000, 0x00000000cb000000| Untracked 
|  44|0x00000000cc000000, 0x00000000cc000000, 0x00000000cd000000|  0%| F|  |TAMS 0x00000000cc000000, 0x00000000cc000000| Untracked 
|  45|0x00000000cd000000, 0x00000000cd000000, 0x00000000ce000000|  0%| F|  |TAMS 0x00000000cd000000, 0x00000000cd000000| Untracked 
|  46|0x00000000ce000000, 0x00000000ce000000, 0x00000000cf000000|  0%| F|  |TAMS 0x00000000ce000000, 0x00000000ce000000| Untracked 
|  47|0x00000000cf000000, 0x00000000cf000000, 0x00000000d0000000|  0%| F|  |TAMS 0x00000000cf000000, 0x00000000cf000000| Untracked 
|  48|0x00000000d0000000, 0x00000000d0000000, 0x00000000d1000000|  0%| F|  |TAMS 0x00000000d0000000, 0x00000000d0000000| Untracked 
|  49|0x00000000d1000000, 0x00000000d1000000, 0x00000000d2000000|  0%| F|  |TAMS 0x00000000d1000000, 0x00000000d1000000| Untracked 
|  50|0x00000000d2000000, 0x00000000d2000000, 0x00000000d3000000|  0%| F|  |TAMS 0x00000000d2000000, 0x00000000d2000000| Untracked 
|  51|0x00000000d3000000, 0x00000000d3000000, 0x00000000d4000000|  0%| F|  |TAMS 0x00000000d3000000, 0x00000000d3000000| Untracked 
|  52|0x00000000d4000000, 0x00000000d4000000, 0x00000000d5000000|  0%| F|  |TAMS 0x00000000d4000000, 0x00000000d4000000| Untracked 
|  53|0x00000000d5000000, 0x00000000d5000000, 0x00000000d6000000|  0%| F|  |TAMS 0x00000000d5000000, 0x00000000d5000000| Untracked 
|  54|0x00000000d6000000, 0x00000000d6000000, 0x00000000d7000000|  0%| F|  |TAMS 0x00000000d6000000, 0x00000000d6000000| Untracked 
|  55|0x00000000d7000000, 0x00000000d7000000, 0x00000000d8000000|  0%| F|  |TAMS 0x00000000d7000000, 0x00000000d7000000| Untracked 
|  56|0x00000000d8000000, 0x00000000d8000000, 0x00000000d9000000|  0%| F|  |TAMS 0x00000000d8000000, 0x00000000d8000000| Untracked 
|  57|0x00000000d9000000, 0x00000000d9000000, 0x00000000da000000|  0%| F|  |TAMS 0x00000000d9000000, 0x00000000d9000000| Untracked 
|  58|0x00000000da000000, 0x00000000da000000, 0x00000000db000000|  0%| F|  |TAMS 0x00000000da000000, 0x00000000da000000| Untracked 
|  59|0x00000000db000000, 0x00000000db000000, 0x00000000dc000000|  0%| F|  |TAMS 0x00000000db000000, 0x00000000db000000| Untracked 
|  60|0x00000000dc000000, 0x00000000dc000000, 0x00000000dd000000|  0%| F|  |TAMS 0x00000000dc000000, 0x00000000dc000000| Untracked 
|  61|0x00000000dd000000, 0x00000000dd000000, 0x00000000de000000|  0%| F|  |TAMS 0x00000000dd000000, 0x00000000dd000000| Untracked 
|  62|0x00000000de000000, 0x00000000de000000, 0x00000000df000000|  0%| F|  |TAMS 0x00000000de000000, 0x00000000de000000| Untracked 
|  63|0x00000000df000000, 0x00000000df000000, 0x00000000e0000000|  0%| F|  |TAMS 0x00000000df000000, 0x00000000df000000| Untracked 
|  64|0x00000000e0000000, 0x00000000e0000000, 0x00000000e1000000|  0%| F|  |TAMS 0x00000000e0000000, 0x00000000e0000000| Untracked 
|  65|0x00000000e1000000, 0x00000000e1000000, 0x00000000e2000000|  0%| F|  |TAMS 0x00000000e1000000, 0x00000000e1000000| Untracked 
|  66|0x00000000e2000000, 0x00000000e2000000, 0x00000000e3000000|  0%| F|  |TAMS 0x00000000e2000000, 0x00000000e2000000| Untracked 
|  67|0x00000000e3000000, 0x00000000e3000000, 0x00000000e4000000|  0%| F|  |TAMS 0x00000000e3000000, 0x00000000e3000000| Untracked 
|  68|0x00000000e4000000, 0x00000000e4000000, 0x00000000e5000000|  0%| F|  |TAMS 0x00000000e4000000, 0x00000000e4000000| Untracked 
|  69|0x00000000e5000000, 0x00000000e5000000, 0x00000000e6000000|  0%| F|  |TAMS 0x00000000e5000000, 0x00000000e5000000| Untracked 
|  70|0x00000000e6000000, 0x00000000e6000000, 0x00000000e7000000|  0%| F|  |TAMS 0x00000000e6000000, 0x00000000e6000000| Untracked 
|  71|0x00000000e7000000, 0x00000000e7000000, 0x00000000e8000000|  0%| F|  |TAMS 0x00000000e7000000, 0x00000000e7000000| Untracked 
|  72|0x00000000e8000000, 0x00000000e8000000, 0x00000000e9000000|  0%| F|  |TAMS 0x00000000e8000000, 0x00000000e8000000| Untracked 
|  73|0x00000000e9000000, 0x00000000e9000000, 0x00000000ea000000|  0%| F|  |TAMS 0x00000000e9000000, 0x00000000e9000000| Untracked 
|  74|0x00000000ea000000, 0x00000000ea000000, 0x00000000eb000000|  0%| F|  |TAMS 0x00000000ea000000, 0x00000000ea000000| Untracked 
|  75|0x00000000eb000000, 0x00000000eb000000, 0x00000000ec000000|  0%| F|  |TAMS 0x00000000eb000000, 0x00000000eb000000| Untracked 
|  76|0x00000000ec000000, 0x00000000ec000000, 0x00000000ed000000|  0%| F|  |TAMS 0x00000000ec000000, 0x00000000ec000000| Untracked 
|  77|0x00000000ed000000, 0x00000000ed000000, 0x00000000ee000000|  0%| F|  |TAMS 0x00000000ed000000, 0x00000000ed000000| Untracked 
|  78|0x00000000ee000000, 0x00000000ee000000, 0x00000000ef000000|  0%| F|  |TAMS 0x00000000ee000000, 0x00000000ee000000| Untracked 
|  79|0x00000000ef000000, 0x00000000ef000000, 0x00000000f0000000|  0%| F|  |TAMS 0x00000000ef000000, 0x00000000ef000000| Untracked 
|  80|0x00000000f0000000, 0x00000000f0000000, 0x00000000f1000000|  0%| F|  |TAMS 0x00000000f0000000, 0x00000000f0000000| Untracked 
|  81|0x00000000f1000000, 0x00000000f1000000, 0x00000000f2000000|  0%| F|  |TAMS 0x00000000f1000000, 0x00000000f1000000| Untracked 
|  82|0x00000000f2000000, 0x00000000f2000000, 0x00000000f3000000|  0%| F|  |TAMS 0x00000000f2000000, 0x00000000f2000000| Untracked 
|  83|0x00000000f3000000, 0x00000000f3000000, 0x00000000f4000000|  0%| F|  |TAMS 0x00000000f3000000, 0x00000000f3000000| Untracked 
|  84|0x00000000f4000000, 0x00000000f4000000, 0x00000000f5000000|  0%| F|  |TAMS 0x00000000f4000000, 0x00000000f4000000| Untracked 
|  85|0x00000000f5000000, 0x00000000f5000000, 0x00000000f6000000|  0%| F|  |TAMS 0x00000000f5000000, 0x00000000f5000000| Untracked 
|  86|0x00000000f6000000, 0x00000000f6000000, 0x00000000f7000000|  0%| F|  |TAMS 0x00000000f6000000, 0x00000000f6000000| Untracked 
|  87|0x00000000f7000000, 0x00000000f7000000, 0x00000000f8000000|  0%| F|  |TAMS 0x00000000f7000000, 0x00000000f7000000| Untracked 
|  88|0x00000000f8000000, 0x00000000f8000000, 0x00000000f9000000|  0%| F|  |TAMS 0x00000000f8000000, 0x00000000f8000000| Untracked 
|  89|0x00000000f9000000, 0x00000000f9000000, 0x00000000fa000000|  0%| F|  |TAMS 0x00000000f9000000, 0x00000000f9000000| Untracked 
|  90|0x00000000fa000000, 0x00000000fa000000, 0x00000000fb000000|  0%| F|  |TAMS 0x00000000fa000000, 0x00000000fa000000| Untracked 
|  91|0x00000000fb000000, 0x00000000fb000000, 0x00000000fc000000|  0%| F|  |TAMS 0x00000000fb000000, 0x00000000fb000000| Untracked 
|  92|0x00000000fc000000, 0x00000000fc000000, 0x00000000fd000000|  0%| F|  |TAMS 0x00000000fc000000, 0x00000000fc000000| Untracked 
|  93|0x00000000fd000000, 0x00000000fd000000, 0x00000000fe000000|  0%| F|  |TAMS 0x00000000fd000000, 0x00000000fd000000| Untracked 
|  94|0x00000000fe000000, 0x00000000fe000000, 0x00000000ff000000|  0%| F|  |TAMS 0x00000000fe000000, 0x00000000fe000000| Untracked 
|  95|0x00000000ff000000, 0x00000000ff000000, 0x0000000100000000|  0%| F|  |TAMS 0x00000000ff000000, 0x00000000ff000000| Untracked 
|  96|0x0000000100000000, 0x0000000100000000, 0x0000000101000000|  0%| F|  |TAMS 0x0000000100000000, 0x0000000100000000| Untracked 
|  97|0x0000000101000000, 0x0000000101000000, 0x0000000102000000|  0%| F|  |TAMS 0x0000000101000000, 0x0000000101000000| Untracked 
|  98|0x0000000102000000, 0x0000000102000000, 0x0000000103000000|  0%| F|  |TAMS 0x0000000102000000, 0x0000000102000000| Untracked 
|  99|0x0000000103000000, 0x0000000103000000, 0x0000000104000000|  0%| F|  |TAMS 0x0000000103000000, 0x0000000103000000| Untracked 
| 100|0x0000000104000000, 0x0000000104000000, 0x0000000105000000|  0%| F|  |TAMS 0x0000000104000000, 0x0000000104000000| Untracked 
| 101|0x0000000105000000, 0x0000000105000000, 0x0000000106000000|  0%| F|  |TAMS 0x0000000105000000, 0x0000000105000000| Untracked 
| 102|0x0000000106000000, 0x0000000106000000, 0x0000000107000000|  0%| F|  |TAMS 0x0000000106000000, 0x0000000106000000| Untracked 
| 103|0x0000000107000000, 0x0000000107000000, 0x0000000108000000|  0%| F|  |TAMS 0x0000000107000000, 0x0000000107000000| Untracked 
| 104|0x0000000108000000, 0x0000000108000000, 0x0000000109000000|  0%| F|  |TAMS 0x0000000108000000, 0x0000000108000000| Untracked 
| 105|0x0000000109000000, 0x0000000109000000, 0x000000010a000000|  0%| F|  |TAMS 0x0000000109000000, 0x0000000109000000| Untracked 
| 106|0x000000010a000000, 0x000000010a000000, 0x000000010b000000|  0%| F|  |TAMS 0x000000010a000000, 0x000000010a000000| Untracked 
| 107|0x000000010b000000, 0x000000010b000000, 0x000000010c000000|  0%| F|  |TAMS 0x000000010b000000, 0x000000010b000000| Untracked 
| 108|0x000000010c000000, 0x000000010c000000, 0x000000010d000000|  0%| F|  |TAMS 0x000000010c000000, 0x000000010c000000| Untracked 
| 109|0x000000010d000000, 0x000000010d000000, 0x000000010e000000|  0%| F|  |TAMS 0x000000010d000000, 0x000000010d000000| Untracked 
| 110|0x000000010e000000, 0x000000010e000000, 0x000000010f000000|  0%| F|  |TAMS 0x000000010e000000, 0x000000010e000000| Untracked 
| 111|0x000000010f000000, 0x000000010f000000, 0x0000000110000000|  0%| F|  |TAMS 0x000000010f000000, 0x000000010f000000| Untracked 
| 112|0x0000000110000000, 0x0000000110000000, 0x0000000111000000|  0%| F|  |TAMS 0x0000000110000000, 0x0000000110000000| Untracked 
| 113|0x0000000111000000, 0x0000000111000000, 0x0000000112000000|  0%| F|  |TAMS 0x0000000111000000, 0x0000000111000000| Untracked 
| 114|0x0000000112000000, 0x0000000112000000, 0x0000000113000000|  0%| F|  |TAMS 0x0000000112000000, 0x0000000112000000| Untracked 
| 115|0x0000000113000000, 0x0000000113000000, 0x0000000114000000|  0%| F|  |TAMS 0x0000000113000000, 0x0000000113000000| Untracked 
| 116|0x0000000114000000, 0x0000000114000000, 0x0000000115000000|  0%| F|  |TAMS 0x0000000114000000, 0x0000000114000000| Untracked 
| 117|0x0000000115000000, 0x0000000115000000, 0x0000000116000000|  0%| F|  |TAMS 0x0000000115000000, 0x0000000115000000| Untracked 
| 118|0x0000000116000000, 0x0000000116000000, 0x0000000117000000|  0%| F|  |TAMS 0x0000000116000000, 0x0000000116000000| Untracked 
| 119|0x0000000117000000, 0x0000000117000000, 0x0000000118000000|  0%| F|  |TAMS 0x0000000117000000, 0x0000000117000000| Untracked 
| 120|0x0000000118000000, 0x0000000118000000, 0x0000000119000000|  0%| F|  |TAMS 0x0000000118000000, 0x0000000118000000| Untracked 
| 121|0x0000000119000000, 0x0000000119000000, 0x000000011a000000|  0%| F|  |TAMS 0x0000000119000000, 0x0000000119000000| Untracked 
| 122|0x000000011a000000, 0x000000011a000000, 0x000000011b000000|  0%| F|  |TAMS 0x000000011a000000, 0x000000011a000000| Untracked 
| 123|0x000000011b000000, 0x000000011b000000, 0x000000011c000000|  0%| F|  |TAMS 0x000000011b000000, 0x000000011b000000| Untracked 
| 124|0x000000011c000000, 0x000000011c000000, 0x000000011d000000|  0%| F|  |TAMS 0x000000011c000000, 0x000000011c000000| Untracked 
| 125|0x000000011d000000, 0x000000011d000000, 0x000000011e000000|  0%| F|  |TAMS 0x000000011d000000, 0x000000011d000000| Untracked 
| 126|0x000000011e000000, 0x000000011e7aea40, 0x000000011f000000| 48%| E|  |TAMS 0x000000011e000000, 0x000000011e000000| Complete 
| 127|0x000000011f000000, 0x0000000120000000, 0x0000000120000000|100%| E|CS|TAMS 0x000000011f000000, 0x000000011f000000| Complete 

Card table byte_map: [0x000001e077d90000,0x000001e07b890000] _byte_map_base: 0x000001e077890000

Marking Bits (Prev, Next): (CMBitMap*) 0x000001e05c3fec60, (CMBitMap*) 0x000001e05c3feca0
 Prev Bits: [0x000001e000000000, 0x000001e01d800000)
 Next Bits: [0x000001e01d800000, 0x000001e03b000000)

Polling page: 0x000001e05bb10000

Metaspace:

Usage:
  Non-class:      3.13 MB used.
      Class:    282.93 KB used.
       Both:      3.41 MB used.

Virtual space:
  Non-class space:       64.00 MB reserved,       3.19 MB (  5%) committed,  1 nodes.
      Class space:        1.00 GB reserved,     320.00 KB ( <1%) committed,  1 nodes.
             Both:        1.06 GB reserved,       3.50 MB ( <1%) committed. 

Chunk freelists:
   Non-Class:  2.89 MB
       Class:  3.63 MB
        Both:  6.52 MB

MaxMetaspaceSize: unlimited
CompressedClassSpaceSize: 1.00 GB
Initial GC threshold: 21.00 MB
Current GC threshold: 21.00 MB
CDS: on
MetaspaceReclaimPolicy: balanced
 - commit_granule_bytes: 65536.
 - commit_granule_words: 8192.
 - virtual_space_node_default_size: 8388608.
 - enlarge_chunks_in_place: 1.
 - new_chunks_are_fully_committed: 0.
 - uncommit_free_chunks: 1.
 - use_allocation_guard: 0.


Internal statistics:

num_allocs_failed_limit: 0.
num_arena_births: 98.
num_arena_deaths: 0.
num_vsnodes_births: 2.
num_vsnodes_deaths: 0.
num_space_committed: 56.
num_space_uncommitted: 0.
num_chunks_returned_to_freelist: 0.
num_chunks_taken_from_freelist: 162.
num_chunk_merges: 0.
num_chunk_splits: 104.
num_chunks_enlarged: 68.
num_inconsistent_stats: 0.

CodeHeap 'non-profiled nmethods': size=119168Kb used=239Kb max_used=239Kb free=118928Kb
 bounds [0x000001e06be50000, 0x000001e06c0c0000, 0x000001e0732b0000]
CodeHeap 'profiled nmethods': size=119104Kb used=1222Kb max_used=1222Kb free=117881Kb
 bounds [0x000001e0642b0000, 0x000001e064520000, 0x000001e06b700000]
CodeHeap 'non-nmethods': size=7488Kb used=2410Kb max_used=2425Kb free=5077Kb
 bounds [0x000001e06b700000, 0x000001e06b970000, 0x000001e06be50000]
 total_blobs=1305 nmethods=799 adapters=415
 compilation: enabled
              stopped_count=0, restarted_count=0
 full_count=0

Compilation events (20 events):
Event: 0.221 Thread 0x000001e03daecbf0 nmethod 787 0x000001e0643dcb10 code [0x000001e0643dcd60, 0x000001e0643dd5f8]
Event: 0.221 Thread 0x000001e03dae9e40 nmethod 789 0x000001e0643dd910 code [0x000001e0643ddba0, 0x000001e0643de678]
Event: 0.221 Thread 0x000001e03d9e3b30 nmethod 790 0x000001e0643deb10 code [0x000001e0643ded80, 0x000001e0643df8f8]
Event: 0.222 Thread 0x000001e042126400 nmethod 786 0x000001e06be8a890 code [0x000001e06be8aa40, 0x000001e06be8afe8]
Event: 0.224 Thread 0x000001e03dae9e40  791       3       java.io.InputStream::<init> (5 bytes)
Event: 0.224 Thread 0x000001e03dae9e40 nmethod 791 0x000001e0643dfe10 code [0x000001e0643dffc0, 0x000001e0643e0118]
Event: 0.224 Thread 0x000001e03dae9e40  793       3       java.lang.Integer::toUnsignedLong (7 bytes)
Event: 0.224 Thread 0x000001e03daecbf0  794       3       sun.misc.Unsafe::putLong (11 bytes)
Event: 0.224 Thread 0x000001e03d9e3b30  795       3       org.lwjgl.system.MemoryUtil::memPutAddress (29 bytes)
Event: 0.224 Thread 0x000001e03daecbf0 nmethod 794 0x000001e0643e0210 code [0x000001e0643e03a0, 0x000001e0643e04b8]
Event: 0.224 Thread 0x000001e03dae9e40 nmethod 793 0x000001e0643e0590 code [0x000001e0643e0720, 0x000001e0643e0818]
Event: 0.224 Thread 0x000001e03d9e3b30 nmethod 795 0x000001e0643e0890 code [0x000001e0643e0a40, 0x000001e0643e0c38]
Event: 0.224 Thread 0x000001e03d9dd1a0  797       4       java.lang.Integer::toUnsignedLong (7 bytes)
Event: 0.224 Thread 0x000001e042126400  796       4       sun.misc.Unsafe::putLong (11 bytes)
Event: 0.224 Thread 0x000001e03d9dd1a0 nmethod 797 0x000001e06be8b790 code [0x000001e06be8b900, 0x000001e06be8b958]
Event: 0.224 Thread 0x000001e03d9e3b30  798       3       java.lang.ref.Cleaner::register (25 bytes)
Event: 0.224 Thread 0x000001e03dae9e40  799       3       jdk.internal.ref.CleanerImpl$PhantomCleanableRef::<init> (12 bytes)
Event: 0.224 Thread 0x000001e03dae9e40 nmethod 799 0x000001e0643e0d10 code [0x000001e0643e0ec0, 0x000001e0643e1068]
Event: 0.224 Thread 0x000001e042126400 nmethod 796 0x000001e06be8ba90 code [0x000001e06be8bc20, 0x000001e06be8bcb8]
Event: 0.225 Thread 0x000001e03d9e3b30 nmethod 798 0x000001e0643e1110 code [0x000001e0643e1300, 0x000001e0643e1868]

GC Heap History (0 events):
No events

Dll operation events (13 events):
Event: 0.008 Loaded shared library C:\Program Files\Java\jdk-19\bin\java.dll
Event: 0.017 Loaded shared library C:\Program Files\Java\jdk-19\bin\jsvml.dll
Event: 0.057 Loaded shared library C:\Program Files\Java\jdk-19\bin\zip.dll
Event: 0.059 Loaded shared library C:\Program Files\Java\jdk-19\bin\instrument.dll
Event: 0.063 Loaded shared library C:\Program Files\Java\jdk-19\bin\net.dll
Event: 0.064 Loaded shared library C:\Program Files\Java\jdk-19\bin\nio.dll
Event: 0.066 Loaded shared library C:\Program Files\Java\jdk-19\bin\zip.dll
Event: 0.118 Loaded shared library C:\Users\bkmcm\AppData\Local\JetBrains\IntelliJ IDEA Community Edition 2022.3.1\bin\breakgen64.dll
Event: 0.125 Loaded shared library C:\Program Files\Java\jdk-19\bin\extnet.dll
Event: 0.127 Loaded shared library C:\Program Files\Java\jdk-19\bin\jimage.dll
Event: 0.148 Loaded shared library C:\Program Files\Java\jdk-19\bin\verify.dll
Event: 0.174 Loaded shared library C:\Users\bkmcm\AppData\Local\Temp\lwjgl_bkmcm\3.3.2+13\x64\lwjgl.dll
Event: 0.217 Loaded shared library C:\Users\bkmcm\AppData\Local\Temp\lwjgl_bkmcm\3.3.2+13\x64\lwjgl_opengl.dll

Deoptimization events (20 events):
Event: 0.125 Thread 0x000001e042102b10 DEOPT PACKING pc=0x000001e0642c55e7 sp=0x0000000d20afdb00
Event: 0.125 Thread 0x000001e042102b10 DEOPT UNPACKING pc=0x000001e06b767543 sp=0x0000000d20afcf20 mode 0
Event: 0.142 Thread 0x000001e042102b10 Uncommon trap: trap_request=0xffffff45 fr.pc=0x000001e06be74864 relative=0x0000000000000144
Event: 0.142 Thread 0x000001e042102b10 Uncommon trap: reason=unstable_if action=reinterpret pc=0x000001e06be74864 method=java.util.concurrent.locks.ReentrantLock$NonfairSync.initialTryLock()Z @ 10 c2
Event: 0.142 Thread 0x000001e042102b10 DEOPT PACKING pc=0x000001e06be74864 sp=0x0000000d20afef40
Event: 0.142 Thread 0x000001e042102b10 DEOPT UNPACKING pc=0x000001e06b766da3 sp=0x0000000d20afeee8 mode 2
Event: 0.142 Thread 0x000001e042102b10 Uncommon trap: trap_request=0xffffff45 fr.pc=0x000001e06be74b68 relative=0x00000000000000c8
Event: 0.142 Thread 0x000001e042102b10 Uncommon trap: reason=unstable_if action=reinterpret pc=0x000001e06be74b68 method=java.util.concurrent.locks.ReentrantLock$Sync.tryRelease(I)Z @ 26 c2
Event: 0.142 Thread 0x000001e042102b10 DEOPT PACKING pc=0x000001e06be74b68 sp=0x0000000d20afef40
Event: 0.142 Thread 0x000001e042102b10 DEOPT UNPACKING pc=0x000001e06b766da3 sp=0x0000000d20afeee0 mode 2
Event: 0.144 Thread 0x000001e042102b10 DEOPT PACKING pc=0x000001e0642b7a51 sp=0x0000000d20afadb0
Event: 0.144 Thread 0x000001e042102b10 DEOPT UNPACKING pc=0x000001e06b767543 sp=0x0000000d20afa228 mode 0
Event: 0.168 Thread 0x000001e042102b10 Uncommon trap: trap_request=0xffffff45 fr.pc=0x000001e06be65e04 relative=0x0000000000000064
Event: 0.168 Thread 0x000001e042102b10 Uncommon trap: reason=unstable_if action=reinterpret pc=0x000001e06be65e04 method=java.io.WinNTFileSystem.isSlash(C)Z @ 9 c2
Event: 0.168 Thread 0x000001e042102b10 DEOPT PACKING pc=0x000001e06be65e04 sp=0x0000000d20afbdd0
Event: 0.168 Thread 0x000001e042102b10 DEOPT UNPACKING pc=0x000001e06b766da3 sp=0x0000000d20afbd58 mode 2
Event: 0.182 Thread 0x000001e042102b10 Uncommon trap: trap_request=0xffffff45 fr.pc=0x000001e06be5eba4 relative=0x0000000000000a84
Event: 0.182 Thread 0x000001e042102b10 Uncommon trap: reason=unstable_if action=reinterpret pc=0x000001e06be5eba4 method=java.util.HashMap.putVal(ILjava/lang/Object;Ljava/lang/Object;ZZ)Ljava/lang/Object; @ 181 c2
Event: 0.182 Thread 0x000001e042102b10 DEOPT PACKING pc=0x000001e06be5eba4 sp=0x0000000d20afbd50
Event: 0.182 Thread 0x000001e042102b10 DEOPT UNPACKING pc=0x000001e06b766da3 sp=0x0000000d20afbd10 mode 2

Classes loaded (20 events):
Event: 0.191 Loading class java/nio/DirectFloatBufferU
Event: 0.191 Loading class java/nio/DirectFloatBufferU done
Event: 0.191 Loading class java/nio/DirectDoubleBufferU
Event: 0.191 Loading class java/nio/DirectDoubleBufferU done
Event: 0.191 Loading class sun/misc/Unsafe
Event: 0.191 Loading class sun/misc/Unsafe done
Event: 0.191 Loading class java/lang/invoke/DirectMethodHandle$StaticAccessor
Event: 0.191 Loading class java/lang/invoke/DirectMethodHandle$StaticAccessor done
Event: 0.193 Loading class java/util/function/LongPredicate
Event: 0.193 Loading class java/util/function/LongPredicate done
Event: 0.194 Loading class java/lang/foreign/MemorySegment
Event: 0.194 Loading class java/lang/foreign/Addressable
Event: 0.194 Loading class java/lang/foreign/Addressable done
Event: 0.194 Loading class java/lang/foreign/MemorySegment done
Event: 0.197 Loading class java/nio/InvalidMarkException
Event: 0.197 Loading class java/nio/InvalidMarkException done
Event: 0.197 Loading class java/nio/BufferUnderflowException
Event: 0.197 Loading class java/nio/BufferUnderflowException done
Event: 0.204 Loading class java/lang/AssertionError
Event: 0.204 Loading class java/lang/AssertionError done

Classes unloaded (0 events):
No events

Classes redefined (0 events):
No events

Internal exceptions (20 events):
Event: 0.158 Thread 0x000001e042102b10 Exception <a 'java/lang/NoSuchMethodError'{0x000000011e3b1510}: 'void java.lang.System.load(java.lang.String, java.lang.Class)'> (0x000000011e3b1510) 
thrown [s\open\src\hotspot\share\interpreter\linkResolver.cpp, line 774]
Event: 0.158 Thread 0x000001e042102b10 Exception <a 'java/lang/NoSuchMethodError'{0x000000011e3b1f10}: 'void java.lang.invoke.DirectMethodHandle$Holder.invokeSpecial(java.lang.Object, java.lang.Object, java.lang.Object)'> (0x000000011e3b1f10) 
thrown [s\open\src\hotspot\share\interpreter\linkResolver.cpp, line 774]
Event: 0.159 Thread 0x000001e042102b10 Exception <a 'java/lang/NoSuchMethodError'{0x000000011e3bff60}: 'java.lang.Object java.lang.invoke.DirectMethodHandle$Holder.invokeStatic(java.lang.Object, java.lang.Object, int)'> (0x000000011e3bff60) 
thrown [s\open\src\hotspot\share\interpreter\linkResolver.cpp, line 774]
Event: 0.159 Thread 0x000001e042102b10 Exception <a 'java/lang/NoSuchMethodError'{0x000000011e3cbcc0}: 'void java.lang.invoke.DelegatingMethodHandle$Holder.delegate(java.lang.Object, java.lang.Object, int, java.lang.Object)'> (0x000000011e3cbcc0) 
thrown [s\open\src\hotspot\share\interpreter\linkResolver.cpp, line 774]
Event: 0.160 Thread 0x000001e042102b10 Exception <a 'java/lang/NoSuchMethodError'{0x000000011e3cfd10}: 'int java.lang.invoke.DirectMethodHandle$Holder.invokeSpecial(java.lang.Object, java.lang.Object, java.lang.Object)'> (0x000000011e3cfd10) 
thrown [s\open\src\hotspot\share\interpreter\linkResolver.cpp, line 774]
Event: 0.162 Thread 0x000001e042102b10 Exception <a 'java/lang/NoSuchMethodError'{0x000000011e3ea910}: 'void java.lang.System.loadLibrary(java.lang.String, java.lang.Class)'> (0x000000011e3ea910) 
thrown [s\open\src\hotspot\share\interpreter\linkResolver.cpp, line 774]
Event: 0.172 Thread 0x000001e042102b10 Exception <a 'sun/nio/fs/WindowsException'{0x000000011e413ed0}> (0x000000011e413ed0) 
thrown [s\open\src\hotspot\share\prims\jni.cpp, line 517]
Event: 0.172 Thread 0x000001e042102b10 Exception <a 'sun/nio/fs/WindowsException'{0x000000011e414420}> (0x000000011e414420) 
thrown [s\open\src\hotspot\share\prims\jni.cpp, line 517]
Event: 0.193 Thread 0x000001e042102b10 Exception <a 'java/lang/NoSuchMethodError'{0x000000011e4a5d58}: 'int java.lang.invoke.DirectMethodHandle$Holder.invokeStaticInit(java.lang.Object, java.lang.Object, int, long)'> (0x000000011e4a5d58) 
thrown [s\open\src\hotspot\share\interpreter\linkResolver.cpp, line 774]
Event: 0.194 Thread 0x000001e042102b10 Exception <a 'java/lang/NoSuchMethodError'{0x000000011e4ab628}: 'java.lang.Object java.lang.invoke.DirectMethodHandle$Holder.newInvokeSpecial(java.lang.Object, java.lang.Object, int)'> (0x000000011e4ab628) 
thrown [s\open\src\hotspot\share\interpreter\linkResolver.cpp, line 774]
Event: 0.195 Thread 0x000001e042102b10 Exception <a 'java/lang/NoSuchMethodError'{0x000000011e4b9cb0}: 'int java.lang.invoke.DirectMethodHandle$Holder.invokeStaticInit(java.lang.Object, java.lang.Object, long, long)'> (0x000000011e4b9cb0) 
thrown [s\open\src\hotspot\share\interpreter\linkResolver.cpp, line 774]
Event: 0.195 Thread 0x000001e042102b10 Exception <a 'java/lang/NoSuchMethodError'{0x000000011e4bfa40}: 'java.lang.Object java.lang.invoke.DirectMethodHandle$Holder.newInvokeSpecial(java.lang.Object, java.lang.Object, long)'> (0x000000011e4bfa40) 
thrown [s\open\src\hotspot\share\interpreter\linkResolver.cpp, line 774]
Event: 0.196 Thread 0x000001e042102b10 Exception <a 'java/lang/NoSuchMethodError'{0x000000011e4c3318}: 'java.lang.Object java.lang.invoke.Invokers$Holder.linkToTargetMethod(java.lang.Object, long, java.lang.Object)'> (0x000000011e4c3318) 
thrown [s\open\src\hotspot\share\interpreter\linkResolver.cpp, line 774]
Event: 0.196 Thread 0x000001e042102b10 Exception <a 'java/lang/NoSuchMethodError'{0x000000011e4ca770}: 'int java.lang.invoke.DirectMethodHandle$Holder.invokeStaticInit(java.lang.Object, java.lang.Object, java.lang.Object, long)'> (0x000000011e4ca770) 
thrown [s\open\src\hotspot\share\interpreter\linkResolver.cpp, line 774]
Event: 0.211 Thread 0x000001e042102b10 Exception <a 'java/lang/NoSuchMethodError'{0x000000011e5a9768}: 'void java.lang.System.load(java.lang.String, java.lang.Class)'> (0x000000011e5a9768) 
thrown [s\open\src\hotspot\share\interpreter\linkResolver.cpp, line 774]
Event: 0.212 Thread 0x000001e042102b10 Exception <a 'java/lang/NoSuchMethodError'{0x000000011e5ac570}: 'void java.lang.System.loadLibrary(java.lang.String, java.lang.Class)'> (0x000000011e5ac570) 
thrown [s\open\src\hotspot\share\interpreter\linkResolver.cpp, line 774]
Event: 0.215 Thread 0x000001e042102b10 Exception <a 'sun/nio/fs/WindowsException'{0x000000011e5bc780}> (0x000000011e5bc780) 
thrown [s\open\src\hotspot\share\prims\jni.cpp, line 517]
Event: 0.215 Thread 0x000001e042102b10 Exception <a 'sun/nio/fs/WindowsException'{0x000000011e5bcb28}> (0x000000011e5bcb28) 
thrown [s\open\src\hotspot\share\prims\jni.cpp, line 517]
Event: 0.219 Thread 0x000001e042102b10 Exception <a 'sun/nio/fs/WindowsException'{0x000000011e5c5e80}> (0x000000011e5c5e80) 
thrown [s\open\src\hotspot\share\prims\jni.cpp, line 517]
Event: 0.219 Thread 0x000001e042102b10 Exception <a 'sun/nio/fs/WindowsException'{0x000000011e5c6160}> (0x000000011e5c6160) 
thrown [s\open\src\hotspot\share\prims\jni.cpp, line 517]

VM Operations (8 events):
Event: 0.050 Executing VM operation: HandshakeAllThreads
Event: 0.050 Executing VM operation: HandshakeAllThreads done
Event: 0.120 Executing VM operation: HandshakeAllThreads
Event: 0.120 Executing VM operation: HandshakeAllThreads done
Event: 0.168 Executing VM operation: HandshakeAllThreads
Event: 0.168 Executing VM operation: HandshakeAllThreads done
Event: 0.172 Executing VM operation: HandshakeAllThreads
Event: 0.172 Executing VM operation: HandshakeAllThreads done

Events (19 events):
Event: 0.017 Thread 0x000001e05c34f090 Thread added: 0x000001e05c34f090
Event: 0.023 Thread 0x000001e03d9d1ed0 Thread added: 0x000001e03d9d1ed0
Event: 0.023 Thread 0x000001e03d9d2800 Thread added: 0x000001e03d9d2800
Event: 0.024 Thread 0x000001e03d9d3130 Thread added: 0x000001e03d9d3130
Event: 0.024 Thread 0x000001e03d9d7de0 Thread added: 0x000001e03d9d7de0
Event: 0.024 Thread 0x000001e03d9d8710 Thread added: 0x000001e03d9d8710
Event: 0.024 Thread 0x000001e03d9d9040 Thread added: 0x000001e03d9d9040
Event: 0.024 Thread 0x000001e03d9dd1a0 Thread added: 0x000001e03d9dd1a0
Event: 0.024 Thread 0x000001e03d9e3b30 Thread added: 0x000001e03d9e3b30
Event: 0.024 Thread 0x000001e03d9f6cb0 Thread added: 0x000001e03d9f6cb0
Event: 0.047 Thread 0x000001e03dae8830 Thread added: 0x000001e03dae8830
Event: 0.050 Thread 0x000001e03dae9e40 Thread added: 0x000001e03dae9e40
Event: 0.050 Thread 0x000001e03daecbf0 Thread added: 0x000001e03daecbf0
Event: 0.119 Thread 0x000001e03dc3bb00 Thread added: 0x000001e03dc3bb00
Event: 0.119 Thread 0x000001e042105150 Thread added: 0x000001e042105150
Event: 0.120 Thread 0x000001e042102b10 Thread added: 0x000001e042102b10
Event: 0.120 Thread 0x000001e05c34f090 Thread exited: 0x000001e05c34f090
Event: 0.120 Thread 0x000001e05c34f090 Thread added: 0x000001e05c34f090
Event: 0.137 Thread 0x000001e042126400 Thread added: 0x000001e042126400


Dynamic libraries:
0x00007ff7a5c50000 - 0x00007ff7a5c60000 	C:\Program Files\Java\jdk-19\bin\java.exe
0x00007ffec2f90000 - 0x00007ffec31a4000 	C:\Windows\SYSTEM32\ntdll.dll
0x00007ffec1eb0000 - 0x00007ffec1f74000 	C:\Windows\System32\KERNEL32.DLL
0x00007ffec0720000 - 0x00007ffec0ac4000 	C:\Windows\System32\KERNELBASE.dll
0x00007ffec04e0000 - 0x00007ffec05f1000 	C:\Windows\System32\ucrtbase.dll
0x00007ffebb7e0000 - 0x00007ffebb7fb000 	C:\Program Files\Java\jdk-19\bin\VCRUNTIME140.dll
0x00007ffea5770000 - 0x00007ffea5788000 	C:\Program Files\Java\jdk-19\bin\jli.dll
0x00007ffec2740000 - 0x00007ffec27f0000 	C:\Windows\System32\ADVAPI32.dll
0x00007ffec2c40000 - 0x00007ffec2ce7000 	C:\Windows\System32\msvcrt.dll
0x00007ffec0d70000 - 0x00007ffec0e16000 	C:\Windows\System32\sechost.dll
0x00007ffec27f0000 - 0x00007ffec2907000 	C:\Windows\System32\RPCRT4.dll
0x00007ffec0e20000 - 0x00007ffec0fca000 	C:\Windows\System32\USER32.dll
0x00007ffec03f0000 - 0x00007ffec0416000 	C:\Windows\System32\win32u.dll
0x00007ffec2e60000 - 0x00007ffec2e89000 	C:\Windows\System32\GDI32.dll
0x00007ffec0600000 - 0x00007ffec0719000 	C:\Windows\System32\gdi32full.dll
0x00007ffec0cb0000 - 0x00007ffec0d4a000 	C:\Windows\System32\msvcp_win.dll
0x00007ffeb1b90000 - 0x00007ffeb1e1f000 	C:\Windows\WinSxS\amd64_microsoft.windows.common-controls_6595b64144ccf1df_6.0.22621.2070_none_2713e6537381f706\COMCTL32.dll
0x00007ffeb65c0000 - 0x00007ffeb65ca000 	C:\Windows\SYSTEM32\VERSION.dll
0x00007ffec11e0000 - 0x00007ffec1211000 	C:\Windows\System32\IMM32.DLL
0x00007ffe8d920000 - 0x00007ffe8d92c000 	C:\Program Files\Java\jdk-19\bin\vcruntime140_1.dll
0x00007ffe655a0000 - 0x00007ffe6562e000 	C:\Program Files\Java\jdk-19\bin\msvcp140.dll
0x00007ffde6460000 - 0x00007ffde7120000 	C:\Program Files\Java\jdk-19\bin\server\jvm.dll
0x00007ffeb79d0000 - 0x00007ffeb7a04000 	C:\Windows\SYSTEM32\WINMM.dll
0x00007ffebc600000 - 0x00007ffebc609000 	C:\Windows\SYSTEM32\WSOCK32.dll
0x00007ffec2520000 - 0x00007ffec2591000 	C:\Windows\System32\WS2_32.dll
0x00007ffebf3d0000 - 0x00007ffebf3e8000 	C:\Windows\SYSTEM32\kernel.appcore.dll
0x00007ffe8d700000 - 0x00007ffe8d70a000 	C:\Program Files\Java\jdk-19\bin\jimage.dll
0x00007ffebd9b0000 - 0x00007ffebdbde000 	C:\Windows\SYSTEM32\DBGHELP.DLL
0x00007ffec1ab0000 - 0x00007ffec1e3a000 	C:\Windows\System32\combase.dll
0x00007ffec2cf0000 - 0x00007ffec2dc7000 	C:\Windows\System32\OLEAUT32.dll
0x00007ffea5200000 - 0x00007ffea5232000 	C:\Windows\SYSTEM32\dbgcore.DLL
0x00007ffec0370000 - 0x00007ffec03ea000 	C:\Windows\System32\bcryptPrimitives.dll
0x00007ffe849f0000 - 0x00007ffe849fe000 	C:\Program Files\Java\jdk-19\bin\instrument.dll
0x00007ffe8ba80000 - 0x00007ffe8baa6000 	C:\Program Files\Java\jdk-19\bin\java.dll
0x00007ffe0cc20000 - 0x00007ffe0ccf7000 	C:\Program Files\Java\jdk-19\bin\jsvml.dll
0x00007ffec1290000 - 0x00007ffec1aa6000 	C:\Windows\System32\SHELL32.dll
0x00007ffebe300000 - 0x00007ffebebea000 	C:\Windows\SYSTEM32\windows.storage.dll
0x00007ffebe1c0000 - 0x00007ffebe2fe000 	C:\Windows\SYSTEM32\wintypes.dll
0x00007ffec2910000 - 0x00007ffec2a03000 	C:\Windows\System32\SHCORE.dll
0x00007ffec1220000 - 0x00007ffec127e000 	C:\Windows\System32\shlwapi.dll
0x00007ffec02a0000 - 0x00007ffec02c6000 	C:\Windows\SYSTEM32\profapi.dll
0x00007ffe84bd0000 - 0x00007ffe84be8000 	C:\Program Files\Java\jdk-19\bin\zip.dll
0x00007ffe8bcf0000 - 0x00007ffe8bd03000 	C:\Program Files\Java\jdk-19\bin\net.dll
0x00007ffeb9260000 - 0x00007ffeb9397000 	C:\Windows\SYSTEM32\WINHTTP.dll
0x00007ffebf8d0000 - 0x00007ffebf939000 	C:\Windows\system32\mswsock.dll
0x00007ffe84bf0000 - 0x00007ffe84c06000 	C:\Program Files\Java\jdk-19\bin\nio.dll
0x00007ffe7bab0000 - 0x00007ffe7baca000 	C:\Users\bkmcm\AppData\Local\JetBrains\IntelliJ IDEA Community Edition 2022.3.1\bin\breakgen64.dll
0x00007ffe84ba0000 - 0x00007ffe84ba8000 	C:\Program Files\Java\jdk-19\bin\extnet.dll
0x00007ffe8d4f0000 - 0x00007ffe8d500000 	C:\Program Files\Java\jdk-19\bin\verify.dll
0x00007ffe0ab00000 - 0x00007ffe0ab7a000 	C:\Users\bkmcm\AppData\Local\Temp\lwjgl_bkmcm\3.3.2+13\x64\lwjgl.dll
0x00007ffe4a180000 - 0x00007ffe4a1de000 	C:\Users\bkmcm\AppData\Local\Temp\lwjgl_bkmcm\3.3.2+13\x64\lwjgl_opengl.dll
0x00007ffe482b0000 - 0x00007ffe483b0000 	C:\Windows\SYSTEM32\opengl32.dll
0x00007ffe47d70000 - 0x00007ffe47d9d000 	C:\Windows\SYSTEM32\GLU32.dll
0x00007ffebd6a0000 - 0x00007ffebd6d8000 	C:\Windows\SYSTEM32\dxcore.dll

dbghelp: loaded successfully - version: 4.0.5 - missing functions: none
symbol engine: initialized successfully - sym options: 0x614 - pdb path: .;C:\Program Files\Java\jdk-19\bin;C:\Windows\SYSTEM32;C:\Windows\WinSxS\amd64_microsoft.windows.common-controls_6595b64144ccf1df_6.0.22621.2070_none_2713e6537381f706;C:\Program Files\Java\jdk-19\bin\server;C:\Users\bkmcm\AppData\Local\JetBrains\IntelliJ IDEA Community Edition 2022.3.1\bin;C:\Users\bkmcm\AppData\Local\Temp\lwjgl_bkmcm\3.3.2+13\x64

VM Arguments:
jvm_args: -javaagent:C:\Users\bkmcm\AppData\Local\JetBrains\IntelliJ IDEA Community Edition 2022.3.1\lib\idea_rt.jar=62351:C:\Users\bkmcm\AppData\Local\JetBrains\IntelliJ IDEA Community Edition 2022.3.1\bin -Dfile.encoding=UTF-8 -Dsun.stdout.encoding=UTF-8 -Dsun.stderr.encoding=UTF-8 
java_command: com.thatsoulzguy.minecraft.Minecraft
java_class_path (initial): C:\Users\bkmcm\IdeaProjects\Minecraft\target\classes;C:\Users\bkmcm\.m2\repository\org\openjfx\javafx-controls\19\javafx-controls-19.jar;C:\Users\bkmcm\.m2\repository\org\openjfx\javafx-controls\19\javafx-controls-19-win.jar;C:\Users\bkmcm\.m2\repository\org\openjfx\javafx-graphics\19\javafx-graphics-19.jar;C:\Users\bkmcm\.m2\repository\org\openjfx\javafx-graphics\19\javafx-graphics-19-win.jar;C:\Users\bkmcm\.m2\repository\org\openjfx\javafx-base\19\javafx-base-19.jar;C:\Users\bkmcm\.m2\repository\org\openjfx\javafx-base\19\javafx-base-19-win.jar;C:\Users\bkmcm\.m2\repository\org\openjfx\javafx-fxml\19\javafx-fxml-19.jar;C:\Users\bkmcm\.m2\repository\org\openjfx\javafx-fxml\19\javafx-fxml-19-win.jar;C:\Users\bkmcm\.m2\repository\org\lwjgl\lwjgl\3.3.2\lwjgl-3.3.2.jar;C:\Users\bkmcm\.m2\repository\org\lwjgl\lwjgl-bgfx\3.3.2\lwjgl-bgfx-3.3.2.jar;C:\Users\bkmcm\.m2\repository\org\lwjgl\lwjgl-freetype\3.3.2\lwjgl-freetype-3.3.2.jar;C:\Users\bkmcm\.m2\repository\org\lwjgl\lwjgl-glfw\3.3.2\lwjgl-glfw-3.3.2.jar;C:\Users\bkmcm\.m2\repository\org\lwjgl\lwjgl-meshoptimizer\3.3.2\lwjgl-meshoptimizer-3.3.2.jar;C:\Users\bkmcm\.m2\repository\org\lwjgl\lwjgl-nuklear\3.3.2\lwjgl-nuklear-3.3.2.jar;C:\Users\bkmcm\.m2\repository\org\lwjgl\lwjgl-openal\3.3.2\lwjgl-openal-3.3.2.jar;C:\Users\bkmcm\.m2\repository\org\lwjgl\lwjgl-opengl\3.3.2\lwjgl-opengl-3.3.2.jar;C:\Users\bkmcm\.m2\repository\org\lwjgl\lwjgl-stb\3.3.2\lwjgl-stb-3.3.2.jar;C:\Users\bkmcm\.m2\repository\org\lwjgl\lwjgl-vma\3.3.2\lwjgl-vma-3.3.2.jar;C:\Users\bkmcm\.m2\repository\org\lwjgl\lwjgl-vulkan\3.3.2\lwjgl-vulkan-3.3.2.jar;C:\Users\bkmcm\.m2\repository\org\lwjgl\lwjgl\3.3.2\lwjgl-3.3.2-natives-windows.jar;C:\Users\bkmcm\.m2\repository\org\lwjgl\lwjgl-bgfx\3.3.2\lwjgl-bgfx-3.3.2-natives-windows.jar;C:\Users\bkmcm\.m2\repository\org\lwjgl\lwjgl-freetype\3.3.2\lwjgl-freetype-3.3.2-natives-windows.jar;C:\Users\bkmcm\.m2\repository\org\lwjgl\lwjgl-glfw\3.3.2\lwjgl-glfw-3.3.2-natives-windows.jar;C:\Users\bkmcm\.m2\repository\org\lwjgl\lwjgl-meshoptimizer\3.3.2\lwjgl-meshoptimizer-3.3.2-natives-windows.jar;C:\Users\bkmcm\.m2\repository\org\lwjgl\lwjgl-nuklear\3.3.2\lwjgl-nuklear-3.3.2-natives-windows.jar;C:\Users\bkmcm\.m2\repository\org\lwjgl\lwjgl-openal\3.3.2\lwjgl-openal-3.3.2-natives-windows.jar;C:\Users\bkmcm\.m2\repository\org\lwjgl\lwjgl-opengl\3.3.2\lwjgl-opengl-3.3.2-natives-windows.jar;C:\Users\bkmcm\.m2\repository\org\lwjgl\lwjgl-stb\3.3.2\lwjgl-stb-3.3.2-natives-windows.jar;C:\Users\bkmcm\.m2\repository\org\lwjgl\lwjgl-vma\3.3.2\lwjgl-vma-3.3.2-natives-windows.jar;C:\Users\bkmcm\.m2\repository\org\joml\joml\1.10.5\joml-1.10.5.jar;C:\Users\bkmcm\.m2\repository\org\lwjglx\lwjgl3-awt\0.1.8\lwjgl3-awt-0.1.8.jar;C:\Users\bkmcm\.m2\repository\org\lwjgl\lwjgl-jawt\3.3.2\lwjgl-jawt-3.3.2.jar;C:\Users\bkmcm\IdeaProjects\Minecraft\slick-util3.jar
Launcher Type: SUN_STANDARD

[Global flags]
     intx CICompilerCount                          = 12                                        {product} {ergonomic}
     uint ConcGCThreads                            = 5                                         {product} {ergonomic}
     uint G1ConcRefinementThreads                  = 18                                        {product} {ergonomic}
   size_t G1HeapRegionSize                         = 16777216                                  {product} {ergonomic}
    uintx GCDrainStackTargetSize                   = 64                                        {product} {ergonomic}
   size_t InitialHeapSize                          = 2147483648                                {product} {ergonomic}
   size_t MarkStackSize                            = 4194304                                   {product} {ergonomic}
   size_t MaxHeapSize                              = 31675383808                               {product} {ergonomic}
   size_t MaxNewSize                               = 18991808512                               {product} {ergonomic}
   size_t MinHeapDeltaBytes                        = 16777216                                  {product} {ergonomic}
   size_t MinHeapSize                              = 16777216                                  {product} {ergonomic}
    uintx NonNMethodCodeHeapSize                   = 7602480                                {pd product} {ergonomic}
    uintx NonProfiledCodeHeapSize                  = 122027880                              {pd product} {ergonomic}
    uintx ProfiledCodeHeapSize                     = 122027880                              {pd product} {ergonomic}
    uintx ReservedCodeCacheSize                    = 251658240                              {pd product} {ergonomic}
     bool SegmentedCodeCache                       = true                                      {product} {ergonomic}
   size_t SoftMaxHeapSize                          = 31675383808                            {manageable} {ergonomic}
     bool UseCompressedClassPointers               = true                           {product lp64_product} {ergonomic}
     bool UseCompressedOops                        = true                           {product lp64_product} {ergonomic}
     bool UseG1GC                                  = true                                      {product} {ergonomic}
     bool UseLargePagesIndividualAllocation        = false                                  {pd product} {ergonomic}

Logging:
Log output configuration:
 #0: stdout all=warning uptime,level,tags foldmultilines=false
 #1: stderr all=off uptime,level,tags foldmultilines=false

Environment Variables:
JAVA_HOME=C:\Program Files\Eclipse Adoptium\jdk-17.0.6.10-hotspot
PATH=C:\Program Files\Eclipse Adoptium\jdk-17.0.6.10-hotspot\bin;C:\Program Files\Eclipse Adoptium\jdk-17.0.6.10-hotspot\bin;C:\VulkanSDK\1.3.224.1\Bin;C:\Program Files\Common Files\Oracle\Java\javapath;C:\Program Files (x86)\Common Files\Oracle\Java\javapath;C:\Windows\system32;C:\Windows;C:\Windows\System32\Wbem;C:\Windows\System32\WindowsPowerShell\v1.0\;C:\Windows\System32\OpenSSH\;C:\Program Files (x86)\NVIDIA Corporation\PhysX\Common;C:\Program Files\dotnet\;C:\Program Files\NVIDIA Corporation\NVIDIA NvDLISR;C:\Program Files\Git\cmd;C:\Program Files\CMake\bin;C:\ProgramData\chocolatey\bin;C:\mingw64\bin;C:\Users\bkmcm\.cargo\bin;C:\Gradle\bin;C:\Program Files\Filestar;C:\ProgramData\Filestar\aliases;C:\Maven\bin;C:\vcpkg;C:\Program Files (x86)\GnuWin32\bin;C:\Program Files (x86)\Windows Kits\10\Windows Performance Toolkit\;C:\Program Files\Microsoft SQL Server\150\Tools\Binn\;C:\Program Files\Microsoft SQL Server\Client SDK\ODBC\170\Tools\Binn\;C:\Program Files\WorldPainter;C:\Users\bkmcm\Documents\Hacking\Attackers;C:\Users\bkmcm\AppData\Local\Microsoft\WindowsApps;C:\Users\bkmcm\AppData\Local\Programs\Microsoft VS Code\bin;C:\Users\bkmcm\.dotnet\tools;C:\mingw64\bin;C:\Users\bkmcm\.cargo\bin;C:\Gradle\bin;C:\Maven\bin;C:\vcpkg;C:\Program Files (x86)\GnuWin32\bin;
USERNAME=bkmcm
OS=Windows_NT
PROCESSOR_IDENTIFIER=Intel64 Family 6 Model 151 Stepping 2, GenuineIntel
TMP=C:\Users\bkmcm\AppData\Local\Temp
TEMP=C:\Users\bkmcm\AppData\Local\Temp



---------------  S Y S T E M  ---------------

OS:
 Windows 11 , 64 bit Build 22621 (10.0.22621.2070)
OS uptime: 7 days 13:12 hours
Hyper-V role detected

CPU: total 24 (initial active 24) (12 cores per cpu, 2 threads per core) family 6 model 151 stepping 2 microcode 0x1e, cx8, cmov, fxsr, ht, mmx, 3dnowpref, sse, sse2, sse3, ssse3, sse4.1, sse4.2, popcnt, lzcnt, tsc, tscinvbit, avx, avx2, aes, erms, clmul, bmi1, bmi2, adx, sha, fma, vzeroupper, clflush, clflushopt, clwb, hv, serialize, rdtscp, rdpid, fsrm

Memory: 4k page, system-wide physical 130796M (85276M free)
TotalPageFile size 138988M (AvailPageFile size 89368M)
current process WorkingSet (physical memory assigned to process): 56M, peak: 56M
current process commit charge ("private bytes"): 2236M, peak: 2236M

vm_info: Java HotSpot(TM) 64-Bit Server VM (19.0.2+7-44) for windows-amd64 JRE (19.0.2+7-44), built on 2022-11-30T18:02:09Z by "mach5one" with MS VC++ 17.1 (VS2022)

END.
